This file contains any messages produced by compilers while
running configure, to aid debugging if configure makes a mistake.

It was created by nghttp2 configure 1.67.1, which was
generated by GNU Autoconf 2.71.  Invocation command line was

  $ ./configure --enable-static --disable-shared --enable-lib-only --with-boost=no ZLIB_CFLAGS=-I/home/lotus/PROJETOS/pcg729/buildroot/include ZLIB_LIBS=/home/lotus/PROJETOS/pcg729/buildroot/lib/libz.a OPENSSL_CFLAGS=-I/home/lotus/PROJETOS/pcg729/buildroot/include 'OPENSSL_LIBS=/home/lotus/PROJETOS/pcg729/buildroot/lib/libssl.a /home/lotus/PROJETOS/pcg729/buildroot/lib/libcrypto.a /home/lotus/PROJETOS/pcg729/buildroot/lib/libz.a' --with-libxml2=no --with-libev=no LIBCARES_CFLAGS=-I/home/lotus/PROJETOS/pcg729/buildroot/include LIBCARES_LIBS=/home/lotus/PROJETOS/pcg729/buildroot/lib/libcares.a --with-libngtcp2=no --with-libnghttp3=no --with-libbpf=no --with-libevent-openssl=no --with-jansson=no --with-jemalloc=no --with-systemd=no --with-cunit=no --prefix=

## --------- ##
## Platform. ##
## --------- ##

hostname = lotus-MS-7B89
uname -m = x86_64
uname -r = 6.14.0-36-generic
uname -s = Linux
uname -v = #36~24.04.1-Ubuntu SMP PREEMPT_DYNAMIC Wed Oct 15 15:45:17 UTC 2

/usr/bin/uname -p = x86_64
/bin/uname -X     = unknown

/bin/arch              = x86_64
/usr/bin/arch -k       = unknown
/usr/convex/getsysinfo = unknown
/usr/bin/hostinfo      = unknown
/bin/machine           = unknown
/usr/bin/oslevel       = unknown
/bin/universe          = unknown

PATH: /usr/local/musl/bin/
PATH: /usr/local/musl/x86_64-linux-musl/bin/
PATH: /home/lotus/PROJETOS/pcg729/buildroot/bin/
PATH: /usr/local/sbin/
PATH: /usr/local/bin/
PATH: /usr/sbin/
PATH: /usr/bin/
PATH: /sbin/
PATH: /bin/
PATH: /usr/games/
PATH: /usr/local/games/
PATH: /snap/bin/
PATH: /snap/bin/


## ----------- ##
## Core tests. ##
## ----------- ##

configure:3406: looking for aux files: missing install-sh config.guess config.sub ltmain.sh compile
configure:3419:  trying ././
configure:3448:   ././missing found
configure:3430:   ././install-sh found
configure:3448:   ././config.guess found
configure:3448:   ././config.sub found
configure:3448:   ././ltmain.sh found
configure:3448:   ././compile found
configure:3630: checking for gcc
configure:3662: result: x86_64-linux-musl-gcc
configure:4015: checking for C compiler version
configure:4024: x86_64-linux-musl-gcc --version >&5
x86_64-linux-musl-gcc (GCC) 13.2.0
Copyright (C) 2023 Free Software Foundation, Inc.
This is free software; see the source for copying conditions.  There is NO
warranty; not even for MERCHANTABILITY or FITNESS FOR A PARTICULAR PURPOSE.

configure:4035: $? = 0
configure:4024: x86_64-linux-musl-gcc -v >&5
Using built-in specs.
COLLECT_GCC=x86_64-linux-musl-gcc
COLLECT_LTO_WRAPPER=/usr/local/musl/bin/../libexec/gcc/x86_64-linux-musl/13.2.0/lto-wrapper
Target: x86_64-linux-musl
Configured with: ../src_gcc/configure --enable-languages=c,c++,fortran CC='gcc -static --static' CXX='g++ -static --static' CFLAGS='-g0 -Os -Wno-error' CXXFLAGS='-g0 -Os -Wno-error' LDFLAGS='-static --static' --enable-static-pie --disable-cet --enable-default-pie --disable-bootstrap --disable-assembly --disable-werror --target=x86_64-linux-musl --prefix= --libdir=/lib --disable-multilib --with-sysroot=/x86_64-linux-musl --enable-tls --disable-libmudflap --disable-libsanitizer --disable-gnu-indirect-function --disable-libmpx --enable-initfini-array --enable-libstdcxx-time=rt --enable-deterministic-archives --enable-libstdcxx-time --enable-libquadmath --enable-libquadmath-support --disable-decimal-float --with-build-sysroot=/root/spc-musl/musl-cross-make/build/local/x86_64-linux-musl/obj_sysroot AR_FOR_TARGET=/root/spc-musl/musl-cross-make/build/local/x86_64-linux-musl/obj_binutils/binutils/ar AS_FOR_TARGET=/root/spc-musl/musl-cross-make/build/local/x86_64-linux-musl/obj_binutils/gas/as-new LD_FOR_TARGET=/root/spc-musl/musl-cross-make/build/local/x86_64-linux-musl/obj_binutils/ld/ld-new NM_FOR_TARGET=/root/spc-musl/musl-cross-make/build/local/x86_64-linux-musl/obj_binutils/binutils/nm-new OBJCOPY_FOR_TARGET=/root/spc-musl/musl-cross-make/build/local/x86_64-linux-musl/obj_binutils/binutils/objcopy OBJDUMP_FOR_TARGET=/root/spc-musl/musl-cross-make/build/local/x86_64-linux-musl/obj_binutils/binutils/objdump RANLIB_FOR_TARGET=/root/spc-musl/musl-cross-make/build/local/x86_64-linux-musl/obj_binutils/binutils/ranlib READELF_FOR_TARGET=/root/spc-musl/musl-cross-make/build/local/x86_64-linux-musl/obj_binutils/binutils/readelf STRIP_FOR_TARGET=/root/spc-musl/musl-cross-make/build/local/x86_64-linux-musl/obj_binutils/binutils/strip-new --build=x86_64-pc-linux-muslxx --host=x86_64-pc-linux-muslxx
Thread model: posix
Supported LTO compression algorithms: zlib
gcc version 13.2.0 (GCC) 
configure:4035: $? = 0
configure:4024: x86_64-linux-musl-gcc -V >&5
x86_64-linux-musl-gcc: error: unrecognized command-line option '-V'
x86_64-linux-musl-gcc: fatal error: no input files
compilation terminated.
configure:4035: $? = 1
configure:4024: x86_64-linux-musl-gcc -qversion >&5
x86_64-linux-musl-gcc: error: unrecognized command-line option '-qversion'; did you mean '--version'?
x86_64-linux-musl-gcc: fatal error: no input files
compilation terminated.
configure:4035: $? = 1
configure:4024: x86_64-linux-musl-gcc -version >&5
x86_64-linux-musl-gcc: error: unrecognized command-line option '-version'
x86_64-linux-musl-gcc: fatal error: no input files
compilation terminated.
configure:4035: $? = 1
configure:4055: checking whether the C compiler works
configure:4077: x86_64-linux-musl-gcc -fPIC   conftest.c  >&5
configure:4081: $? = 0
configure:4131: result: yes
configure:4134: checking for C compiler default output file name
configure:4136: result: a.out
configure:4142: checking for suffix of executables
configure:4149: x86_64-linux-musl-gcc -o conftest -fPIC   conftest.c  >&5
configure:4153: $? = 0
configure:4176: result: 
configure:4198: checking whether we are cross compiling
configure:4206: x86_64-linux-musl-gcc -o conftest -fPIC   conftest.c  >&5
configure:4210: $? = 0
configure:4217: ./conftest
configure:4221: $? = 0
configure:4236: result: no
configure:4241: checking for suffix of object files
configure:4264: x86_64-linux-musl-gcc -c -fPIC  conftest.c >&5
configure:4268: $? = 0
configure:4290: result: o
configure:4294: checking whether the compiler supports GNU C
configure:4314: x86_64-linux-musl-gcc -c -fPIC  conftest.c >&5
configure:4314: $? = 0
configure:4324: result: yes
configure:4335: checking whether x86_64-linux-musl-gcc accepts -g
configure:4356: x86_64-linux-musl-gcc -c -g  conftest.c >&5
configure:4356: $? = 0
configure:4400: result: yes
configure:4420: checking for x86_64-linux-musl-gcc option to enable C11 features
configure:4435: x86_64-linux-musl-gcc  -c -fPIC  conftest.c >&5
configure:4435: $? = 0
configure:4453: result: none needed
configure:4569: checking whether x86_64-linux-musl-gcc understands -c and -o together
configure:4592: x86_64-linux-musl-gcc -c conftest.c -o conftest2.o
configure:4595: $? = 0
configure:4592: x86_64-linux-musl-gcc -c conftest.c -o conftest2.o
configure:4595: $? = 0
configure:4607: result: yes
configure:4629: checking for stdio.h
configure:4629: x86_64-linux-musl-gcc -c -fPIC  conftest.c >&5
configure:4629: $? = 0
configure:4629: result: yes
configure:4629: checking for stdlib.h
configure:4629: x86_64-linux-musl-gcc -c -fPIC  conftest.c >&5
configure:4629: $? = 0
configure:4629: result: yes
configure:4629: checking for string.h
configure:4629: x86_64-linux-musl-gcc -c -fPIC  conftest.c >&5
configure:4629: $? = 0
configure:4629: result: yes
configure:4629: checking for inttypes.h
configure:4629: x86_64-linux-musl-gcc -c -fPIC  conftest.c >&5
configure:4629: $? = 0
configure:4629: result: yes
configure:4629: checking for stdint.h
configure:4629: x86_64-linux-musl-gcc -c -fPIC  conftest.c >&5
configure:4629: $? = 0
configure:4629: result: yes
configure:4629: checking for strings.h
configure:4629: x86_64-linux-musl-gcc -c -fPIC  conftest.c >&5
configure:4629: $? = 0
configure:4629: result: yes
configure:4629: checking for sys/stat.h
configure:4629: x86_64-linux-musl-gcc -c -fPIC  conftest.c >&5
configure:4629: $? = 0
configure:4629: result: yes
configure:4629: checking for sys/types.h
configure:4629: x86_64-linux-musl-gcc -c -fPIC  conftest.c >&5
configure:4629: $? = 0
configure:4629: result: yes
configure:4629: checking for unistd.h
configure:4629: x86_64-linux-musl-gcc -c -fPIC  conftest.c >&5
configure:4629: $? = 0
configure:4629: result: yes
configure:4629: checking for wchar.h
configure:4629: x86_64-linux-musl-gcc -c -fPIC  conftest.c >&5
configure:4629: $? = 0
configure:4629: result: yes
configure:4629: checking for minix/config.h
configure:4629: x86_64-linux-musl-gcc -c -fPIC  conftest.c >&5
conftest.c:47:10: fatal error: minix/config.h: No such file or directory
   47 | #include <minix/config.h>
      |          ^~~~~~~~~~~~~~~~
compilation terminated.
configure:4629: $? = 1
configure: failed program was:
| /* confdefs.h */
| #define PACKAGE_NAME "nghttp2"
| #define PACKAGE_TARNAME "nghttp2"
| #define PACKAGE_VERSION "1.67.1"
| #define PACKAGE_STRING "nghttp2 1.67.1"
| #define PACKAGE_BUGREPORT "t-tujikawa@users.sourceforge.net"
| #define PACKAGE_URL ""
| #define HAVE_STDIO_H 1
| #define HAVE_STDLIB_H 1
| #define HAVE_STRING_H 1
| #define HAVE_INTTYPES_H 1
| #define HAVE_STDINT_H 1
| #define HAVE_STRINGS_H 1
| #define HAVE_SYS_STAT_H 1
| #define HAVE_SYS_TYPES_H 1
| #define HAVE_UNISTD_H 1
| #define HAVE_WCHAR_H 1
| /* end confdefs.h.  */
| #include <stddef.h>
| #ifdef HAVE_STDIO_H
| # include <stdio.h>
| #endif
| #ifdef HAVE_STDLIB_H
| # include <stdlib.h>
| #endif
| #ifdef HAVE_STRING_H
| # include <string.h>
| #endif
| #ifdef HAVE_INTTYPES_H
| # include <inttypes.h>
| #endif
| #ifdef HAVE_STDINT_H
| # include <stdint.h>
| #endif
| #ifdef HAVE_STRINGS_H
| # include <strings.h>
| #endif
| #ifdef HAVE_SYS_TYPES_H
| # include <sys/types.h>
| #endif
| #ifdef HAVE_SYS_STAT_H
| # include <sys/stat.h>
| #endif
| #ifdef HAVE_UNISTD_H
| # include <unistd.h>
| #endif
| #include <minix/config.h>
configure:4629: result: no
configure:4629: checking for vfork.h
configure:4629: x86_64-linux-musl-gcc -c -fPIC  conftest.c >&5
conftest.c:47:10: fatal error: vfork.h: No such file or directory
   47 | #include <vfork.h>
      |          ^~~~~~~~~
compilation terminated.
configure:4629: $? = 1
configure: failed program was:
| /* confdefs.h */
| #define PACKAGE_NAME "nghttp2"
| #define PACKAGE_TARNAME "nghttp2"
| #define PACKAGE_VERSION "1.67.1"
| #define PACKAGE_STRING "nghttp2 1.67.1"
| #define PACKAGE_BUGREPORT "t-tujikawa@users.sourceforge.net"
| #define PACKAGE_URL ""
| #define HAVE_STDIO_H 1
| #define HAVE_STDLIB_H 1
| #define HAVE_STRING_H 1
| #define HAVE_INTTYPES_H 1
| #define HAVE_STDINT_H 1
| #define HAVE_STRINGS_H 1
| #define HAVE_SYS_STAT_H 1
| #define HAVE_SYS_TYPES_H 1
| #define HAVE_UNISTD_H 1
| #define HAVE_WCHAR_H 1
| /* end confdefs.h.  */
| #include <stddef.h>
| #ifdef HAVE_STDIO_H
| # include <stdio.h>
| #endif
| #ifdef HAVE_STDLIB_H
| # include <stdlib.h>
| #endif
| #ifdef HAVE_STRING_H
| # include <string.h>
| #endif
| #ifdef HAVE_INTTYPES_H
| # include <inttypes.h>
| #endif
| #ifdef HAVE_STDINT_H
| # include <stdint.h>
| #endif
| #ifdef HAVE_STRINGS_H
| # include <strings.h>
| #endif
| #ifdef HAVE_SYS_TYPES_H
| # include <sys/types.h>
| #endif
| #ifdef HAVE_SYS_STAT_H
| # include <sys/stat.h>
| #endif
| #ifdef HAVE_UNISTD_H
| # include <unistd.h>
| #endif
| #include <vfork.h>
configure:4629: result: no
configure:4660: checking whether it is safe to define __EXTENSIONS__
configure:4679: x86_64-linux-musl-gcc -c -fPIC  conftest.c >&5
configure:4679: $? = 0
configure:4687: result: yes
configure:4690: checking whether _XOPEN_SOURCE should be defined
configure:4712: x86_64-linux-musl-gcc -c -fPIC  conftest.c >&5
configure:4712: $? = 0
configure:4739: result: no
configure:4829: checking build system type
configure:4844: result: x86_64-pc-linux-musl
configure:4864: checking host system type
configure:4878: result: x86_64-pc-linux-musl
configure:4919: checking how to print strings
configure:4946: result: printf
configure:4967: checking for a sed that does not truncate output
configure:5037: result: /usr/bin/sed
configure:5055: checking for grep that handles long lines and -e
configure:5119: result: /usr/bin/grep
configure:5124: checking for egrep
configure:5192: result: /usr/bin/grep -E
configure:5197: checking for fgrep
configure:5265: result: /usr/bin/grep -F
configure:5301: checking for ld used by x86_64-linux-musl-gcc
configure:5369: result: ld.gold
configure:5376: checking if the linker (ld.gold) is GNU ld
configure:5392: result: yes
configure:5404: checking for BSD- or MS-compatible name lister (nm)
configure:5459: result: /usr/local/musl/x86_64-linux-musl/bin/nm -B
configure:5599: checking the name lister (/usr/local/musl/x86_64-linux-musl/bin/nm -B) interface
configure:5607: x86_64-linux-musl-gcc -c -fPIC  conftest.c >&5
configure:5610: /usr/local/musl/x86_64-linux-musl/bin/nm -B "conftest.o"
configure:5613: output
0000000000000000 B some_variable
configure:5620: result: BSD nm
configure:5623: checking whether ln -s works
configure:5627: result: yes
configure:5635: checking the maximum length of command line arguments
configure:5767: result: 1572864
configure:5815: checking how to convert x86_64-pc-linux-musl file names to x86_64-pc-linux-musl format
configure:5856: result: func_convert_file_noop
configure:5863: checking how to convert x86_64-pc-linux-musl file names to toolchain format
configure:5884: result: func_convert_file_noop
configure:5891: checking for ld.gold option to reload object files
configure:5899: result: -r
configure:5978: checking for file
configure:5999: found /usr/bin/file
configure:6010: result: file
configure:6086: checking for objdump
configure:6107: found /usr/local/musl/x86_64-linux-musl/bin/objdump
configure:6118: result: objdump
configure:6150: checking how to recognize dependent libraries
configure:6351: result: pass_all
configure:6441: checking for dlltool
configure:6476: result: no
configure:6506: checking how to associate runtime and link libraries
configure:6534: result: printf %s\n
configure:6684: checking for archiver @FILE support
configure:6702: x86_64-linux-musl-gcc -c -fPIC  conftest.c >&5
configure:6702: $? = 0
configure:6706: x86_64-linux-musl-ar cr libconftest.a @conftest.lst >&5
configure:6709: $? = 0
configure:6714: x86_64-linux-musl-ar cr libconftest.a @conftest.lst >&5
x86_64-linux-musl-ar: conftest.o: No such file or directory
configure:6717: $? = 1
configure:6729: result: @
configure:6792: checking for strip
configure:6813: found /usr/local/musl/x86_64-linux-musl/bin/strip
configure:6824: result: strip
configure:6901: checking for ranlib
configure:6922: found /usr/local/musl/x86_64-linux-musl/bin/ranlib
configure:6933: result: ranlib
configure:7010: checking for gawk
configure:7045: result: no
configure:7010: checking for mawk
configure:7031: found /usr/bin/mawk
configure:7042: result: mawk
configure:7082: checking command to parse /usr/local/musl/x86_64-linux-musl/bin/nm -B output from x86_64-linux-musl-gcc object
configure:7236: x86_64-linux-musl-gcc -c -fPIC  conftest.c >&5
configure:7239: $? = 0
configure:7243: /usr/local/musl/x86_64-linux-musl/bin/nm -B conftest.o | /usr/bin/sed -n -e 's/^.*[	 ]\([ABCDGIRSTW][ABCDGIRSTW]*\)[	 ][	 ]*\([_A-Za-z][_A-Za-z0-9]*\)$/\1 \2 \2/p' | /usr/bin/sed '/ __gnu_lto/d' > conftest.nm
configure:7309: x86_64-linux-musl-gcc -o conftest -fPIC   conftest.c conftstm.o >&5
configure:7312: $? = 0
configure:7350: result: ok
configure:7397: checking for sysroot
configure:7428: result: no
configure:7435: checking for a working dd
configure:7479: result: /usr/bin/dd
configure:7483: checking how to truncate binary pipes
configure:7499: result: /usr/bin/dd bs=4096 count=1
configure:7636: x86_64-linux-musl-gcc -c -fPIC  conftest.c >&5
configure:7639: $? = 0
configure:7836: checking for mt
configure:7857: found /usr/bin/mt
configure:7868: result: mt
configure:7891: checking if mt is a manifest tool
configure:7898: mt '-?'
configure:7906: result: no
configure:8627: checking for dlfcn.h
configure:8627: x86_64-linux-musl-gcc -c -fPIC  conftest.c >&5
configure:8627: $? = 0
configure:8627: result: yes
configure:8886: checking for objdir
configure:8902: result: .libs
configure:9166: checking if x86_64-linux-musl-gcc supports -fno-rtti -fno-exceptions
configure:9185: x86_64-linux-musl-gcc -c -fPIC  -fno-rtti -fno-exceptions conftest.c >&5
cc1: warning: command-line option '-fno-rtti' is valid for C++/D/ObjC++ but not for C
configure:9189: $? = 0
configure:9202: result: no
configure:9566: checking for x86_64-linux-musl-gcc option to produce PIC
configure:9574: result: -fPIC -DPIC
configure:9582: checking if x86_64-linux-musl-gcc PIC flag -fPIC -DPIC works
configure:9601: x86_64-linux-musl-gcc -c -fPIC  -fPIC -DPIC -DPIC conftest.c >&5
configure:9605: $? = 0
configure:9618: result: yes
configure:9647: checking if x86_64-linux-musl-gcc static flag -static works
configure:9676: result: yes
configure:9691: checking if x86_64-linux-musl-gcc supports -c -o file.o
configure:9713: x86_64-linux-musl-gcc -c -fPIC  -o out/conftest2.o conftest.c >&5
configure:9717: $? = 0
configure:9739: result: yes
configure:9747: checking if x86_64-linux-musl-gcc supports -c -o file.o
configure:9795: result: yes
configure:9828: checking whether the x86_64-linux-musl-gcc linker (ld.gold -m elf_x86_64) supports shared libraries
configure:11102: result: yes
configure:11343: checking dynamic linker characteristics
configure:11925: x86_64-linux-musl-gcc -o conftest -fPIC   -Wl,-rpath -Wl,/foo conftest.c  >&5
configure:11925: $? = 0
configure:12176: result: GNU/Linux ld.so
configure:12298: checking how to hardcode library paths into programs
configure:12323: result: immediate
configure:12875: checking whether stripping libraries is possible
configure:12884: result: yes
configure:12926: checking if libtool supports shared libraries
configure:12928: result: yes
configure:12931: checking whether to build shared libraries
configure:12956: result: no
configure:12959: checking whether to build static libraries
configure:12963: result: yes
configure:13003: checking target system type
configure:13017: result: x86_64-pc-linux-musl
configure:13061: checking for a BSD-compatible install
configure:13134: result: /usr/bin/install -c
configure:13145: checking whether build environment is sane
configure:13200: result: yes
configure:13355: checking for a race-free mkdir -p
configure:13399: result: /usr/bin/mkdir -p
configure:13402: checking whether make sets $(MAKE)
configure:13425: result: yes
configure:13447: checking whether make supports the include directive
configure:13462: make -f confmf.GNU && cat confinc.out
this is the am__doit target
configure:13465: $? = 0
configure:13484: result: yes (GNU style)
configure:13519: checking whether make supports nested variables
configure:13537: result: yes
configure:13612: checking how to create a pax tar archive
configure:13623: tar --version
tar (GNU tar) 1.35
Copyright (C) 2023 Free Software Foundation, Inc.
License GPLv3+: GNU GPL version 3 or later <https://gnu.org/licenses/gpl.html>.
This is free software: you are free to change and redistribute it.
There is NO WARRANTY, to the extent permitted by law.

Written by John Gilmore and Jay Fenlason.
configure:13626: $? = 0
configure:13666: tardir=conftest.dir && eval tar --format=posix -chf - "$tardir" >conftest.tar
configure:13669: $? = 0
configure:13673: tar -xf - <conftest.tar
configure:13676: $? = 0
configure:13678: cat conftest.dir/file
GrepMe
configure:13681: $? = 0
configure:13695: result: gnutar
configure:13704: checking dependency style of x86_64-linux-musl-gcc
configure:13816: result: gcc3
configure:13901: checking whether make supports nested variables
configure:13919: result: yes
configure:14260: checking for gcc
configure:14292: result: x86_64-linux-musl-gcc
configure:14645: checking for C compiler version
configure:14654: x86_64-linux-musl-gcc --version >&5
x86_64-linux-musl-gcc (GCC) 13.2.0
Copyright (C) 2023 Free Software Foundation, Inc.
This is free software; see the source for copying conditions.  There is NO
warranty; not even for MERCHANTABILITY or FITNESS FOR A PARTICULAR PURPOSE.

configure:14665: $? = 0
configure:14654: x86_64-linux-musl-gcc -v >&5
Using built-in specs.
COLLECT_GCC=x86_64-linux-musl-gcc
COLLECT_LTO_WRAPPER=/usr/local/musl/bin/../libexec/gcc/x86_64-linux-musl/13.2.0/lto-wrapper
Target: x86_64-linux-musl
Configured with: ../src_gcc/configure --enable-languages=c,c++,fortran CC='gcc -static --static' CXX='g++ -static --static' CFLAGS='-g0 -Os -Wno-error' CXXFLAGS='-g0 -Os -Wno-error' LDFLAGS='-static --static' --enable-static-pie --disable-cet --enable-default-pie --disable-bootstrap --disable-assembly --disable-werror --target=x86_64-linux-musl --prefix= --libdir=/lib --disable-multilib --with-sysroot=/x86_64-linux-musl --enable-tls --disable-libmudflap --disable-libsanitizer --disable-gnu-indirect-function --disable-libmpx --enable-initfini-array --enable-libstdcxx-time=rt --enable-deterministic-archives --enable-libstdcxx-time --enable-libquadmath --enable-libquadmath-support --disable-decimal-float --with-build-sysroot=/root/spc-musl/musl-cross-make/build/local/x86_64-linux-musl/obj_sysroot AR_FOR_TARGET=/root/spc-musl/musl-cross-make/build/local/x86_64-linux-musl/obj_binutils/binutils/ar AS_FOR_TARGET=/root/spc-musl/musl-cross-make/build/local/x86_64-linux-musl/obj_binutils/gas/as-new LD_FOR_TARGET=/root/spc-musl/musl-cross-make/build/local/x86_64-linux-musl/obj_binutils/ld/ld-new NM_FOR_TARGET=/root/spc-musl/musl-cross-make/build/local/x86_64-linux-musl/obj_binutils/binutils/nm-new OBJCOPY_FOR_TARGET=/root/spc-musl/musl-cross-make/build/local/x86_64-linux-musl/obj_binutils/binutils/objcopy OBJDUMP_FOR_TARGET=/root/spc-musl/musl-cross-make/build/local/x86_64-linux-musl/obj_binutils/binutils/objdump RANLIB_FOR_TARGET=/root/spc-musl/musl-cross-make/build/local/x86_64-linux-musl/obj_binutils/binutils/ranlib READELF_FOR_TARGET=/root/spc-musl/musl-cross-make/build/local/x86_64-linux-musl/obj_binutils/binutils/readelf STRIP_FOR_TARGET=/root/spc-musl/musl-cross-make/build/local/x86_64-linux-musl/obj_binutils/binutils/strip-new --build=x86_64-pc-linux-muslxx --host=x86_64-pc-linux-muslxx
Thread model: posix
Supported LTO compression algorithms: zlib
gcc version 13.2.0 (GCC) 
configure:14665: $? = 0
configure:14654: x86_64-linux-musl-gcc -V >&5
x86_64-linux-musl-gcc: error: unrecognized command-line option '-V'
x86_64-linux-musl-gcc: fatal error: no input files
compilation terminated.
configure:14665: $? = 1
configure:14654: x86_64-linux-musl-gcc -qversion >&5
x86_64-linux-musl-gcc: error: unrecognized command-line option '-qversion'; did you mean '--version'?
x86_64-linux-musl-gcc: fatal error: no input files
compilation terminated.
configure:14665: $? = 1
configure:14654: x86_64-linux-musl-gcc -version >&5
x86_64-linux-musl-gcc: error: unrecognized command-line option '-version'
x86_64-linux-musl-gcc: fatal error: no input files
compilation terminated.
configure:14665: $? = 1
configure:14669: checking whether the compiler supports GNU C
configure:14699: result: yes
configure:14710: checking whether x86_64-linux-musl-gcc accepts -g
configure:14775: result: yes
configure:14795: checking for x86_64-linux-musl-gcc option to enable C11 features
configure:14828: result: none needed
configure:14944: checking whether x86_64-linux-musl-gcc understands -c and -o together
configure:14982: result: yes
configure:15127: checking for C++ compiler version
configure:15136: x86_64-linux-musl-g++ --version >&5
x86_64-linux-musl-g++ (GCC) 13.2.0
Copyright (C) 2023 Free Software Foundation, Inc.
This is free software; see the source for copying conditions.  There is NO
warranty; not even for MERCHANTABILITY or FITNESS FOR A PARTICULAR PURPOSE.

configure:15147: $? = 0
configure:15136: x86_64-linux-musl-g++ -v >&5
Using built-in specs.
COLLECT_GCC=x86_64-linux-musl-g++
COLLECT_LTO_WRAPPER=/usr/local/musl/bin/../libexec/gcc/x86_64-linux-musl/13.2.0/lto-wrapper
Target: x86_64-linux-musl
Configured with: ../src_gcc/configure --enable-languages=c,c++,fortran CC='gcc -static --static' CXX='g++ -static --static' CFLAGS='-g0 -Os -Wno-error' CXXFLAGS='-g0 -Os -Wno-error' LDFLAGS='-static --static' --enable-static-pie --disable-cet --enable-default-pie --disable-bootstrap --disable-assembly --disable-werror --target=x86_64-linux-musl --prefix= --libdir=/lib --disable-multilib --with-sysroot=/x86_64-linux-musl --enable-tls --disable-libmudflap --disable-libsanitizer --disable-gnu-indirect-function --disable-libmpx --enable-initfini-array --enable-libstdcxx-time=rt --enable-deterministic-archives --enable-libstdcxx-time --enable-libquadmath --enable-libquadmath-support --disable-decimal-float --with-build-sysroot=/root/spc-musl/musl-cross-make/build/local/x86_64-linux-musl/obj_sysroot AR_FOR_TARGET=/root/spc-musl/musl-cross-make/build/local/x86_64-linux-musl/obj_binutils/binutils/ar AS_FOR_TARGET=/root/spc-musl/musl-cross-make/build/local/x86_64-linux-musl/obj_binutils/gas/as-new LD_FOR_TARGET=/root/spc-musl/musl-cross-make/build/local/x86_64-linux-musl/obj_binutils/ld/ld-new NM_FOR_TARGET=/root/spc-musl/musl-cross-make/build/local/x86_64-linux-musl/obj_binutils/binutils/nm-new OBJCOPY_FOR_TARGET=/root/spc-musl/musl-cross-make/build/local/x86_64-linux-musl/obj_binutils/binutils/objcopy OBJDUMP_FOR_TARGET=/root/spc-musl/musl-cross-make/build/local/x86_64-linux-musl/obj_binutils/binutils/objdump RANLIB_FOR_TARGET=/root/spc-musl/musl-cross-make/build/local/x86_64-linux-musl/obj_binutils/binutils/ranlib READELF_FOR_TARGET=/root/spc-musl/musl-cross-make/build/local/x86_64-linux-musl/obj_binutils/binutils/readelf STRIP_FOR_TARGET=/root/spc-musl/musl-cross-make/build/local/x86_64-linux-musl/obj_binutils/binutils/strip-new --build=x86_64-pc-linux-muslxx --host=x86_64-pc-linux-muslxx
Thread model: posix
Supported LTO compression algorithms: zlib
gcc version 13.2.0 (GCC) 
configure:15147: $? = 0
configure:15136: x86_64-linux-musl-g++ -V >&5
x86_64-linux-musl-g++: error: unrecognized command-line option '-V'
x86_64-linux-musl-g++: fatal error: no input files
compilation terminated.
configure:15147: $? = 1
configure:15136: x86_64-linux-musl-g++ -qversion >&5
x86_64-linux-musl-g++: error: unrecognized command-line option '-qversion'; did you mean '--version'?
x86_64-linux-musl-g++: fatal error: no input files
compilation terminated.
configure:15147: $? = 1
configure:15151: checking whether the compiler supports GNU C++
configure:15171: x86_64-linux-musl-g++ -c   conftest.cpp >&5
configure:15171: $? = 0
configure:15181: result: yes
configure:15192: checking whether x86_64-linux-musl-g++ accepts -g
configure:15213: x86_64-linux-musl-g++ -c -g  conftest.cpp >&5
configure:15213: $? = 0
configure:15257: result: yes
configure:15277: checking for x86_64-linux-musl-g++ option to enable C++11 features
configure:15292: x86_64-linux-musl-g++  -c -g -O2  conftest.cpp >&5
conftest.cpp: In function 'int main(int, char**)':
conftest.cpp:206:25: warning: empty parentheses were disambiguated as a function declaration [-Wvexing-parse]
  206 |   cxx11test::delegate d2();
      |                         ^~
conftest.cpp:206:25: note: remove parentheses to default-initialize a variable
  206 |   cxx11test::delegate d2();
      |                         ^~
      |                         --
conftest.cpp:206:25: note: or replace parentheses with braces to value-initialize a variable
configure:15292: $? = 0
configure:15310: result: none needed
configure:15392: checking how to run the C++ preprocessor
configure:15414: x86_64-linux-musl-g++ -E  conftest.cpp
configure:15414: $? = 0
configure:15429: x86_64-linux-musl-g++ -E  conftest.cpp
conftest.cpp:40:10: fatal error: ac_nonexistent.h: No such file or directory
   40 | #include <ac_nonexistent.h>
      |          ^~~~~~~~~~~~~~~~~~
compilation terminated.
configure:15429: $? = 1
configure: failed program was:
| /* confdefs.h */
| #define PACKAGE_NAME "nghttp2"
| #define PACKAGE_TARNAME "nghttp2"
| #define PACKAGE_VERSION "1.67.1"
| #define PACKAGE_STRING "nghttp2 1.67.1"
| #define PACKAGE_BUGREPORT "t-tujikawa@users.sourceforge.net"
| #define PACKAGE_URL ""
| #define HAVE_STDIO_H 1
| #define HAVE_STDLIB_H 1
| #define HAVE_STRING_H 1
| #define HAVE_INTTYPES_H 1
| #define HAVE_STDINT_H 1
| #define HAVE_STRINGS_H 1
| #define HAVE_SYS_STAT_H 1
| #define HAVE_SYS_TYPES_H 1
| #define HAVE_UNISTD_H 1
| #define HAVE_WCHAR_H 1
| #define STDC_HEADERS 1
| #define _ALL_SOURCE 1
| #define _DARWIN_C_SOURCE 1
| #define _GNU_SOURCE 1
| #define _HPUX_ALT_XOPEN_SOCKET_API 1
| #define _NETBSD_SOURCE 1
| #define _OPENBSD_SOURCE 1
| #define _POSIX_PTHREAD_SEMANTICS 1
| #define __STDC_WANT_IEC_60559_ATTRIBS_EXT__ 1
| #define __STDC_WANT_IEC_60559_BFP_EXT__ 1
| #define __STDC_WANT_IEC_60559_DFP_EXT__ 1
| #define __STDC_WANT_IEC_60559_FUNCS_EXT__ 1
| #define __STDC_WANT_IEC_60559_TYPES_EXT__ 1
| #define __STDC_WANT_LIB_EXT2__ 1
| #define __STDC_WANT_MATH_SPEC_FUNCS__ 1
| #define _TANDEM_SOURCE 1
| #define __EXTENSIONS__ 1
| #define HAVE_DLFCN_H 1
| #define LT_OBJDIR ".libs/"
| #define PACKAGE "nghttp2"
| #define VERSION "1.67.1"
| /* end confdefs.h.  */
| #include <ac_nonexistent.h>
configure:15456: result: x86_64-linux-musl-g++ -E
configure:15470: x86_64-linux-musl-g++ -E  conftest.cpp
configure:15470: $? = 0
configure:15485: x86_64-linux-musl-g++ -E  conftest.cpp
conftest.cpp:40:10: fatal error: ac_nonexistent.h: No such file or directory
   40 | #include <ac_nonexistent.h>
      |          ^~~~~~~~~~~~~~~~~~
compilation terminated.
configure:15485: $? = 1
configure: failed program was:
| /* confdefs.h */
| #define PACKAGE_NAME "nghttp2"
| #define PACKAGE_TARNAME "nghttp2"
| #define PACKAGE_VERSION "1.67.1"
| #define PACKAGE_STRING "nghttp2 1.67.1"
| #define PACKAGE_BUGREPORT "t-tujikawa@users.sourceforge.net"
| #define PACKAGE_URL ""
| #define HAVE_STDIO_H 1
| #define HAVE_STDLIB_H 1
| #define HAVE_STRING_H 1
| #define HAVE_INTTYPES_H 1
| #define HAVE_STDINT_H 1
| #define HAVE_STRINGS_H 1
| #define HAVE_SYS_STAT_H 1
| #define HAVE_SYS_TYPES_H 1
| #define HAVE_UNISTD_H 1
| #define HAVE_WCHAR_H 1
| #define STDC_HEADERS 1
| #define _ALL_SOURCE 1
| #define _DARWIN_C_SOURCE 1
| #define _GNU_SOURCE 1
| #define _HPUX_ALT_XOPEN_SOCKET_API 1
| #define _NETBSD_SOURCE 1
| #define _OPENBSD_SOURCE 1
| #define _POSIX_PTHREAD_SEMANTICS 1
| #define __STDC_WANT_IEC_60559_ATTRIBS_EXT__ 1
| #define __STDC_WANT_IEC_60559_BFP_EXT__ 1
| #define __STDC_WANT_IEC_60559_DFP_EXT__ 1
| #define __STDC_WANT_IEC_60559_FUNCS_EXT__ 1
| #define __STDC_WANT_IEC_60559_TYPES_EXT__ 1
| #define __STDC_WANT_LIB_EXT2__ 1
| #define __STDC_WANT_MATH_SPEC_FUNCS__ 1
| #define _TANDEM_SOURCE 1
| #define __EXTENSIONS__ 1
| #define HAVE_DLFCN_H 1
| #define LT_OBJDIR ".libs/"
| #define PACKAGE "nghttp2"
| #define VERSION "1.67.1"
| /* end confdefs.h.  */
| #include <ac_nonexistent.h>
configure:15650: checking for ld used by x86_64-linux-musl-g++
configure:15718: result: ld.gold -m elf_x86_64
configure:15725: checking if the linker (ld.gold -m elf_x86_64) is GNU ld
configure:15741: result: yes
configure:15796: checking whether the x86_64-linux-musl-g++ linker (ld.gold -m elf_x86_64) supports shared libraries
configure:16874: result: yes
configure:16910: x86_64-linux-musl-g++ -c -g -O2  conftest.cpp >&5
configure:16913: $? = 0
configure:17394: checking for x86_64-linux-musl-g++ option to produce PIC
configure:17402: result: -fPIC -DPIC
configure:17410: checking if x86_64-linux-musl-g++ PIC flag -fPIC -DPIC works
configure:17429: x86_64-linux-musl-g++ -c -g -O2  -fPIC -DPIC -DPIC conftest.cpp >&5
configure:17433: $? = 0
configure:17446: result: yes
configure:17469: checking if x86_64-linux-musl-g++ static flag -static works
configure:17498: result: yes
configure:17510: checking if x86_64-linux-musl-g++ supports -c -o file.o
configure:17532: x86_64-linux-musl-g++ -c -g -O2  -o out/conftest2.o conftest.cpp >&5
configure:17536: $? = 0
configure:17558: result: yes
configure:17563: checking if x86_64-linux-musl-g++ supports -c -o file.o
configure:17611: result: yes
configure:17641: checking whether the x86_64-linux-musl-g++ linker (ld.gold -m elf_x86_64) supports shared libraries
configure:17684: result: yes
configure:17826: checking dynamic linker characteristics
configure:18586: result: GNU/Linux ld.so
configure:18651: checking how to hardcode library paths into programs
configure:18676: result: immediate
configure:18718: checking dependency style of x86_64-linux-musl-g++
configure:18830: result: gcc3
configure:18850: checking how to run the C preprocessor
configure:18876: x86_64-linux-musl-gcc -E  conftest.c
configure:18876: $? = 0
configure:18891: x86_64-linux-musl-gcc -E  conftest.c
conftest.c:40:10: fatal error: ac_nonexistent.h: No such file or directory
   40 | #include <ac_nonexistent.h>
      |          ^~~~~~~~~~~~~~~~~~
compilation terminated.
configure:18891: $? = 1
configure: failed program was:
| /* confdefs.h */
| #define PACKAGE_NAME "nghttp2"
| #define PACKAGE_TARNAME "nghttp2"
| #define PACKAGE_VERSION "1.67.1"
| #define PACKAGE_STRING "nghttp2 1.67.1"
| #define PACKAGE_BUGREPORT "t-tujikawa@users.sourceforge.net"
| #define PACKAGE_URL ""
| #define HAVE_STDIO_H 1
| #define HAVE_STDLIB_H 1
| #define HAVE_STRING_H 1
| #define HAVE_INTTYPES_H 1
| #define HAVE_STDINT_H 1
| #define HAVE_STRINGS_H 1
| #define HAVE_SYS_STAT_H 1
| #define HAVE_SYS_TYPES_H 1
| #define HAVE_UNISTD_H 1
| #define HAVE_WCHAR_H 1
| #define STDC_HEADERS 1
| #define _ALL_SOURCE 1
| #define _DARWIN_C_SOURCE 1
| #define _GNU_SOURCE 1
| #define _HPUX_ALT_XOPEN_SOCKET_API 1
| #define _NETBSD_SOURCE 1
| #define _OPENBSD_SOURCE 1
| #define _POSIX_PTHREAD_SEMANTICS 1
| #define __STDC_WANT_IEC_60559_ATTRIBS_EXT__ 1
| #define __STDC_WANT_IEC_60559_BFP_EXT__ 1
| #define __STDC_WANT_IEC_60559_DFP_EXT__ 1
| #define __STDC_WANT_IEC_60559_FUNCS_EXT__ 1
| #define __STDC_WANT_IEC_60559_TYPES_EXT__ 1
| #define __STDC_WANT_LIB_EXT2__ 1
| #define __STDC_WANT_MATH_SPEC_FUNCS__ 1
| #define _TANDEM_SOURCE 1
| #define __EXTENSIONS__ 1
| #define HAVE_DLFCN_H 1
| #define LT_OBJDIR ".libs/"
| #define PACKAGE "nghttp2"
| #define VERSION "1.67.1"
| /* end confdefs.h.  */
| #include <ac_nonexistent.h>
configure:18918: result: x86_64-linux-musl-gcc -E
configure:18932: x86_64-linux-musl-gcc -E  conftest.c
configure:18932: $? = 0
configure:18947: x86_64-linux-musl-gcc -E  conftest.c
conftest.c:40:10: fatal error: ac_nonexistent.h: No such file or directory
   40 | #include <ac_nonexistent.h>
      |          ^~~~~~~~~~~~~~~~~~
compilation terminated.
configure:18947: $? = 1
configure: failed program was:
| /* confdefs.h */
| #define PACKAGE_NAME "nghttp2"
| #define PACKAGE_TARNAME "nghttp2"
| #define PACKAGE_VERSION "1.67.1"
| #define PACKAGE_STRING "nghttp2 1.67.1"
| #define PACKAGE_BUGREPORT "t-tujikawa@users.sourceforge.net"
| #define PACKAGE_URL ""
| #define HAVE_STDIO_H 1
| #define HAVE_STDLIB_H 1
| #define HAVE_STRING_H 1
| #define HAVE_INTTYPES_H 1
| #define HAVE_STDINT_H 1
| #define HAVE_STRINGS_H 1
| #define HAVE_SYS_STAT_H 1
| #define HAVE_SYS_TYPES_H 1
| #define HAVE_UNISTD_H 1
| #define HAVE_WCHAR_H 1
| #define STDC_HEADERS 1
| #define _ALL_SOURCE 1
| #define _DARWIN_C_SOURCE 1
| #define _GNU_SOURCE 1
| #define _HPUX_ALT_XOPEN_SOCKET_API 1
| #define _NETBSD_SOURCE 1
| #define _OPENBSD_SOURCE 1
| #define _POSIX_PTHREAD_SEMANTICS 1
| #define __STDC_WANT_IEC_60559_ATTRIBS_EXT__ 1
| #define __STDC_WANT_IEC_60559_BFP_EXT__ 1
| #define __STDC_WANT_IEC_60559_DFP_EXT__ 1
| #define __STDC_WANT_IEC_60559_FUNCS_EXT__ 1
| #define __STDC_WANT_IEC_60559_TYPES_EXT__ 1
| #define __STDC_WANT_LIB_EXT2__ 1
| #define __STDC_WANT_MATH_SPEC_FUNCS__ 1
| #define _TANDEM_SOURCE 1
| #define __EXTENSIONS__ 1
| #define HAVE_DLFCN_H 1
| #define LT_OBJDIR ".libs/"
| #define PACKAGE "nghttp2"
| #define VERSION "1.67.1"
| /* end confdefs.h.  */
| #include <ac_nonexistent.h>
configure:18978: checking whether ln -s works
configure:18982: result: yes
configure:18989: checking whether make sets $(MAKE)
configure:19012: result: yes
configure:19142: checking pkg-config is at least version 0.20
configure:19145: result: yes
configure:19190: checking for a Python interpreter with version >= 3.8
configure:19208: python -c import sys # split strings by '.' and convert to numeric. Append some zeros # because we need at least 4 digits for the hex conversion. # map returns an iterator in Python 3.0 and a list in 2.x minver = list(map(int, '3.8'.split('.'))) + [0, 0, 0] minverhex = 0 # xrange is not present in Python 3.0 and range returns an iterator for i in list(range(0, 4)): minverhex = (minverhex << 8) + minver[i] sys.exit(sys.hexversion < minverhex)
./configure: line 19209: python: command not found
configure:19211: $? = 127
configure:19208: python2 -c import sys # split strings by '.' and convert to numeric. Append some zeros # because we need at least 4 digits for the hex conversion. # map returns an iterator in Python 3.0 and a list in 2.x minver = list(map(int, '3.8'.split('.'))) + [0, 0, 0] minverhex = 0 # xrange is not present in Python 3.0 and range returns an iterator for i in list(range(0, 4)): minverhex = (minverhex << 8) + minver[i] sys.exit(sys.hexversion < minverhex)
./configure: line 19209: python2: command not found
configure:19211: $? = 127
configure:19208: python3 -c import sys # split strings by '.' and convert to numeric. Append some zeros # because we need at least 4 digits for the hex conversion. # map returns an iterator in Python 3.0 and a list in 2.x minver = list(map(int, '3.8'.split('.'))) + [0, 0, 0] minverhex = 0 # xrange is not present in Python 3.0 and range returns an iterator for i in list(range(0, 4)): minverhex = (minverhex << 8) + minver[i] sys.exit(sys.hexversion < minverhex)
configure:19211: $? = 0
configure:19218: result: python3
configure:19226: checking for python3
configure:19249: found /usr/bin/python3
configure:19261: result: /usr/bin/python3
configure:19278: checking for python3 version
configure:19286: result: 3.12
configure:19291: checking for python3 platform
configure:19299: result: linux
configure:19360: checking for GNU default python3 prefix
configure:19362: result: ${prefix}
configure:19428: checking for GNU default python3 exec_prefix
configure:19430: result: ${exec_prefix}
configure:19461: checking for python3 script directory (pythondir)
configure:19503: result: ${PYTHON_PREFIX}/lib/python3.12/site-packages
configure:19511: checking for python3 extension module directory (pyexecdir)
configure:19553: result: ${PYTHON_EXEC_PREFIX}/lib/python3.12/site-packages
configure:19607: checking whether x86_64-linux-musl-g++ supports C++20 features by default
configure:20432: x86_64-linux-musl-g++ -c   conftest.cpp >&5
conftest.cpp:838:2: error: #error "This is not a C++20 compiler"
  838 | #error "This is not a C++20 compiler"
      |  ^~~~~
configure:20432: $? = 1
configure: failed program was:
| /* confdefs.h */
| #define PACKAGE_NAME "nghttp2"
| #define PACKAGE_TARNAME "nghttp2"
| #define PACKAGE_VERSION "1.67.1"
| #define PACKAGE_STRING "nghttp2 1.67.1"
| #define PACKAGE_BUGREPORT "t-tujikawa@users.sourceforge.net"
| #define PACKAGE_URL ""
| #define HAVE_STDIO_H 1
| #define HAVE_STDLIB_H 1
| #define HAVE_STRING_H 1
| #define HAVE_INTTYPES_H 1
| #define HAVE_STDINT_H 1
| #define HAVE_STRINGS_H 1
| #define HAVE_SYS_STAT_H 1
| #define HAVE_SYS_TYPES_H 1
| #define HAVE_UNISTD_H 1
| #define HAVE_WCHAR_H 1
| #define STDC_HEADERS 1
| #define _ALL_SOURCE 1
| #define _DARWIN_C_SOURCE 1
| #define _GNU_SOURCE 1
| #define _HPUX_ALT_XOPEN_SOCKET_API 1
| #define _NETBSD_SOURCE 1
| #define _OPENBSD_SOURCE 1
| #define _POSIX_PTHREAD_SEMANTICS 1
| #define __STDC_WANT_IEC_60559_ATTRIBS_EXT__ 1
| #define __STDC_WANT_IEC_60559_BFP_EXT__ 1
| #define __STDC_WANT_IEC_60559_DFP_EXT__ 1
| #define __STDC_WANT_IEC_60559_FUNCS_EXT__ 1
| #define __STDC_WANT_IEC_60559_TYPES_EXT__ 1
| #define __STDC_WANT_LIB_EXT2__ 1
| #define __STDC_WANT_MATH_SPEC_FUNCS__ 1
| #define _TANDEM_SOURCE 1
| #define __EXTENSIONS__ 1
| #define HAVE_DLFCN_H 1
| #define LT_OBJDIR ".libs/"
| #define PACKAGE "nghttp2"
| #define VERSION "1.67.1"
| #define NGHTTP2_NORETURN __attribute__((noreturn))
| /* end confdefs.h.  */
| 
| 
| // If the compiler admits that it is not ready for C++11, why torture it?
| // Hopefully, this will speed up the test.
| 
| #ifndef __cplusplus
| 
| #error "This is not a C++ compiler"
| 
| // MSVC always sets __cplusplus to 199711L in older versions; newer versions
| // only set it correctly if /Zc:__cplusplus is specified as well as a
| // /std:c++NN switch:
| // https://devblogs.microsoft.com/cppblog/msvc-now-correctly-reports-__cplusplus/
| #elif __cplusplus < 201103L && !defined _MSC_VER
| 
| #error "This is not a C++11 compiler"
| 
| #else
| 
| namespace cxx11
| {
| 
|   namespace test_static_assert
|   {
| 
|     template <typename T>
|     struct check
|     {
|       static_assert(sizeof(int) <= sizeof(T), "not big enough");
|     };
| 
|   }
| 
|   namespace test_final_override
|   {
| 
|     struct Base
|     {
|       virtual ~Base() {}
|       virtual void f() {}
|     };
| 
|     struct Derived : public Base
|     {
|       virtual ~Derived() override {}
|       virtual void f() override {}
|     };
| 
|   }
| 
|   namespace test_double_right_angle_brackets
|   {
| 
|     template < typename T >
|     struct check {};
| 
|     typedef check<void> single_type;
|     typedef check<check<void>> double_type;
|     typedef check<check<check<void>>> triple_type;
|     typedef check<check<check<check<void>>>> quadruple_type;
| 
|   }
| 
|   namespace test_decltype
|   {
| 
|     int
|     f()
|     {
|       int a = 1;
|       decltype(a) b = 2;
|       return a + b;
|     }
| 
|   }
| 
|   namespace test_type_deduction
|   {
| 
|     template < typename T1, typename T2 >
|     struct is_same
|     {
|       static const bool value = false;
|     };
| 
|     template < typename T >
|     struct is_same<T, T>
|     {
|       static const bool value = true;
|     };
| 
|     template < typename T1, typename T2 >
|     auto
|     add(T1 a1, T2 a2) -> decltype(a1 + a2)
|     {
|       return a1 + a2;
|     }
| 
|     int
|     test(const int c, volatile int v)
|     {
|       static_assert(is_same<int, decltype(0)>::value == true, "");
|       static_assert(is_same<int, decltype(c)>::value == false, "");
|       static_assert(is_same<int, decltype(v)>::value == false, "");
|       auto ac = c;
|       auto av = v;
|       auto sumi = ac + av + 'x';
|       auto sumf = ac + av + 1.0;
|       static_assert(is_same<int, decltype(ac)>::value == true, "");
|       static_assert(is_same<int, decltype(av)>::value == true, "");
|       static_assert(is_same<int, decltype(sumi)>::value == true, "");
|       static_assert(is_same<int, decltype(sumf)>::value == false, "");
|       static_assert(is_same<int, decltype(add(c, v))>::value == true, "");
|       return (sumf > 0.0) ? sumi : add(c, v);
|     }
| 
|   }
| 
|   namespace test_noexcept
|   {
| 
|     int f() { return 0; }
|     int g() noexcept { return 0; }
| 
|     static_assert(noexcept(f()) == false, "");
|     static_assert(noexcept(g()) == true, "");
| 
|   }
| 
|   namespace test_constexpr
|   {
| 
|     template < typename CharT >
|     unsigned long constexpr
|     strlen_c_r(const CharT *const s, const unsigned long acc) noexcept
|     {
|       return *s ? strlen_c_r(s + 1, acc + 1) : acc;
|     }
| 
|     template < typename CharT >
|     unsigned long constexpr
|     strlen_c(const CharT *const s) noexcept
|     {
|       return strlen_c_r(s, 0UL);
|     }
| 
|     static_assert(strlen_c("") == 0UL, "");
|     static_assert(strlen_c("1") == 1UL, "");
|     static_assert(strlen_c("example") == 7UL, "");
|     static_assert(strlen_c("another\0example") == 7UL, "");
| 
|   }
| 
|   namespace test_rvalue_references
|   {
| 
|     template < int N >
|     struct answer
|     {
|       static constexpr int value = N;
|     };
| 
|     answer<1> f(int&)       { return answer<1>(); }
|     answer<2> f(const int&) { return answer<2>(); }
|     answer<3> f(int&&)      { return answer<3>(); }
| 
|     void
|     test()
|     {
|       int i = 0;
|       const int c = 0;
|       static_assert(decltype(f(i))::value == 1, "");
|       static_assert(decltype(f(c))::value == 2, "");
|       static_assert(decltype(f(0))::value == 3, "");
|     }
| 
|   }
| 
|   namespace test_uniform_initialization
|   {
| 
|     struct test
|     {
|       static const int zero {};
|       static const int one {1};
|     };
| 
|     static_assert(test::zero == 0, "");
|     static_assert(test::one == 1, "");
| 
|   }
| 
|   namespace test_lambdas
|   {
| 
|     void
|     test1()
|     {
|       auto lambda1 = [](){};
|       auto lambda2 = lambda1;
|       lambda1();
|       lambda2();
|     }
| 
|     int
|     test2()
|     {
|       auto a = [](int i, int j){ return i + j; }(1, 2);
|       auto b = []() -> int { return '0'; }();
|       auto c = [=](){ return a + b; }();
|       auto d = [&](){ return c; }();
|       auto e = [a, &b](int x) mutable {
|         const auto identity = [](int y){ return y; };
|         for (auto i = 0; i < a; ++i)
|           a += b--;
|         return x + identity(a + b);
|       }(0);
|       return a + b + c + d + e;
|     }
| 
|     int
|     test3()
|     {
|       const auto nullary = [](){ return 0; };
|       const auto unary = [](int x){ return x; };
|       using nullary_t = decltype(nullary);
|       using unary_t = decltype(unary);
|       const auto higher1st = [](nullary_t f){ return f(); };
|       const auto higher2nd = [unary](nullary_t f1){
|         return [unary, f1](unary_t f2){ return f2(unary(f1())); };
|       };
|       return higher1st(nullary) + higher2nd(nullary)(unary);
|     }
| 
|   }
| 
|   namespace test_variadic_templates
|   {
| 
|     template <int...>
|     struct sum;
| 
|     template <int N0, int... N1toN>
|     struct sum<N0, N1toN...>
|     {
|       static constexpr auto value = N0 + sum<N1toN...>::value;
|     };
| 
|     template <>
|     struct sum<>
|     {
|       static constexpr auto value = 0;
|     };
| 
|     static_assert(sum<>::value == 0, "");
|     static_assert(sum<1>::value == 1, "");
|     static_assert(sum<23>::value == 23, "");
|     static_assert(sum<1, 2>::value == 3, "");
|     static_assert(sum<5, 5, 11>::value == 21, "");
|     static_assert(sum<2, 3, 5, 7, 11, 13>::value == 41, "");
| 
|   }
| 
|   // http://stackoverflow.com/questions/13728184/template-aliases-and-sfinae
|   // Clang 3.1 fails with headers of libstd++ 4.8.3 when using std::function
|   // because of this.
|   namespace test_template_alias_sfinae
|   {
| 
|     struct foo {};
| 
|     template<typename T>
|     using member = typename T::member_type;
| 
|     template<typename T>
|     void func(...) {}
| 
|     template<typename T>
|     void func(member<T>*) {}
| 
|     void test();
| 
|     void test() { func<foo>(0); }
| 
|   }
| 
| }  // namespace cxx11
| 
| #endif  // __cplusplus >= 201103L
| 
| 
| 
| 
| // If the compiler admits that it is not ready for C++14, why torture it?
| // Hopefully, this will speed up the test.
| 
| #ifndef __cplusplus
| 
| #error "This is not a C++ compiler"
| 
| #elif __cplusplus < 201402L && !defined _MSC_VER
| 
| #error "This is not a C++14 compiler"
| 
| #else
| 
| namespace cxx14
| {
| 
|   namespace test_polymorphic_lambdas
|   {
| 
|     int
|     test()
|     {
|       const auto lambda = [](auto&&... args){
|         const auto istiny = [](auto x){
|           return (sizeof(x) == 1UL) ? 1 : 0;
|         };
|         const int aretiny[] = { istiny(args)... };
|         return aretiny[0];
|       };
|       return lambda(1, 1L, 1.0f, '1');
|     }
| 
|   }
| 
|   namespace test_binary_literals
|   {
| 
|     constexpr auto ivii = 0b0000000000101010;
|     static_assert(ivii == 42, "wrong value");
| 
|   }
| 
|   namespace test_generalized_constexpr
|   {
| 
|     template < typename CharT >
|     constexpr unsigned long
|     strlen_c(const CharT *const s) noexcept
|     {
|       auto length = 0UL;
|       for (auto p = s; *p; ++p)
|         ++length;
|       return length;
|     }
| 
|     static_assert(strlen_c("") == 0UL, "");
|     static_assert(strlen_c("x") == 1UL, "");
|     static_assert(strlen_c("test") == 4UL, "");
|     static_assert(strlen_c("another\0test") == 7UL, "");
| 
|   }
| 
|   namespace test_lambda_init_capture
|   {
| 
|     int
|     test()
|     {
|       auto x = 0;
|       const auto lambda1 = [a = x](int b){ return a + b; };
|       const auto lambda2 = [a = lambda1(x)](){ return a; };
|       return lambda2();
|     }
| 
|   }
| 
|   namespace test_digit_separators
|   {
| 
|     constexpr auto ten_million = 100'000'000;
|     static_assert(ten_million == 100000000, "");
| 
|   }
| 
|   namespace test_return_type_deduction
|   {
| 
|     auto f(int& x) { return x; }
|     decltype(auto) g(int& x) { return x; }
| 
|     template < typename T1, typename T2 >
|     struct is_same
|     {
|       static constexpr auto value = false;
|     };
| 
|     template < typename T >
|     struct is_same<T, T>
|     {
|       static constexpr auto value = true;
|     };
| 
|     int
|     test()
|     {
|       auto x = 0;
|       static_assert(is_same<int, decltype(f(x))>::value, "");
|       static_assert(is_same<int&, decltype(g(x))>::value, "");
|       return x;
|     }
| 
|   }
| 
| }  // namespace cxx14
| 
| #endif  // __cplusplus >= 201402L
| 
| 
| 
| 
| // If the compiler admits that it is not ready for C++17, why torture it?
| // Hopefully, this will speed up the test.
| 
| #ifndef __cplusplus
| 
| #error "This is not a C++ compiler"
| 
| #elif __cplusplus < 201703L && !defined _MSC_VER
| 
| #error "This is not a C++17 compiler"
| 
| #else
| 
| #include <initializer_list>
| #include <utility>
| #include <type_traits>
| 
| namespace cxx17
| {
| 
|   namespace test_constexpr_lambdas
|   {
| 
|     constexpr int foo = [](){return 42;}();
| 
|   }
| 
|   namespace test::nested_namespace::definitions
|   {
| 
|   }
| 
|   namespace test_fold_expression
|   {
| 
|     template<typename... Args>
|     int multiply(Args... args)
|     {
|       return (args * ... * 1);
|     }
| 
|     template<typename... Args>
|     bool all(Args... args)
|     {
|       return (args && ...);
|     }
| 
|   }
| 
|   namespace test_extended_static_assert
|   {
| 
|     static_assert (true);
| 
|   }
| 
|   namespace test_auto_brace_init_list
|   {
| 
|     auto foo = {5};
|     auto bar {5};
| 
|     static_assert(std::is_same<std::initializer_list<int>, decltype(foo)>::value);
|     static_assert(std::is_same<int, decltype(bar)>::value);
|   }
| 
|   namespace test_typename_in_template_template_parameter
|   {
| 
|     template<template<typename> typename X> struct D;
| 
|   }
| 
|   namespace test_fallthrough_nodiscard_maybe_unused_attributes
|   {
| 
|     int f1()
|     {
|       return 42;
|     }
| 
|     [[nodiscard]] int f2()
|     {
|       [[maybe_unused]] auto unused = f1();
| 
|       switch (f1())
|       {
|       case 17:
|         f1();
|         [[fallthrough]];
|       case 42:
|         f1();
|       }
|       return f1();
|     }
| 
|   }
| 
|   namespace test_extended_aggregate_initialization
|   {
| 
|     struct base1
|     {
|       int b1, b2 = 42;
|     };
| 
|     struct base2
|     {
|       base2() {
|         b3 = 42;
|       }
|       int b3;
|     };
| 
|     struct derived : base1, base2
|     {
|         int d;
|     };
| 
|     derived d1 {{1, 2}, {}, 4};  // full initialization
|     derived d2 {{}, {}, 4};      // value-initialized bases
| 
|   }
| 
|   namespace test_general_range_based_for_loop
|   {
| 
|     struct iter
|     {
|       int i;
| 
|       int& operator* ()
|       {
|         return i;
|       }
| 
|       const int& operator* () const
|       {
|         return i;
|       }
| 
|       iter& operator++()
|       {
|         ++i;
|         return *this;
|       }
|     };
| 
|     struct sentinel
|     {
|       int i;
|     };
| 
|     bool operator== (const iter& i, const sentinel& s)
|     {
|       return i.i == s.i;
|     }
| 
|     bool operator!= (const iter& i, const sentinel& s)
|     {
|       return !(i == s);
|     }
| 
|     struct range
|     {
|       iter begin() const
|       {
|         return {0};
|       }
| 
|       sentinel end() const
|       {
|         return {5};
|       }
|     };
| 
|     void f()
|     {
|       range r {};
| 
|       for (auto i : r)
|       {
|         [[maybe_unused]] auto v = i;
|       }
|     }
| 
|   }
| 
|   namespace test_lambda_capture_asterisk_this_by_value
|   {
| 
|     struct t
|     {
|       int i;
|       int foo()
|       {
|         return [*this]()
|         {
|           return i;
|         }();
|       }
|     };
| 
|   }
| 
|   namespace test_enum_class_construction
|   {
| 
|     enum class byte : unsigned char
|     {};
| 
|     byte foo {42};
| 
|   }
| 
|   namespace test_constexpr_if
|   {
| 
|     template <bool cond>
|     int f ()
|     {
|       if constexpr(cond)
|       {
|         return 13;
|       }
|       else
|       {
|         return 42;
|       }
|     }
| 
|   }
| 
|   namespace test_selection_statement_with_initializer
|   {
| 
|     int f()
|     {
|       return 13;
|     }
| 
|     int f2()
|     {
|       if (auto i = f(); i > 0)
|       {
|         return 3;
|       }
| 
|       switch (auto i = f(); i + 4)
|       {
|       case 17:
|         return 2;
| 
|       default:
|         return 1;
|       }
|     }
| 
|   }
| 
|   namespace test_template_argument_deduction_for_class_templates
|   {
| 
|     template <typename T1, typename T2>
|     struct pair
|     {
|       pair (T1 p1, T2 p2)
|         : m1 {p1},
|           m2 {p2}
|       {}
| 
|       T1 m1;
|       T2 m2;
|     };
| 
|     void f()
|     {
|       [[maybe_unused]] auto p = pair{13, 42u};
|     }
| 
|   }
| 
|   namespace test_non_type_auto_template_parameters
|   {
| 
|     template <auto n>
|     struct B
|     {};
| 
|     B<5> b1;
|     B<'a'> b2;
| 
|   }
| 
|   namespace test_structured_bindings
|   {
| 
|     int arr[2] = { 1, 2 };
|     std::pair<int, int> pr = { 1, 2 };
| 
|     auto f1() -> int(&)[2]
|     {
|       return arr;
|     }
| 
|     auto f2() -> std::pair<int, int>&
|     {
|       return pr;
|     }
| 
|     struct S
|     {
|       int x1 : 2;
|       volatile double y1;
|     };
| 
|     S f3()
|     {
|       return {};
|     }
| 
|     auto [ x1, y1 ] = f1();
|     auto& [ xr1, yr1 ] = f1();
|     auto [ x2, y2 ] = f2();
|     auto& [ xr2, yr2 ] = f2();
|     const auto [ x3, y3 ] = f3();
| 
|   }
| 
|   namespace test_exception_spec_type_system
|   {
| 
|     struct Good {};
|     struct Bad {};
| 
|     void g1() noexcept;
|     void g2();
| 
|     template<typename T>
|     Bad
|     f(T*, T*);
| 
|     template<typename T1, typename T2>
|     Good
|     f(T1*, T2*);
| 
|     static_assert (std::is_same_v<Good, decltype(f(g1, g2))>);
| 
|   }
| 
|   namespace test_inline_variables
|   {
| 
|     template<class T> void f(T)
|     {}
| 
|     template<class T> inline T g(T)
|     {
|       return T{};
|     }
| 
|     template<> inline void f<>(int)
|     {}
| 
|     template<> int g<>(int)
|     {
|       return 5;
|     }
| 
|   }
| 
| }  // namespace cxx17
| 
| #endif  // __cplusplus < 201703L && !defined _MSC_VER
| 
| 
| 
| 
| #ifndef __cplusplus
| 
| #error "This is not a C++ compiler"
| 
| #elif __cplusplus < 202002L && !defined _MSC_VER
| 
| #error "This is not a C++20 compiler"
| 
| #else
| 
| #include <version>
| 
| namespace cxx20
| {
| 
| // As C++20 supports feature test macros in the standard, there is no
| // immediate need to actually test for feature availability on the
| // Autoconf side.
| 
| }  // namespace cxx20
| 
| #endif  // __cplusplus < 202002L && !defined _MSC_VER
| 
| 
| 
configure:20440: result: no
configure:20450: checking whether x86_64-linux-musl-g++ supports C++20 features with -std=gnu++20
configure:21277: x86_64-linux-musl-g++ -std=gnu++20 -c   conftest.cpp >&5
conftest.cpp:140:36: warning: 'volatile'-qualified parameter is deprecated [-Wvolatile]
  140 |     test(const int c, volatile int v)
      |                       ~~~~~~~~~~~~~^
configure:21277: $? = 0
configure:21287: result: yes
configure:22201: checking whether std::future is available
configure:22220: x86_64-linux-musl-g++ -std=gnu++20 -c -g -O2   conftest.cpp >&5
configure:22220: $? = 0
configure:22226: result: yes
configure:22236: checking whether std::atomic<std::shared_ptr<T>> is supported
configure:22256: x86_64-linux-musl-g++ -std=gnu++20 -c -g -O2   conftest.cpp >&5
configure:22256: $? = 0
configure:22262: result: yes
configure:22272: checking whether std::chrono::time_zone is available
configure:22290: x86_64-linux-musl-g++ -std=gnu++20 -c -g -O2   conftest.cpp >&5
configure:22290: $? = 0
configure:22296: result: yes
configure:22440: checking for library containing dlopen
configure:22470: x86_64-linux-musl-gcc -o conftest -fPIC   conftest.c  >&5
configure:22470: $? = 0
configure:22490: result: none required
configure:22893: checking for wolfssl >= 5.7.0
configure:22900: $PKG_CONFIG --exists --print-errors "wolfssl >= 5.7.0"
Package wolfssl was not found in the pkg-config search path.
Perhaps you should add the directory containing `wolfssl.pc'
to the PKG_CONFIG_PATH environment variable
No package 'wolfssl' found
configure:22903: $? = 1
configure:22917: $PKG_CONFIG --exists --print-errors "wolfssl >= 5.7.0"
Package wolfssl was not found in the pkg-config search path.
Perhaps you should add the directory containing `wolfssl.pc'
to the PKG_CONFIG_PATH environment variable
No package 'wolfssl' found
configure:22920: $? = 1
configure:22934: result: no
No package 'wolfssl' found
configure:22963: No package 'wolfssl' found
configure:24736: checking whether to enable assertions
configure:24757: result: yes
configure:24760: checking for arpa/inet.h
configure:24760: x86_64-linux-musl-gcc -c -fPIC  conftest.c >&5
configure:24760: $? = 0
configure:24760: result: yes
configure:24766: checking for fcntl.h
configure:24766: x86_64-linux-musl-gcc -c -fPIC  conftest.c >&5
configure:24766: $? = 0
configure:24766: result: yes
configure:24772: checking for inttypes.h
configure:24772: result: yes
configure:24778: checking for limits.h
configure:24778: x86_64-linux-musl-gcc -c -fPIC  conftest.c >&5
configure:24778: $? = 0
configure:24778: result: yes
configure:24784: checking for netdb.h
configure:24784: x86_64-linux-musl-gcc -c -fPIC  conftest.c >&5
configure:24784: $? = 0
configure:24784: result: yes
configure:24790: checking for netinet/in.h
configure:24790: x86_64-linux-musl-gcc -c -fPIC  conftest.c >&5
configure:24790: $? = 0
configure:24790: result: yes
configure:24796: checking for netinet/ip.h
configure:24796: x86_64-linux-musl-gcc -c -fPIC  conftest.c >&5
configure:24796: $? = 0
configure:24796: result: yes
configure:24802: checking for pwd.h
configure:24802: x86_64-linux-musl-gcc -c -fPIC  conftest.c >&5
configure:24802: $? = 0
configure:24802: result: yes
configure:24808: checking for stddef.h
configure:24808: x86_64-linux-musl-gcc -c -fPIC  conftest.c >&5
configure:24808: $? = 0
configure:24808: result: yes
configure:24814: checking for stdint.h
configure:24814: result: yes
configure:24820: checking for stdlib.h
configure:24820: result: yes
configure:24826: checking for string.h
configure:24826: result: yes
configure:24832: checking for sys/socket.h
configure:24832: x86_64-linux-musl-gcc -c -fPIC  conftest.c >&5
configure:24832: $? = 0
configure:24832: result: yes
configure:24838: checking for sys/time.h
configure:24838: x86_64-linux-musl-gcc -c -fPIC  conftest.c >&5
configure:24838: $? = 0
configure:24838: result: yes
configure:24844: checking for syslog.h
configure:24844: x86_64-linux-musl-gcc -c -fPIC  conftest.c >&5
configure:24844: $? = 0
configure:24844: result: yes
configure:24850: checking for unistd.h
configure:24850: result: yes
configure:24856: checking for windows.h
configure:24856: x86_64-linux-musl-gcc -c -fPIC  conftest.c >&5
conftest.c:89:10: fatal error: windows.h: No such file or directory
   89 | #include <windows.h>
      |          ^~~~~~~~~~~
compilation terminated.
configure:24856: $? = 1
configure: failed program was:
| /* confdefs.h */
| #define PACKAGE_NAME "nghttp2"
| #define PACKAGE_TARNAME "nghttp2"
| #define PACKAGE_VERSION "1.67.1"
| #define PACKAGE_STRING "nghttp2 1.67.1"
| #define PACKAGE_BUGREPORT "t-tujikawa@users.sourceforge.net"
| #define PACKAGE_URL ""
| #define HAVE_STDIO_H 1
| #define HAVE_STDLIB_H 1
| #define HAVE_STRING_H 1
| #define HAVE_INTTYPES_H 1
| #define HAVE_STDINT_H 1
| #define HAVE_STRINGS_H 1
| #define HAVE_SYS_STAT_H 1
| #define HAVE_SYS_TYPES_H 1
| #define HAVE_UNISTD_H 1
| #define HAVE_WCHAR_H 1
| #define STDC_HEADERS 1
| #define _ALL_SOURCE 1
| #define _DARWIN_C_SOURCE 1
| #define _GNU_SOURCE 1
| #define _HPUX_ALT_XOPEN_SOCKET_API 1
| #define _NETBSD_SOURCE 1
| #define _OPENBSD_SOURCE 1
| #define _POSIX_PTHREAD_SEMANTICS 1
| #define __STDC_WANT_IEC_60559_ATTRIBS_EXT__ 1
| #define __STDC_WANT_IEC_60559_BFP_EXT__ 1
| #define __STDC_WANT_IEC_60559_DFP_EXT__ 1
| #define __STDC_WANT_IEC_60559_FUNCS_EXT__ 1
| #define __STDC_WANT_IEC_60559_TYPES_EXT__ 1
| #define __STDC_WANT_LIB_EXT2__ 1
| #define __STDC_WANT_MATH_SPEC_FUNCS__ 1
| #define _TANDEM_SOURCE 1
| #define __EXTENSIONS__ 1
| #define HAVE_DLFCN_H 1
| #define LT_OBJDIR ".libs/"
| #define PACKAGE "nghttp2"
| #define VERSION "1.67.1"
| #define NGHTTP2_NORETURN __attribute__((noreturn))
| #define HAVE_CXX20 1
| #define HAVE_STD_FUTURE 1
| #define HAVE_ATOMIC_STD_SHARED_PTR 1
| #define HAVE_STD_CHRONO_TIME_ZONE 1
| #define HAVE_ARPA_INET_H 1
| #define HAVE_FCNTL_H 1
| #define HAVE_INTTYPES_H 1
| #define HAVE_LIMITS_H 1
| #define HAVE_NETDB_H 1
| #define HAVE_NETINET_IN_H 1
| #define HAVE_NETINET_IP_H 1
| #define HAVE_PWD_H 1
| #define HAVE_STDDEF_H 1
| #define HAVE_STDINT_H 1
| #define HAVE_STDLIB_H 1
| #define HAVE_STRING_H 1
| #define HAVE_SYS_SOCKET_H 1
| #define HAVE_SYS_TIME_H 1
| #define HAVE_SYSLOG_H 1
| #define HAVE_UNISTD_H 1
| /* end confdefs.h.  */
| #include <stddef.h>
| #ifdef HAVE_STDIO_H
| # include <stdio.h>
| #endif
| #ifdef HAVE_STDLIB_H
| # include <stdlib.h>
| #endif
| #ifdef HAVE_STRING_H
| # include <string.h>
| #endif
| #ifdef HAVE_INTTYPES_H
| # include <inttypes.h>
| #endif
| #ifdef HAVE_STDINT_H
| # include <stdint.h>
| #endif
| #ifdef HAVE_STRINGS_H
| # include <strings.h>
| #endif
| #ifdef HAVE_SYS_TYPES_H
| # include <sys/types.h>
| #endif
| #ifdef HAVE_SYS_STAT_H
| # include <sys/stat.h>
| #endif
| #ifdef HAVE_UNISTD_H
| # include <unistd.h>
| #endif
| #include <windows.h>
configure:24856: result: no
configure:24865: checking for size_t
configure:24865: x86_64-linux-musl-gcc -c -fPIC  conftest.c >&5
configure:24865: $? = 0
configure:24865: x86_64-linux-musl-gcc -c -fPIC  conftest.c >&5
conftest.c: In function 'main':
conftest.c:92:21: error: expected expression before ')' token
   92 | if (sizeof ((size_t)))
      |                     ^
configure:24865: $? = 1
configure: failed program was:
| /* confdefs.h */
| #define PACKAGE_NAME "nghttp2"
| #define PACKAGE_TARNAME "nghttp2"
| #define PACKAGE_VERSION "1.67.1"
| #define PACKAGE_STRING "nghttp2 1.67.1"
| #define PACKAGE_BUGREPORT "t-tujikawa@users.sourceforge.net"
| #define PACKAGE_URL ""
| #define HAVE_STDIO_H 1
| #define HAVE_STDLIB_H 1
| #define HAVE_STRING_H 1
| #define HAVE_INTTYPES_H 1
| #define HAVE_STDINT_H 1
| #define HAVE_STRINGS_H 1
| #define HAVE_SYS_STAT_H 1
| #define HAVE_SYS_TYPES_H 1
| #define HAVE_UNISTD_H 1
| #define HAVE_WCHAR_H 1
| #define STDC_HEADERS 1
| #define _ALL_SOURCE 1
| #define _DARWIN_C_SOURCE 1
| #define _GNU_SOURCE 1
| #define _HPUX_ALT_XOPEN_SOCKET_API 1
| #define _NETBSD_SOURCE 1
| #define _OPENBSD_SOURCE 1
| #define _POSIX_PTHREAD_SEMANTICS 1
| #define __STDC_WANT_IEC_60559_ATTRIBS_EXT__ 1
| #define __STDC_WANT_IEC_60559_BFP_EXT__ 1
| #define __STDC_WANT_IEC_60559_DFP_EXT__ 1
| #define __STDC_WANT_IEC_60559_FUNCS_EXT__ 1
| #define __STDC_WANT_IEC_60559_TYPES_EXT__ 1
| #define __STDC_WANT_LIB_EXT2__ 1
| #define __STDC_WANT_MATH_SPEC_FUNCS__ 1
| #define _TANDEM_SOURCE 1
| #define __EXTENSIONS__ 1
| #define HAVE_DLFCN_H 1
| #define LT_OBJDIR ".libs/"
| #define PACKAGE "nghttp2"
| #define VERSION "1.67.1"
| #define NGHTTP2_NORETURN __attribute__((noreturn))
| #define HAVE_CXX20 1
| #define HAVE_STD_FUTURE 1
| #define HAVE_ATOMIC_STD_SHARED_PTR 1
| #define HAVE_STD_CHRONO_TIME_ZONE 1
| #define HAVE_ARPA_INET_H 1
| #define HAVE_FCNTL_H 1
| #define HAVE_INTTYPES_H 1
| #define HAVE_LIMITS_H 1
| #define HAVE_NETDB_H 1
| #define HAVE_NETINET_IN_H 1
| #define HAVE_NETINET_IP_H 1
| #define HAVE_PWD_H 1
| #define HAVE_STDDEF_H 1
| #define HAVE_STDINT_H 1
| #define HAVE_STDLIB_H 1
| #define HAVE_STRING_H 1
| #define HAVE_SYS_SOCKET_H 1
| #define HAVE_SYS_TIME_H 1
| #define HAVE_SYSLOG_H 1
| #define HAVE_UNISTD_H 1
| /* end confdefs.h.  */
| #include <stddef.h>
| #ifdef HAVE_STDIO_H
| # include <stdio.h>
| #endif
| #ifdef HAVE_STDLIB_H
| # include <stdlib.h>
| #endif
| #ifdef HAVE_STRING_H
| # include <string.h>
| #endif
| #ifdef HAVE_INTTYPES_H
| # include <inttypes.h>
| #endif
| #ifdef HAVE_STDINT_H
| # include <stdint.h>
| #endif
| #ifdef HAVE_STRINGS_H
| # include <strings.h>
| #endif
| #ifdef HAVE_SYS_TYPES_H
| # include <sys/types.h>
| #endif
| #ifdef HAVE_SYS_STAT_H
| # include <sys/stat.h>
| #endif
| #ifdef HAVE_UNISTD_H
| # include <unistd.h>
| #endif
| int
| main (void)
| {
| if (sizeof ((size_t)))
| 	    return 0;
|   ;
|   return 0;
| }
configure:24865: result: yes
configure:24875: checking for ssize_t
configure:24875: x86_64-linux-musl-gcc -c -fPIC  conftest.c >&5
configure:24875: $? = 0
configure:24875: x86_64-linux-musl-gcc -c -fPIC  conftest.c >&5
conftest.c: In function 'main':
conftest.c:92:22: error: expected expression before ')' token
   92 | if (sizeof ((ssize_t)))
      |                      ^
configure:24875: $? = 1
configure: failed program was:
| /* confdefs.h */
| #define PACKAGE_NAME "nghttp2"
| #define PACKAGE_TARNAME "nghttp2"
| #define PACKAGE_VERSION "1.67.1"
| #define PACKAGE_STRING "nghttp2 1.67.1"
| #define PACKAGE_BUGREPORT "t-tujikawa@users.sourceforge.net"
| #define PACKAGE_URL ""
| #define HAVE_STDIO_H 1
| #define HAVE_STDLIB_H 1
| #define HAVE_STRING_H 1
| #define HAVE_INTTYPES_H 1
| #define HAVE_STDINT_H 1
| #define HAVE_STRINGS_H 1
| #define HAVE_SYS_STAT_H 1
| #define HAVE_SYS_TYPES_H 1
| #define HAVE_UNISTD_H 1
| #define HAVE_WCHAR_H 1
| #define STDC_HEADERS 1
| #define _ALL_SOURCE 1
| #define _DARWIN_C_SOURCE 1
| #define _GNU_SOURCE 1
| #define _HPUX_ALT_XOPEN_SOCKET_API 1
| #define _NETBSD_SOURCE 1
| #define _OPENBSD_SOURCE 1
| #define _POSIX_PTHREAD_SEMANTICS 1
| #define __STDC_WANT_IEC_60559_ATTRIBS_EXT__ 1
| #define __STDC_WANT_IEC_60559_BFP_EXT__ 1
| #define __STDC_WANT_IEC_60559_DFP_EXT__ 1
| #define __STDC_WANT_IEC_60559_FUNCS_EXT__ 1
| #define __STDC_WANT_IEC_60559_TYPES_EXT__ 1
| #define __STDC_WANT_LIB_EXT2__ 1
| #define __STDC_WANT_MATH_SPEC_FUNCS__ 1
| #define _TANDEM_SOURCE 1
| #define __EXTENSIONS__ 1
| #define HAVE_DLFCN_H 1
| #define LT_OBJDIR ".libs/"
| #define PACKAGE "nghttp2"
| #define VERSION "1.67.1"
| #define NGHTTP2_NORETURN __attribute__((noreturn))
| #define HAVE_CXX20 1
| #define HAVE_STD_FUTURE 1
| #define HAVE_ATOMIC_STD_SHARED_PTR 1
| #define HAVE_STD_CHRONO_TIME_ZONE 1
| #define HAVE_ARPA_INET_H 1
| #define HAVE_FCNTL_H 1
| #define HAVE_INTTYPES_H 1
| #define HAVE_LIMITS_H 1
| #define HAVE_NETDB_H 1
| #define HAVE_NETINET_IN_H 1
| #define HAVE_NETINET_IP_H 1
| #define HAVE_PWD_H 1
| #define HAVE_STDDEF_H 1
| #define HAVE_STDINT_H 1
| #define HAVE_STDLIB_H 1
| #define HAVE_STRING_H 1
| #define HAVE_SYS_SOCKET_H 1
| #define HAVE_SYS_TIME_H 1
| #define HAVE_SYSLOG_H 1
| #define HAVE_UNISTD_H 1
| /* end confdefs.h.  */
| #include <stddef.h>
| #ifdef HAVE_STDIO_H
| # include <stdio.h>
| #endif
| #ifdef HAVE_STDLIB_H
| # include <stdlib.h>
| #endif
| #ifdef HAVE_STRING_H
| # include <string.h>
| #endif
| #ifdef HAVE_INTTYPES_H
| # include <inttypes.h>
| #endif
| #ifdef HAVE_STDINT_H
| # include <stdint.h>
| #endif
| #ifdef HAVE_STRINGS_H
| # include <strings.h>
| #endif
| #ifdef HAVE_SYS_TYPES_H
| # include <sys/types.h>
| #endif
| #ifdef HAVE_SYS_STAT_H
| # include <sys/stat.h>
| #endif
| #ifdef HAVE_UNISTD_H
| # include <unistd.h>
| #endif
| int
| main (void)
| {
| if (sizeof ((ssize_t)))
| 	    return 0;
|   ;
|   return 0;
| }
configure:24875: result: yes
configure:24885: checking for uint8_t
configure:24885: x86_64-linux-musl-gcc -c -fPIC  conftest.c >&5
configure:24885: $? = 0
configure:24885: result: yes
configure:24897: checking for uint16_t
configure:24897: x86_64-linux-musl-gcc -c -fPIC  conftest.c >&5
configure:24897: $? = 0
configure:24897: result: yes
configure:24907: checking for uint32_t
configure:24907: x86_64-linux-musl-gcc -c -fPIC  conftest.c >&5
configure:24907: $? = 0
configure:24907: result: yes
configure:24919: checking for uint64_t
configure:24919: x86_64-linux-musl-gcc -c -fPIC  conftest.c >&5
configure:24919: $? = 0
configure:24919: result: yes
configure:24931: checking for int8_t
configure:24931: x86_64-linux-musl-gcc -c -fPIC  conftest.c >&5
configure:24931: $? = 0
configure:24931: x86_64-linux-musl-gcc -c -fPIC  conftest.c >&5
conftest.c: In function 'main':
conftest.c:93:12: error: size of array 'test_array' is negative
   93 | static int test_array [1 - 2 * !((int8_t) (((((int8_t) 1 << N) << N) - 1) * 2 + 1)
      |            ^~~~~~~~~~
configure:24931: $? = 1
configure: failed program was:
| /* confdefs.h */
| #define PACKAGE_NAME "nghttp2"
| #define PACKAGE_TARNAME "nghttp2"
| #define PACKAGE_VERSION "1.67.1"
| #define PACKAGE_STRING "nghttp2 1.67.1"
| #define PACKAGE_BUGREPORT "t-tujikawa@users.sourceforge.net"
| #define PACKAGE_URL ""
| #define HAVE_STDIO_H 1
| #define HAVE_STDLIB_H 1
| #define HAVE_STRING_H 1
| #define HAVE_INTTYPES_H 1
| #define HAVE_STDINT_H 1
| #define HAVE_STRINGS_H 1
| #define HAVE_SYS_STAT_H 1
| #define HAVE_SYS_TYPES_H 1
| #define HAVE_UNISTD_H 1
| #define HAVE_WCHAR_H 1
| #define STDC_HEADERS 1
| #define _ALL_SOURCE 1
| #define _DARWIN_C_SOURCE 1
| #define _GNU_SOURCE 1
| #define _HPUX_ALT_XOPEN_SOCKET_API 1
| #define _NETBSD_SOURCE 1
| #define _OPENBSD_SOURCE 1
| #define _POSIX_PTHREAD_SEMANTICS 1
| #define __STDC_WANT_IEC_60559_ATTRIBS_EXT__ 1
| #define __STDC_WANT_IEC_60559_BFP_EXT__ 1
| #define __STDC_WANT_IEC_60559_DFP_EXT__ 1
| #define __STDC_WANT_IEC_60559_FUNCS_EXT__ 1
| #define __STDC_WANT_IEC_60559_TYPES_EXT__ 1
| #define __STDC_WANT_LIB_EXT2__ 1
| #define __STDC_WANT_MATH_SPEC_FUNCS__ 1
| #define _TANDEM_SOURCE 1
| #define __EXTENSIONS__ 1
| #define HAVE_DLFCN_H 1
| #define LT_OBJDIR ".libs/"
| #define PACKAGE "nghttp2"
| #define VERSION "1.67.1"
| #define NGHTTP2_NORETURN __attribute__((noreturn))
| #define HAVE_CXX20 1
| #define HAVE_STD_FUTURE 1
| #define HAVE_ATOMIC_STD_SHARED_PTR 1
| #define HAVE_STD_CHRONO_TIME_ZONE 1
| #define HAVE_ARPA_INET_H 1
| #define HAVE_FCNTL_H 1
| #define HAVE_INTTYPES_H 1
| #define HAVE_LIMITS_H 1
| #define HAVE_NETDB_H 1
| #define HAVE_NETINET_IN_H 1
| #define HAVE_NETINET_IP_H 1
| #define HAVE_PWD_H 1
| #define HAVE_STDDEF_H 1
| #define HAVE_STDINT_H 1
| #define HAVE_STDLIB_H 1
| #define HAVE_STRING_H 1
| #define HAVE_SYS_SOCKET_H 1
| #define HAVE_SYS_TIME_H 1
| #define HAVE_SYSLOG_H 1
| #define HAVE_UNISTD_H 1
| /* end confdefs.h.  */
| #include <stddef.h>
| #ifdef HAVE_STDIO_H
| # include <stdio.h>
| #endif
| #ifdef HAVE_STDLIB_H
| # include <stdlib.h>
| #endif
| #ifdef HAVE_STRING_H
| # include <string.h>
| #endif
| #ifdef HAVE_INTTYPES_H
| # include <inttypes.h>
| #endif
| #ifdef HAVE_STDINT_H
| # include <stdint.h>
| #endif
| #ifdef HAVE_STRINGS_H
| # include <strings.h>
| #endif
| #ifdef HAVE_SYS_TYPES_H
| # include <sys/types.h>
| #endif
| #ifdef HAVE_SYS_STAT_H
| # include <sys/stat.h>
| #endif
| #ifdef HAVE_UNISTD_H
| # include <unistd.h>
| #endif
| 	        enum { N = 8 / 2 - 1 };
| int
| main (void)
| {
| static int test_array [1 - 2 * !((int8_t) (((((int8_t) 1 << N) << N) - 1) * 2 + 1)
| 		 < (int8_t) (((((int8_t) 1 << N) << N) - 1) * 2 + 2))];
| test_array [0] = 0;
| return test_array [0];
| 
|   ;
|   return 0;
| }
configure:24931: result: yes
configure:24940: checking for int16_t
configure:24940: x86_64-linux-musl-gcc -c -fPIC  conftest.c >&5
configure:24940: $? = 0
configure:24940: x86_64-linux-musl-gcc -c -fPIC  conftest.c >&5
conftest.c: In function 'main':
conftest.c:93:12: error: size of array 'test_array' is negative
   93 | static int test_array [1 - 2 * !((int16_t) (((((int16_t) 1 << N) << N) - 1) * 2 + 1)
      |            ^~~~~~~~~~
configure:24940: $? = 1
configure: failed program was:
| /* confdefs.h */
| #define PACKAGE_NAME "nghttp2"
| #define PACKAGE_TARNAME "nghttp2"
| #define PACKAGE_VERSION "1.67.1"
| #define PACKAGE_STRING "nghttp2 1.67.1"
| #define PACKAGE_BUGREPORT "t-tujikawa@users.sourceforge.net"
| #define PACKAGE_URL ""
| #define HAVE_STDIO_H 1
| #define HAVE_STDLIB_H 1
| #define HAVE_STRING_H 1
| #define HAVE_INTTYPES_H 1
| #define HAVE_STDINT_H 1
| #define HAVE_STRINGS_H 1
| #define HAVE_SYS_STAT_H 1
| #define HAVE_SYS_TYPES_H 1
| #define HAVE_UNISTD_H 1
| #define HAVE_WCHAR_H 1
| #define STDC_HEADERS 1
| #define _ALL_SOURCE 1
| #define _DARWIN_C_SOURCE 1
| #define _GNU_SOURCE 1
| #define _HPUX_ALT_XOPEN_SOCKET_API 1
| #define _NETBSD_SOURCE 1
| #define _OPENBSD_SOURCE 1
| #define _POSIX_PTHREAD_SEMANTICS 1
| #define __STDC_WANT_IEC_60559_ATTRIBS_EXT__ 1
| #define __STDC_WANT_IEC_60559_BFP_EXT__ 1
| #define __STDC_WANT_IEC_60559_DFP_EXT__ 1
| #define __STDC_WANT_IEC_60559_FUNCS_EXT__ 1
| #define __STDC_WANT_IEC_60559_TYPES_EXT__ 1
| #define __STDC_WANT_LIB_EXT2__ 1
| #define __STDC_WANT_MATH_SPEC_FUNCS__ 1
| #define _TANDEM_SOURCE 1
| #define __EXTENSIONS__ 1
| #define HAVE_DLFCN_H 1
| #define LT_OBJDIR ".libs/"
| #define PACKAGE "nghttp2"
| #define VERSION "1.67.1"
| #define NGHTTP2_NORETURN __attribute__((noreturn))
| #define HAVE_CXX20 1
| #define HAVE_STD_FUTURE 1
| #define HAVE_ATOMIC_STD_SHARED_PTR 1
| #define HAVE_STD_CHRONO_TIME_ZONE 1
| #define HAVE_ARPA_INET_H 1
| #define HAVE_FCNTL_H 1
| #define HAVE_INTTYPES_H 1
| #define HAVE_LIMITS_H 1
| #define HAVE_NETDB_H 1
| #define HAVE_NETINET_IN_H 1
| #define HAVE_NETINET_IP_H 1
| #define HAVE_PWD_H 1
| #define HAVE_STDDEF_H 1
| #define HAVE_STDINT_H 1
| #define HAVE_STDLIB_H 1
| #define HAVE_STRING_H 1
| #define HAVE_SYS_SOCKET_H 1
| #define HAVE_SYS_TIME_H 1
| #define HAVE_SYSLOG_H 1
| #define HAVE_UNISTD_H 1
| /* end confdefs.h.  */
| #include <stddef.h>
| #ifdef HAVE_STDIO_H
| # include <stdio.h>
| #endif
| #ifdef HAVE_STDLIB_H
| # include <stdlib.h>
| #endif
| #ifdef HAVE_STRING_H
| # include <string.h>
| #endif
| #ifdef HAVE_INTTYPES_H
| # include <inttypes.h>
| #endif
| #ifdef HAVE_STDINT_H
| # include <stdint.h>
| #endif
| #ifdef HAVE_STRINGS_H
| # include <strings.h>
| #endif
| #ifdef HAVE_SYS_TYPES_H
| # include <sys/types.h>
| #endif
| #ifdef HAVE_SYS_STAT_H
| # include <sys/stat.h>
| #endif
| #ifdef HAVE_UNISTD_H
| # include <unistd.h>
| #endif
| 	        enum { N = 16 / 2 - 1 };
| int
| main (void)
| {
| static int test_array [1 - 2 * !((int16_t) (((((int16_t) 1 << N) << N) - 1) * 2 + 1)
| 		 < (int16_t) (((((int16_t) 1 << N) << N) - 1) * 2 + 2))];
| test_array [0] = 0;
| return test_array [0];
| 
|   ;
|   return 0;
| }
configure:24940: result: yes
configure:24949: checking for int32_t
configure:24949: x86_64-linux-musl-gcc -c -fPIC  conftest.c >&5
configure:24949: $? = 0
configure:24949: x86_64-linux-musl-gcc -c -fPIC  conftest.c >&5
conftest.c: In function 'main':
conftest.c:94:67: warning: integer overflow in expression of type 'int' results in '-2147483648' [-Woverflow]
   94 |                  < (int32_t) (((((int32_t) 1 << N) << N) - 1) * 2 + 2))];
      |                                                                   ^
conftest.c:93:12: error: storage size of 'test_array' isn't constant
   93 | static int test_array [1 - 2 * !((int32_t) (((((int32_t) 1 << N) << N) - 1) * 2 + 1)
      |            ^~~~~~~~~~
configure:24949: $? = 1
configure: failed program was:
| /* confdefs.h */
| #define PACKAGE_NAME "nghttp2"
| #define PACKAGE_TARNAME "nghttp2"
| #define PACKAGE_VERSION "1.67.1"
| #define PACKAGE_STRING "nghttp2 1.67.1"
| #define PACKAGE_BUGREPORT "t-tujikawa@users.sourceforge.net"
| #define PACKAGE_URL ""
| #define HAVE_STDIO_H 1
| #define HAVE_STDLIB_H 1
| #define HAVE_STRING_H 1
| #define HAVE_INTTYPES_H 1
| #define HAVE_STDINT_H 1
| #define HAVE_STRINGS_H 1
| #define HAVE_SYS_STAT_H 1
| #define HAVE_SYS_TYPES_H 1
| #define HAVE_UNISTD_H 1
| #define HAVE_WCHAR_H 1
| #define STDC_HEADERS 1
| #define _ALL_SOURCE 1
| #define _DARWIN_C_SOURCE 1
| #define _GNU_SOURCE 1
| #define _HPUX_ALT_XOPEN_SOCKET_API 1
| #define _NETBSD_SOURCE 1
| #define _OPENBSD_SOURCE 1
| #define _POSIX_PTHREAD_SEMANTICS 1
| #define __STDC_WANT_IEC_60559_ATTRIBS_EXT__ 1
| #define __STDC_WANT_IEC_60559_BFP_EXT__ 1
| #define __STDC_WANT_IEC_60559_DFP_EXT__ 1
| #define __STDC_WANT_IEC_60559_FUNCS_EXT__ 1
| #define __STDC_WANT_IEC_60559_TYPES_EXT__ 1
| #define __STDC_WANT_LIB_EXT2__ 1
| #define __STDC_WANT_MATH_SPEC_FUNCS__ 1
| #define _TANDEM_SOURCE 1
| #define __EXTENSIONS__ 1
| #define HAVE_DLFCN_H 1
| #define LT_OBJDIR ".libs/"
| #define PACKAGE "nghttp2"
| #define VERSION "1.67.1"
| #define NGHTTP2_NORETURN __attribute__((noreturn))
| #define HAVE_CXX20 1
| #define HAVE_STD_FUTURE 1
| #define HAVE_ATOMIC_STD_SHARED_PTR 1
| #define HAVE_STD_CHRONO_TIME_ZONE 1
| #define HAVE_ARPA_INET_H 1
| #define HAVE_FCNTL_H 1
| #define HAVE_INTTYPES_H 1
| #define HAVE_LIMITS_H 1
| #define HAVE_NETDB_H 1
| #define HAVE_NETINET_IN_H 1
| #define HAVE_NETINET_IP_H 1
| #define HAVE_PWD_H 1
| #define HAVE_STDDEF_H 1
| #define HAVE_STDINT_H 1
| #define HAVE_STDLIB_H 1
| #define HAVE_STRING_H 1
| #define HAVE_SYS_SOCKET_H 1
| #define HAVE_SYS_TIME_H 1
| #define HAVE_SYSLOG_H 1
| #define HAVE_UNISTD_H 1
| /* end confdefs.h.  */
| #include <stddef.h>
| #ifdef HAVE_STDIO_H
| # include <stdio.h>
| #endif
| #ifdef HAVE_STDLIB_H
| # include <stdlib.h>
| #endif
| #ifdef HAVE_STRING_H
| # include <string.h>
| #endif
| #ifdef HAVE_INTTYPES_H
| # include <inttypes.h>
| #endif
| #ifdef HAVE_STDINT_H
| # include <stdint.h>
| #endif
| #ifdef HAVE_STRINGS_H
| # include <strings.h>
| #endif
| #ifdef HAVE_SYS_TYPES_H
| # include <sys/types.h>
| #endif
| #ifdef HAVE_SYS_STAT_H
| # include <sys/stat.h>
| #endif
| #ifdef HAVE_UNISTD_H
| # include <unistd.h>
| #endif
| 	        enum { N = 32 / 2 - 1 };
| int
| main (void)
| {
| static int test_array [1 - 2 * !((int32_t) (((((int32_t) 1 << N) << N) - 1) * 2 + 1)
| 		 < (int32_t) (((((int32_t) 1 << N) << N) - 1) * 2 + 2))];
| test_array [0] = 0;
| return test_array [0];
| 
|   ;
|   return 0;
| }
configure:24949: result: yes
configure:24958: checking for int64_t
configure:24958: x86_64-linux-musl-gcc -c -fPIC  conftest.c >&5
configure:24958: $? = 0
configure:24958: x86_64-linux-musl-gcc -c -fPIC  conftest.c >&5
conftest.c: In function 'main':
conftest.c:94:67: warning: integer overflow in expression of type 'long int' results in '-9223372036854775808' [-Woverflow]
   94 |                  < (int64_t) (((((int64_t) 1 << N) << N) - 1) * 2 + 2))];
      |                                                                   ^
conftest.c:93:12: error: storage size of 'test_array' isn't constant
   93 | static int test_array [1 - 2 * !((int64_t) (((((int64_t) 1 << N) << N) - 1) * 2 + 1)
      |            ^~~~~~~~~~
configure:24958: $? = 1
configure: failed program was:
| /* confdefs.h */
| #define PACKAGE_NAME "nghttp2"
| #define PACKAGE_TARNAME "nghttp2"
| #define PACKAGE_VERSION "1.67.1"
| #define PACKAGE_STRING "nghttp2 1.67.1"
| #define PACKAGE_BUGREPORT "t-tujikawa@users.sourceforge.net"
| #define PACKAGE_URL ""
| #define HAVE_STDIO_H 1
| #define HAVE_STDLIB_H 1
| #define HAVE_STRING_H 1
| #define HAVE_INTTYPES_H 1
| #define HAVE_STDINT_H 1
| #define HAVE_STRINGS_H 1
| #define HAVE_SYS_STAT_H 1
| #define HAVE_SYS_TYPES_H 1
| #define HAVE_UNISTD_H 1
| #define HAVE_WCHAR_H 1
| #define STDC_HEADERS 1
| #define _ALL_SOURCE 1
| #define _DARWIN_C_SOURCE 1
| #define _GNU_SOURCE 1
| #define _HPUX_ALT_XOPEN_SOCKET_API 1
| #define _NETBSD_SOURCE 1
| #define _OPENBSD_SOURCE 1
| #define _POSIX_PTHREAD_SEMANTICS 1
| #define __STDC_WANT_IEC_60559_ATTRIBS_EXT__ 1
| #define __STDC_WANT_IEC_60559_BFP_EXT__ 1
| #define __STDC_WANT_IEC_60559_DFP_EXT__ 1
| #define __STDC_WANT_IEC_60559_FUNCS_EXT__ 1
| #define __STDC_WANT_IEC_60559_TYPES_EXT__ 1
| #define __STDC_WANT_LIB_EXT2__ 1
| #define __STDC_WANT_MATH_SPEC_FUNCS__ 1
| #define _TANDEM_SOURCE 1
| #define __EXTENSIONS__ 1
| #define HAVE_DLFCN_H 1
| #define LT_OBJDIR ".libs/"
| #define PACKAGE "nghttp2"
| #define VERSION "1.67.1"
| #define NGHTTP2_NORETURN __attribute__((noreturn))
| #define HAVE_CXX20 1
| #define HAVE_STD_FUTURE 1
| #define HAVE_ATOMIC_STD_SHARED_PTR 1
| #define HAVE_STD_CHRONO_TIME_ZONE 1
| #define HAVE_ARPA_INET_H 1
| #define HAVE_FCNTL_H 1
| #define HAVE_INTTYPES_H 1
| #define HAVE_LIMITS_H 1
| #define HAVE_NETDB_H 1
| #define HAVE_NETINET_IN_H 1
| #define HAVE_NETINET_IP_H 1
| #define HAVE_PWD_H 1
| #define HAVE_STDDEF_H 1
| #define HAVE_STDINT_H 1
| #define HAVE_STDLIB_H 1
| #define HAVE_STRING_H 1
| #define HAVE_SYS_SOCKET_H 1
| #define HAVE_SYS_TIME_H 1
| #define HAVE_SYSLOG_H 1
| #define HAVE_UNISTD_H 1
| /* end confdefs.h.  */
| #include <stddef.h>
| #ifdef HAVE_STDIO_H
| # include <stdio.h>
| #endif
| #ifdef HAVE_STDLIB_H
| # include <stdlib.h>
| #endif
| #ifdef HAVE_STRING_H
| # include <string.h>
| #endif
| #ifdef HAVE_INTTYPES_H
| # include <inttypes.h>
| #endif
| #ifdef HAVE_STDINT_H
| # include <stdint.h>
| #endif
| #ifdef HAVE_STRINGS_H
| # include <strings.h>
| #endif
| #ifdef HAVE_SYS_TYPES_H
| # include <sys/types.h>
| #endif
| #ifdef HAVE_SYS_STAT_H
| # include <sys/stat.h>
| #endif
| #ifdef HAVE_UNISTD_H
| # include <unistd.h>
| #endif
| 	        enum { N = 64 / 2 - 1 };
| int
| main (void)
| {
| static int test_array [1 - 2 * !((int64_t) (((((int64_t) 1 << N) << N) - 1) * 2 + 1)
| 		 < (int64_t) (((((int64_t) 1 << N) << N) - 1) * 2 + 2))];
| test_array [0] = 0;
| return test_array [0];
| 
|   ;
|   return 0;
| }
configure:24958: result: yes
configure:24967: checking for off_t
configure:24967: x86_64-linux-musl-gcc -c -fPIC  conftest.c >&5
configure:24967: $? = 0
configure:24967: x86_64-linux-musl-gcc -c -fPIC  conftest.c >&5
conftest.c: In function 'main':
conftest.c:92:20: error: expected expression before ')' token
   92 | if (sizeof ((off_t)))
      |                    ^
configure:24967: $? = 1
configure: failed program was:
| /* confdefs.h */
| #define PACKAGE_NAME "nghttp2"
| #define PACKAGE_TARNAME "nghttp2"
| #define PACKAGE_VERSION "1.67.1"
| #define PACKAGE_STRING "nghttp2 1.67.1"
| #define PACKAGE_BUGREPORT "t-tujikawa@users.sourceforge.net"
| #define PACKAGE_URL ""
| #define HAVE_STDIO_H 1
| #define HAVE_STDLIB_H 1
| #define HAVE_STRING_H 1
| #define HAVE_INTTYPES_H 1
| #define HAVE_STDINT_H 1
| #define HAVE_STRINGS_H 1
| #define HAVE_SYS_STAT_H 1
| #define HAVE_SYS_TYPES_H 1
| #define HAVE_UNISTD_H 1
| #define HAVE_WCHAR_H 1
| #define STDC_HEADERS 1
| #define _ALL_SOURCE 1
| #define _DARWIN_C_SOURCE 1
| #define _GNU_SOURCE 1
| #define _HPUX_ALT_XOPEN_SOCKET_API 1
| #define _NETBSD_SOURCE 1
| #define _OPENBSD_SOURCE 1
| #define _POSIX_PTHREAD_SEMANTICS 1
| #define __STDC_WANT_IEC_60559_ATTRIBS_EXT__ 1
| #define __STDC_WANT_IEC_60559_BFP_EXT__ 1
| #define __STDC_WANT_IEC_60559_DFP_EXT__ 1
| #define __STDC_WANT_IEC_60559_FUNCS_EXT__ 1
| #define __STDC_WANT_IEC_60559_TYPES_EXT__ 1
| #define __STDC_WANT_LIB_EXT2__ 1
| #define __STDC_WANT_MATH_SPEC_FUNCS__ 1
| #define _TANDEM_SOURCE 1
| #define __EXTENSIONS__ 1
| #define HAVE_DLFCN_H 1
| #define LT_OBJDIR ".libs/"
| #define PACKAGE "nghttp2"
| #define VERSION "1.67.1"
| #define NGHTTP2_NORETURN __attribute__((noreturn))
| #define HAVE_CXX20 1
| #define HAVE_STD_FUTURE 1
| #define HAVE_ATOMIC_STD_SHARED_PTR 1
| #define HAVE_STD_CHRONO_TIME_ZONE 1
| #define HAVE_ARPA_INET_H 1
| #define HAVE_FCNTL_H 1
| #define HAVE_INTTYPES_H 1
| #define HAVE_LIMITS_H 1
| #define HAVE_NETDB_H 1
| #define HAVE_NETINET_IN_H 1
| #define HAVE_NETINET_IP_H 1
| #define HAVE_PWD_H 1
| #define HAVE_STDDEF_H 1
| #define HAVE_STDINT_H 1
| #define HAVE_STDLIB_H 1
| #define HAVE_STRING_H 1
| #define HAVE_SYS_SOCKET_H 1
| #define HAVE_SYS_TIME_H 1
| #define HAVE_SYSLOG_H 1
| #define HAVE_UNISTD_H 1
| /* end confdefs.h.  */
| #include <stddef.h>
| #ifdef HAVE_STDIO_H
| # include <stdio.h>
| #endif
| #ifdef HAVE_STDLIB_H
| # include <stdlib.h>
| #endif
| #ifdef HAVE_STRING_H
| # include <string.h>
| #endif
| #ifdef HAVE_INTTYPES_H
| # include <inttypes.h>
| #endif
| #ifdef HAVE_STDINT_H
| # include <stdint.h>
| #endif
| #ifdef HAVE_STRINGS_H
| # include <strings.h>
| #endif
| #ifdef HAVE_SYS_TYPES_H
| # include <sys/types.h>
| #endif
| #ifdef HAVE_SYS_STAT_H
| # include <sys/stat.h>
| #endif
| #ifdef HAVE_UNISTD_H
| # include <unistd.h>
| #endif
| int
| main (void)
| {
| if (sizeof ((off_t)))
| 	    return 0;
|   ;
|   return 0;
| }
configure:24967: result: yes
configure:24978: checking for pid_t
configure:24978: x86_64-linux-musl-gcc -c -fPIC  conftest.c >&5
configure:24978: $? = 0
configure:24978: x86_64-linux-musl-gcc -c -fPIC  conftest.c >&5
conftest.c: In function 'main':
conftest.c:93:20: error: expected expression before ')' token
   93 | if (sizeof ((pid_t)))
      |                    ^
configure:24978: $? = 1
configure: failed program was:
| /* confdefs.h */
| #define PACKAGE_NAME "nghttp2"
| #define PACKAGE_TARNAME "nghttp2"
| #define PACKAGE_VERSION "1.67.1"
| #define PACKAGE_STRING "nghttp2 1.67.1"
| #define PACKAGE_BUGREPORT "t-tujikawa@users.sourceforge.net"
| #define PACKAGE_URL ""
| #define HAVE_STDIO_H 1
| #define HAVE_STDLIB_H 1
| #define HAVE_STRING_H 1
| #define HAVE_INTTYPES_H 1
| #define HAVE_STDINT_H 1
| #define HAVE_STRINGS_H 1
| #define HAVE_SYS_STAT_H 1
| #define HAVE_SYS_TYPES_H 1
| #define HAVE_UNISTD_H 1
| #define HAVE_WCHAR_H 1
| #define STDC_HEADERS 1
| #define _ALL_SOURCE 1
| #define _DARWIN_C_SOURCE 1
| #define _GNU_SOURCE 1
| #define _HPUX_ALT_XOPEN_SOCKET_API 1
| #define _NETBSD_SOURCE 1
| #define _OPENBSD_SOURCE 1
| #define _POSIX_PTHREAD_SEMANTICS 1
| #define __STDC_WANT_IEC_60559_ATTRIBS_EXT__ 1
| #define __STDC_WANT_IEC_60559_BFP_EXT__ 1
| #define __STDC_WANT_IEC_60559_DFP_EXT__ 1
| #define __STDC_WANT_IEC_60559_FUNCS_EXT__ 1
| #define __STDC_WANT_IEC_60559_TYPES_EXT__ 1
| #define __STDC_WANT_LIB_EXT2__ 1
| #define __STDC_WANT_MATH_SPEC_FUNCS__ 1
| #define _TANDEM_SOURCE 1
| #define __EXTENSIONS__ 1
| #define HAVE_DLFCN_H 1
| #define LT_OBJDIR ".libs/"
| #define PACKAGE "nghttp2"
| #define VERSION "1.67.1"
| #define NGHTTP2_NORETURN __attribute__((noreturn))
| #define HAVE_CXX20 1
| #define HAVE_STD_FUTURE 1
| #define HAVE_ATOMIC_STD_SHARED_PTR 1
| #define HAVE_STD_CHRONO_TIME_ZONE 1
| #define HAVE_ARPA_INET_H 1
| #define HAVE_FCNTL_H 1
| #define HAVE_INTTYPES_H 1
| #define HAVE_LIMITS_H 1
| #define HAVE_NETDB_H 1
| #define HAVE_NETINET_IN_H 1
| #define HAVE_NETINET_IP_H 1
| #define HAVE_PWD_H 1
| #define HAVE_STDDEF_H 1
| #define HAVE_STDINT_H 1
| #define HAVE_STDLIB_H 1
| #define HAVE_STRING_H 1
| #define HAVE_SYS_SOCKET_H 1
| #define HAVE_SYS_TIME_H 1
| #define HAVE_SYSLOG_H 1
| #define HAVE_UNISTD_H 1
| /* end confdefs.h.  */
| #include <stddef.h>
| #ifdef HAVE_STDIO_H
| # include <stdio.h>
| #endif
| #ifdef HAVE_STDLIB_H
| # include <stdlib.h>
| #endif
| #ifdef HAVE_STRING_H
| # include <string.h>
| #endif
| #ifdef HAVE_INTTYPES_H
| # include <inttypes.h>
| #endif
| #ifdef HAVE_STDINT_H
| # include <stdint.h>
| #endif
| #ifdef HAVE_STRINGS_H
| # include <strings.h>
| #endif
| #ifdef HAVE_SYS_TYPES_H
| # include <sys/types.h>
| #endif
| #ifdef HAVE_SYS_STAT_H
| # include <sys/stat.h>
| #endif
| #ifdef HAVE_UNISTD_H
| # include <unistd.h>
| #endif
| 
| int
| main (void)
| {
| if (sizeof ((pid_t)))
| 	    return 0;
|   ;
|   return 0;
| }
configure:24978: result: yes
configure:25015: checking for uid_t in sys/types.h
configure:25036: result: yes
configure:25047: checking for ptrdiff_t
configure:25047: x86_64-linux-musl-gcc -c -fPIC  conftest.c >&5
configure:25047: $? = 0
configure:25047: x86_64-linux-musl-gcc -c -fPIC  conftest.c >&5
conftest.c: In function 'main':
conftest.c:92:24: error: expected expression before ')' token
   92 | if (sizeof ((ptrdiff_t)))
      |                        ^
configure:25047: $? = 1
configure: failed program was:
| /* confdefs.h */
| #define PACKAGE_NAME "nghttp2"
| #define PACKAGE_TARNAME "nghttp2"
| #define PACKAGE_VERSION "1.67.1"
| #define PACKAGE_STRING "nghttp2 1.67.1"
| #define PACKAGE_BUGREPORT "t-tujikawa@users.sourceforge.net"
| #define PACKAGE_URL ""
| #define HAVE_STDIO_H 1
| #define HAVE_STDLIB_H 1
| #define HAVE_STRING_H 1
| #define HAVE_INTTYPES_H 1
| #define HAVE_STDINT_H 1
| #define HAVE_STRINGS_H 1
| #define HAVE_SYS_STAT_H 1
| #define HAVE_SYS_TYPES_H 1
| #define HAVE_UNISTD_H 1
| #define HAVE_WCHAR_H 1
| #define STDC_HEADERS 1
| #define _ALL_SOURCE 1
| #define _DARWIN_C_SOURCE 1
| #define _GNU_SOURCE 1
| #define _HPUX_ALT_XOPEN_SOCKET_API 1
| #define _NETBSD_SOURCE 1
| #define _OPENBSD_SOURCE 1
| #define _POSIX_PTHREAD_SEMANTICS 1
| #define __STDC_WANT_IEC_60559_ATTRIBS_EXT__ 1
| #define __STDC_WANT_IEC_60559_BFP_EXT__ 1
| #define __STDC_WANT_IEC_60559_DFP_EXT__ 1
| #define __STDC_WANT_IEC_60559_FUNCS_EXT__ 1
| #define __STDC_WANT_IEC_60559_TYPES_EXT__ 1
| #define __STDC_WANT_LIB_EXT2__ 1
| #define __STDC_WANT_MATH_SPEC_FUNCS__ 1
| #define _TANDEM_SOURCE 1
| #define __EXTENSIONS__ 1
| #define HAVE_DLFCN_H 1
| #define LT_OBJDIR ".libs/"
| #define PACKAGE "nghttp2"
| #define VERSION "1.67.1"
| #define NGHTTP2_NORETURN __attribute__((noreturn))
| #define HAVE_CXX20 1
| #define HAVE_STD_FUTURE 1
| #define HAVE_ATOMIC_STD_SHARED_PTR 1
| #define HAVE_STD_CHRONO_TIME_ZONE 1
| #define HAVE_ARPA_INET_H 1
| #define HAVE_FCNTL_H 1
| #define HAVE_INTTYPES_H 1
| #define HAVE_LIMITS_H 1
| #define HAVE_NETDB_H 1
| #define HAVE_NETINET_IN_H 1
| #define HAVE_NETINET_IP_H 1
| #define HAVE_PWD_H 1
| #define HAVE_STDDEF_H 1
| #define HAVE_STDINT_H 1
| #define HAVE_STDLIB_H 1
| #define HAVE_STRING_H 1
| #define HAVE_SYS_SOCKET_H 1
| #define HAVE_SYS_TIME_H 1
| #define HAVE_SYSLOG_H 1
| #define HAVE_UNISTD_H 1
| /* end confdefs.h.  */
| #include <stddef.h>
| #ifdef HAVE_STDIO_H
| # include <stdio.h>
| #endif
| #ifdef HAVE_STDLIB_H
| # include <stdlib.h>
| #endif
| #ifdef HAVE_STRING_H
| # include <string.h>
| #endif
| #ifdef HAVE_INTTYPES_H
| # include <inttypes.h>
| #endif
| #ifdef HAVE_STDINT_H
| # include <stdint.h>
| #endif
| #ifdef HAVE_STRINGS_H
| # include <strings.h>
| #endif
| #ifdef HAVE_SYS_TYPES_H
| # include <sys/types.h>
| #endif
| #ifdef HAVE_SYS_STAT_H
| # include <sys/stat.h>
| #endif
| #ifdef HAVE_UNISTD_H
| # include <unistd.h>
| #endif
| int
| main (void)
| {
| if (sizeof ((ptrdiff_t)))
| 	    return 0;
|   ;
|   return 0;
| }
configure:25047: result: yes
configure:25056: checking whether byte ordering is bigendian
configure:25072: x86_64-linux-musl-gcc -c -fPIC  conftest.c >&5
conftest.c:63:16: error: unknown type name 'not'
   63 |                not a universal capable compiler
      |                ^~~
conftest.c:63:22: error: expected '=', ',', ';', 'asm' or '__attribute__' before 'universal'
   63 |                not a universal capable compiler
      |                      ^~~~~~~~~
conftest.c:63:22: error: unknown type name 'universal'
configure:25072: $? = 1
configure: failed program was:
| /* confdefs.h */
| #define PACKAGE_NAME "nghttp2"
| #define PACKAGE_TARNAME "nghttp2"
| #define PACKAGE_VERSION "1.67.1"
| #define PACKAGE_STRING "nghttp2 1.67.1"
| #define PACKAGE_BUGREPORT "t-tujikawa@users.sourceforge.net"
| #define PACKAGE_URL ""
| #define HAVE_STDIO_H 1
| #define HAVE_STDLIB_H 1
| #define HAVE_STRING_H 1
| #define HAVE_INTTYPES_H 1
| #define HAVE_STDINT_H 1
| #define HAVE_STRINGS_H 1
| #define HAVE_SYS_STAT_H 1
| #define HAVE_SYS_TYPES_H 1
| #define HAVE_UNISTD_H 1
| #define HAVE_WCHAR_H 1
| #define STDC_HEADERS 1
| #define _ALL_SOURCE 1
| #define _DARWIN_C_SOURCE 1
| #define _GNU_SOURCE 1
| #define _HPUX_ALT_XOPEN_SOCKET_API 1
| #define _NETBSD_SOURCE 1
| #define _OPENBSD_SOURCE 1
| #define _POSIX_PTHREAD_SEMANTICS 1
| #define __STDC_WANT_IEC_60559_ATTRIBS_EXT__ 1
| #define __STDC_WANT_IEC_60559_BFP_EXT__ 1
| #define __STDC_WANT_IEC_60559_DFP_EXT__ 1
| #define __STDC_WANT_IEC_60559_FUNCS_EXT__ 1
| #define __STDC_WANT_IEC_60559_TYPES_EXT__ 1
| #define __STDC_WANT_LIB_EXT2__ 1
| #define __STDC_WANT_MATH_SPEC_FUNCS__ 1
| #define _TANDEM_SOURCE 1
| #define __EXTENSIONS__ 1
| #define HAVE_DLFCN_H 1
| #define LT_OBJDIR ".libs/"
| #define PACKAGE "nghttp2"
| #define VERSION "1.67.1"
| #define NGHTTP2_NORETURN __attribute__((noreturn))
| #define HAVE_CXX20 1
| #define HAVE_STD_FUTURE 1
| #define HAVE_ATOMIC_STD_SHARED_PTR 1
| #define HAVE_STD_CHRONO_TIME_ZONE 1
| #define HAVE_ARPA_INET_H 1
| #define HAVE_FCNTL_H 1
| #define HAVE_INTTYPES_H 1
| #define HAVE_LIMITS_H 1
| #define HAVE_NETDB_H 1
| #define HAVE_NETINET_IN_H 1
| #define HAVE_NETINET_IP_H 1
| #define HAVE_PWD_H 1
| #define HAVE_STDDEF_H 1
| #define HAVE_STDINT_H 1
| #define HAVE_STDLIB_H 1
| #define HAVE_STRING_H 1
| #define HAVE_SYS_SOCKET_H 1
| #define HAVE_SYS_TIME_H 1
| #define HAVE_SYSLOG_H 1
| #define HAVE_UNISTD_H 1
| #define HAVE_PTRDIFF_T 1
| /* end confdefs.h.  */
| #ifndef __APPLE_CC__
| 	       not a universal capable compiler
| 	     #endif
| 	     typedef int dummy;
| 
configure:25118: x86_64-linux-musl-gcc -c -fPIC  conftest.c >&5
configure:25118: $? = 0
configure:25137: x86_64-linux-musl-gcc -c -fPIC  conftest.c >&5
conftest.c: In function 'main':
conftest.c:69:18: error: unknown type name 'not'; did you mean 'ino_t'?
   69 |                  not big endian
      |                  ^~~
      |                  ino_t
conftest.c:69:26: error: expected '=', ',', ';', 'asm' or '__attribute__' before 'endian'
   69 |                  not big endian
      |                          ^~~~~~
configure:25137: $? = 1
configure: failed program was:
| /* confdefs.h */
| #define PACKAGE_NAME "nghttp2"
| #define PACKAGE_TARNAME "nghttp2"
| #define PACKAGE_VERSION "1.67.1"
| #define PACKAGE_STRING "nghttp2 1.67.1"
| #define PACKAGE_BUGREPORT "t-tujikawa@users.sourceforge.net"
| #define PACKAGE_URL ""
| #define HAVE_STDIO_H 1
| #define HAVE_STDLIB_H 1
| #define HAVE_STRING_H 1
| #define HAVE_INTTYPES_H 1
| #define HAVE_STDINT_H 1
| #define HAVE_STRINGS_H 1
| #define HAVE_SYS_STAT_H 1
| #define HAVE_SYS_TYPES_H 1
| #define HAVE_UNISTD_H 1
| #define HAVE_WCHAR_H 1
| #define STDC_HEADERS 1
| #define _ALL_SOURCE 1
| #define _DARWIN_C_SOURCE 1
| #define _GNU_SOURCE 1
| #define _HPUX_ALT_XOPEN_SOCKET_API 1
| #define _NETBSD_SOURCE 1
| #define _OPENBSD_SOURCE 1
| #define _POSIX_PTHREAD_SEMANTICS 1
| #define __STDC_WANT_IEC_60559_ATTRIBS_EXT__ 1
| #define __STDC_WANT_IEC_60559_BFP_EXT__ 1
| #define __STDC_WANT_IEC_60559_DFP_EXT__ 1
| #define __STDC_WANT_IEC_60559_FUNCS_EXT__ 1
| #define __STDC_WANT_IEC_60559_TYPES_EXT__ 1
| #define __STDC_WANT_LIB_EXT2__ 1
| #define __STDC_WANT_MATH_SPEC_FUNCS__ 1
| #define _TANDEM_SOURCE 1
| #define __EXTENSIONS__ 1
| #define HAVE_DLFCN_H 1
| #define LT_OBJDIR ".libs/"
| #define PACKAGE "nghttp2"
| #define VERSION "1.67.1"
| #define NGHTTP2_NORETURN __attribute__((noreturn))
| #define HAVE_CXX20 1
| #define HAVE_STD_FUTURE 1
| #define HAVE_ATOMIC_STD_SHARED_PTR 1
| #define HAVE_STD_CHRONO_TIME_ZONE 1
| #define HAVE_ARPA_INET_H 1
| #define HAVE_FCNTL_H 1
| #define HAVE_INTTYPES_H 1
| #define HAVE_LIMITS_H 1
| #define HAVE_NETDB_H 1
| #define HAVE_NETINET_IN_H 1
| #define HAVE_NETINET_IP_H 1
| #define HAVE_PWD_H 1
| #define HAVE_STDDEF_H 1
| #define HAVE_STDINT_H 1
| #define HAVE_STDLIB_H 1
| #define HAVE_STRING_H 1
| #define HAVE_SYS_SOCKET_H 1
| #define HAVE_SYS_TIME_H 1
| #define HAVE_SYSLOG_H 1
| #define HAVE_UNISTD_H 1
| #define HAVE_PTRDIFF_T 1
| /* end confdefs.h.  */
| #include <sys/types.h>
| 		#include <sys/param.h>
| 
| int
| main (void)
| {
| #if BYTE_ORDER != BIG_ENDIAN
| 		 not big endian
| 		#endif
| 
|   ;
|   return 0;
| }
configure:25271: result: no
configure:25289: checking for inline
configure:25306: x86_64-linux-musl-gcc -c -fPIC  conftest.c >&5
configure:25306: $? = 0
configure:25315: result: inline
configure:25341: checking for special C compiler options needed for large files
configure:25389: result: no
configure:25395: checking for _FILE_OFFSET_BITS value needed for large files
configure:25421: x86_64-linux-musl-gcc -c -fPIC  conftest.c >&5
configure:25421: $? = 0
configure:25455: result: no
configure:25538: checking for struct tm.tm_gmtoff
configure:25538: x86_64-linux-musl-gcc -c -fPIC  conftest.c >&5
configure:25538: $? = 0
configure:25538: result: yes
configure:25548: checking for struct sockaddr_in.sin_len
configure:25548: x86_64-linux-musl-gcc -c -fPIC  conftest.c >&5
conftest.c: In function 'main':
conftest.c:72:12: error: 'struct sockaddr_in' has no member named 'sin_len'
   72 | if (ac_aggr.sin_len)
      |            ^
configure:25548: $? = 1
configure: failed program was:
| /* confdefs.h */
| #define PACKAGE_NAME "nghttp2"
| #define PACKAGE_TARNAME "nghttp2"
| #define PACKAGE_VERSION "1.67.1"
| #define PACKAGE_STRING "nghttp2 1.67.1"
| #define PACKAGE_BUGREPORT "t-tujikawa@users.sourceforge.net"
| #define PACKAGE_URL ""
| #define HAVE_STDIO_H 1
| #define HAVE_STDLIB_H 1
| #define HAVE_STRING_H 1
| #define HAVE_INTTYPES_H 1
| #define HAVE_STDINT_H 1
| #define HAVE_STRINGS_H 1
| #define HAVE_SYS_STAT_H 1
| #define HAVE_SYS_TYPES_H 1
| #define HAVE_UNISTD_H 1
| #define HAVE_WCHAR_H 1
| #define STDC_HEADERS 1
| #define _ALL_SOURCE 1
| #define _DARWIN_C_SOURCE 1
| #define _GNU_SOURCE 1
| #define _HPUX_ALT_XOPEN_SOCKET_API 1
| #define _NETBSD_SOURCE 1
| #define _OPENBSD_SOURCE 1
| #define _POSIX_PTHREAD_SEMANTICS 1
| #define __STDC_WANT_IEC_60559_ATTRIBS_EXT__ 1
| #define __STDC_WANT_IEC_60559_BFP_EXT__ 1
| #define __STDC_WANT_IEC_60559_DFP_EXT__ 1
| #define __STDC_WANT_IEC_60559_FUNCS_EXT__ 1
| #define __STDC_WANT_IEC_60559_TYPES_EXT__ 1
| #define __STDC_WANT_LIB_EXT2__ 1
| #define __STDC_WANT_MATH_SPEC_FUNCS__ 1
| #define _TANDEM_SOURCE 1
| #define __EXTENSIONS__ 1
| #define HAVE_DLFCN_H 1
| #define LT_OBJDIR ".libs/"
| #define PACKAGE "nghttp2"
| #define VERSION "1.67.1"
| #define NGHTTP2_NORETURN __attribute__((noreturn))
| #define HAVE_CXX20 1
| #define HAVE_STD_FUTURE 1
| #define HAVE_ATOMIC_STD_SHARED_PTR 1
| #define HAVE_STD_CHRONO_TIME_ZONE 1
| #define HAVE_ARPA_INET_H 1
| #define HAVE_FCNTL_H 1
| #define HAVE_INTTYPES_H 1
| #define HAVE_LIMITS_H 1
| #define HAVE_NETDB_H 1
| #define HAVE_NETINET_IN_H 1
| #define HAVE_NETINET_IP_H 1
| #define HAVE_PWD_H 1
| #define HAVE_STDDEF_H 1
| #define HAVE_STDINT_H 1
| #define HAVE_STDLIB_H 1
| #define HAVE_STRING_H 1
| #define HAVE_SYS_SOCKET_H 1
| #define HAVE_SYS_TIME_H 1
| #define HAVE_SYSLOG_H 1
| #define HAVE_UNISTD_H 1
| #define HAVE_PTRDIFF_T 1
| /* end confdefs.h.  */
| 
| #include <sys/types.h>
| #include <sys/socket.h>
| #include <netinet/in.h>
| 
| 
| int
| main (void)
| {
| static struct sockaddr_in ac_aggr;
| if (ac_aggr.sin_len)
| return 0;
|   ;
|   return 0;
| }
configure:25548: x86_64-linux-musl-gcc -c -fPIC  conftest.c >&5
conftest.c: In function 'main':
conftest.c:72:19: error: 'struct sockaddr_in' has no member named 'sin_len'
   72 | if (sizeof ac_aggr.sin_len)
      |                   ^
configure:25548: $? = 1
configure: failed program was:
| /* confdefs.h */
| #define PACKAGE_NAME "nghttp2"
| #define PACKAGE_TARNAME "nghttp2"
| #define PACKAGE_VERSION "1.67.1"
| #define PACKAGE_STRING "nghttp2 1.67.1"
| #define PACKAGE_BUGREPORT "t-tujikawa@users.sourceforge.net"
| #define PACKAGE_URL ""
| #define HAVE_STDIO_H 1
| #define HAVE_STDLIB_H 1
| #define HAVE_STRING_H 1
| #define HAVE_INTTYPES_H 1
| #define HAVE_STDINT_H 1
| #define HAVE_STRINGS_H 1
| #define HAVE_SYS_STAT_H 1
| #define HAVE_SYS_TYPES_H 1
| #define HAVE_UNISTD_H 1
| #define HAVE_WCHAR_H 1
| #define STDC_HEADERS 1
| #define _ALL_SOURCE 1
| #define _DARWIN_C_SOURCE 1
| #define _GNU_SOURCE 1
| #define _HPUX_ALT_XOPEN_SOCKET_API 1
| #define _NETBSD_SOURCE 1
| #define _OPENBSD_SOURCE 1
| #define _POSIX_PTHREAD_SEMANTICS 1
| #define __STDC_WANT_IEC_60559_ATTRIBS_EXT__ 1
| #define __STDC_WANT_IEC_60559_BFP_EXT__ 1
| #define __STDC_WANT_IEC_60559_DFP_EXT__ 1
| #define __STDC_WANT_IEC_60559_FUNCS_EXT__ 1
| #define __STDC_WANT_IEC_60559_TYPES_EXT__ 1
| #define __STDC_WANT_LIB_EXT2__ 1
| #define __STDC_WANT_MATH_SPEC_FUNCS__ 1
| #define _TANDEM_SOURCE 1
| #define __EXTENSIONS__ 1
| #define HAVE_DLFCN_H 1
| #define LT_OBJDIR ".libs/"
| #define PACKAGE "nghttp2"
| #define VERSION "1.67.1"
| #define NGHTTP2_NORETURN __attribute__((noreturn))
| #define HAVE_CXX20 1
| #define HAVE_STD_FUTURE 1
| #define HAVE_ATOMIC_STD_SHARED_PTR 1
| #define HAVE_STD_CHRONO_TIME_ZONE 1
| #define HAVE_ARPA_INET_H 1
| #define HAVE_FCNTL_H 1
| #define HAVE_INTTYPES_H 1
| #define HAVE_LIMITS_H 1
| #define HAVE_NETDB_H 1
| #define HAVE_NETINET_IN_H 1
| #define HAVE_NETINET_IP_H 1
| #define HAVE_PWD_H 1
| #define HAVE_STDDEF_H 1
| #define HAVE_STDINT_H 1
| #define HAVE_STDLIB_H 1
| #define HAVE_STRING_H 1
| #define HAVE_SYS_SOCKET_H 1
| #define HAVE_SYS_TIME_H 1
| #define HAVE_SYSLOG_H 1
| #define HAVE_UNISTD_H 1
| #define HAVE_PTRDIFF_T 1
| /* end confdefs.h.  */
| 
| #include <sys/types.h>
| #include <sys/socket.h>
| #include <netinet/in.h>
| 
| 
| int
| main (void)
| {
| static struct sockaddr_in ac_aggr;
| if (sizeof ac_aggr.sin_len)
| return 0;
|   ;
|   return 0;
| }
configure:25548: result: no
configure:25562: checking for struct sockaddr_in6.sin6_len
configure:25562: x86_64-linux-musl-gcc -c -fPIC  conftest.c >&5
conftest.c: In function 'main':
conftest.c:72:12: error: 'struct sockaddr_in6' has no member named 'sin6_len'
   72 | if (ac_aggr.sin6_len)
      |            ^
configure:25562: $? = 1
configure: failed program was:
| /* confdefs.h */
| #define PACKAGE_NAME "nghttp2"
| #define PACKAGE_TARNAME "nghttp2"
| #define PACKAGE_VERSION "1.67.1"
| #define PACKAGE_STRING "nghttp2 1.67.1"
| #define PACKAGE_BUGREPORT "t-tujikawa@users.sourceforge.net"
| #define PACKAGE_URL ""
| #define HAVE_STDIO_H 1
| #define HAVE_STDLIB_H 1
| #define HAVE_STRING_H 1
| #define HAVE_INTTYPES_H 1
| #define HAVE_STDINT_H 1
| #define HAVE_STRINGS_H 1
| #define HAVE_SYS_STAT_H 1
| #define HAVE_SYS_TYPES_H 1
| #define HAVE_UNISTD_H 1
| #define HAVE_WCHAR_H 1
| #define STDC_HEADERS 1
| #define _ALL_SOURCE 1
| #define _DARWIN_C_SOURCE 1
| #define _GNU_SOURCE 1
| #define _HPUX_ALT_XOPEN_SOCKET_API 1
| #define _NETBSD_SOURCE 1
| #define _OPENBSD_SOURCE 1
| #define _POSIX_PTHREAD_SEMANTICS 1
| #define __STDC_WANT_IEC_60559_ATTRIBS_EXT__ 1
| #define __STDC_WANT_IEC_60559_BFP_EXT__ 1
| #define __STDC_WANT_IEC_60559_DFP_EXT__ 1
| #define __STDC_WANT_IEC_60559_FUNCS_EXT__ 1
| #define __STDC_WANT_IEC_60559_TYPES_EXT__ 1
| #define __STDC_WANT_LIB_EXT2__ 1
| #define __STDC_WANT_MATH_SPEC_FUNCS__ 1
| #define _TANDEM_SOURCE 1
| #define __EXTENSIONS__ 1
| #define HAVE_DLFCN_H 1
| #define LT_OBJDIR ".libs/"
| #define PACKAGE "nghttp2"
| #define VERSION "1.67.1"
| #define NGHTTP2_NORETURN __attribute__((noreturn))
| #define HAVE_CXX20 1
| #define HAVE_STD_FUTURE 1
| #define HAVE_ATOMIC_STD_SHARED_PTR 1
| #define HAVE_STD_CHRONO_TIME_ZONE 1
| #define HAVE_ARPA_INET_H 1
| #define HAVE_FCNTL_H 1
| #define HAVE_INTTYPES_H 1
| #define HAVE_LIMITS_H 1
| #define HAVE_NETDB_H 1
| #define HAVE_NETINET_IN_H 1
| #define HAVE_NETINET_IP_H 1
| #define HAVE_PWD_H 1
| #define HAVE_STDDEF_H 1
| #define HAVE_STDINT_H 1
| #define HAVE_STDLIB_H 1
| #define HAVE_STRING_H 1
| #define HAVE_SYS_SOCKET_H 1
| #define HAVE_SYS_TIME_H 1
| #define HAVE_SYSLOG_H 1
| #define HAVE_UNISTD_H 1
| #define HAVE_PTRDIFF_T 1
| /* end confdefs.h.  */
| 
| #include <sys/types.h>
| #include <sys/socket.h>
| #include <netinet/in.h>
| 
| 
| int
| main (void)
| {
| static struct sockaddr_in6 ac_aggr;
| if (ac_aggr.sin6_len)
| return 0;
|   ;
|   return 0;
| }
configure:25562: x86_64-linux-musl-gcc -c -fPIC  conftest.c >&5
conftest.c: In function 'main':
conftest.c:72:19: error: 'struct sockaddr_in6' has no member named 'sin6_len'
   72 | if (sizeof ac_aggr.sin6_len)
      |                   ^
configure:25562: $? = 1
configure: failed program was:
| /* confdefs.h */
| #define PACKAGE_NAME "nghttp2"
| #define PACKAGE_TARNAME "nghttp2"
| #define PACKAGE_VERSION "1.67.1"
| #define PACKAGE_STRING "nghttp2 1.67.1"
| #define PACKAGE_BUGREPORT "t-tujikawa@users.sourceforge.net"
| #define PACKAGE_URL ""
| #define HAVE_STDIO_H 1
| #define HAVE_STDLIB_H 1
| #define HAVE_STRING_H 1
| #define HAVE_INTTYPES_H 1
| #define HAVE_STDINT_H 1
| #define HAVE_STRINGS_H 1
| #define HAVE_SYS_STAT_H 1
| #define HAVE_SYS_TYPES_H 1
| #define HAVE_UNISTD_H 1
| #define HAVE_WCHAR_H 1
| #define STDC_HEADERS 1
| #define _ALL_SOURCE 1
| #define _DARWIN_C_SOURCE 1
| #define _GNU_SOURCE 1
| #define _HPUX_ALT_XOPEN_SOCKET_API 1
| #define _NETBSD_SOURCE 1
| #define _OPENBSD_SOURCE 1
| #define _POSIX_PTHREAD_SEMANTICS 1
| #define __STDC_WANT_IEC_60559_ATTRIBS_EXT__ 1
| #define __STDC_WANT_IEC_60559_BFP_EXT__ 1
| #define __STDC_WANT_IEC_60559_DFP_EXT__ 1
| #define __STDC_WANT_IEC_60559_FUNCS_EXT__ 1
| #define __STDC_WANT_IEC_60559_TYPES_EXT__ 1
| #define __STDC_WANT_LIB_EXT2__ 1
| #define __STDC_WANT_MATH_SPEC_FUNCS__ 1
| #define _TANDEM_SOURCE 1
| #define __EXTENSIONS__ 1
| #define HAVE_DLFCN_H 1
| #define LT_OBJDIR ".libs/"
| #define PACKAGE "nghttp2"
| #define VERSION "1.67.1"
| #define NGHTTP2_NORETURN __attribute__((noreturn))
| #define HAVE_CXX20 1
| #define HAVE_STD_FUTURE 1
| #define HAVE_ATOMIC_STD_SHARED_PTR 1
| #define HAVE_STD_CHRONO_TIME_ZONE 1
| #define HAVE_ARPA_INET_H 1
| #define HAVE_FCNTL_H 1
| #define HAVE_INTTYPES_H 1
| #define HAVE_LIMITS_H 1
| #define HAVE_NETDB_H 1
| #define HAVE_NETINET_IN_H 1
| #define HAVE_NETINET_IP_H 1
| #define HAVE_PWD_H 1
| #define HAVE_STDDEF_H 1
| #define HAVE_STDINT_H 1
| #define HAVE_STDLIB_H 1
| #define HAVE_STRING_H 1
| #define HAVE_SYS_SOCKET_H 1
| #define HAVE_SYS_TIME_H 1
| #define HAVE_SYSLOG_H 1
| #define HAVE_UNISTD_H 1
| #define HAVE_PTRDIFF_T 1
| /* end confdefs.h.  */
| 
| #include <sys/types.h>
| #include <sys/socket.h>
| #include <netinet/in.h>
| 
| 
| int
| main (void)
| {
| static struct sockaddr_in6 ac_aggr;
| if (sizeof ac_aggr.sin6_len)
| return 0;
|   ;
|   return 0;
| }
configure:25562: result: no
configure:25587: checking for working chown
configure:25627: x86_64-linux-musl-gcc -o conftest -fPIC   conftest.c  >&5
configure:25627: $? = 0
configure:25627: ./conftest
configure:25627: $? = 0
configure:25640: result: yes
configure:25648: checking for error_at_line
configure:25665: x86_64-linux-musl-gcc -o conftest -fPIC   conftest.c  >&5
conftest.c:64:10: fatal error: error.h: No such file or directory
   64 | #include <error.h>
      |          ^~~~~~~~~
compilation terminated.
configure:25665: $? = 1
configure: failed program was:
| /* confdefs.h */
| #define PACKAGE_NAME "nghttp2"
| #define PACKAGE_TARNAME "nghttp2"
| #define PACKAGE_VERSION "1.67.1"
| #define PACKAGE_STRING "nghttp2 1.67.1"
| #define PACKAGE_BUGREPORT "t-tujikawa@users.sourceforge.net"
| #define PACKAGE_URL ""
| #define HAVE_STDIO_H 1
| #define HAVE_STDLIB_H 1
| #define HAVE_STRING_H 1
| #define HAVE_INTTYPES_H 1
| #define HAVE_STDINT_H 1
| #define HAVE_STRINGS_H 1
| #define HAVE_SYS_STAT_H 1
| #define HAVE_SYS_TYPES_H 1
| #define HAVE_UNISTD_H 1
| #define HAVE_WCHAR_H 1
| #define STDC_HEADERS 1
| #define _ALL_SOURCE 1
| #define _DARWIN_C_SOURCE 1
| #define _GNU_SOURCE 1
| #define _HPUX_ALT_XOPEN_SOCKET_API 1
| #define _NETBSD_SOURCE 1
| #define _OPENBSD_SOURCE 1
| #define _POSIX_PTHREAD_SEMANTICS 1
| #define __STDC_WANT_IEC_60559_ATTRIBS_EXT__ 1
| #define __STDC_WANT_IEC_60559_BFP_EXT__ 1
| #define __STDC_WANT_IEC_60559_DFP_EXT__ 1
| #define __STDC_WANT_IEC_60559_FUNCS_EXT__ 1
| #define __STDC_WANT_IEC_60559_TYPES_EXT__ 1
| #define __STDC_WANT_LIB_EXT2__ 1
| #define __STDC_WANT_MATH_SPEC_FUNCS__ 1
| #define _TANDEM_SOURCE 1
| #define __EXTENSIONS__ 1
| #define HAVE_DLFCN_H 1
| #define LT_OBJDIR ".libs/"
| #define PACKAGE "nghttp2"
| #define VERSION "1.67.1"
| #define NGHTTP2_NORETURN __attribute__((noreturn))
| #define HAVE_CXX20 1
| #define HAVE_STD_FUTURE 1
| #define HAVE_ATOMIC_STD_SHARED_PTR 1
| #define HAVE_STD_CHRONO_TIME_ZONE 1
| #define HAVE_ARPA_INET_H 1
| #define HAVE_FCNTL_H 1
| #define HAVE_INTTYPES_H 1
| #define HAVE_LIMITS_H 1
| #define HAVE_NETDB_H 1
| #define HAVE_NETINET_IN_H 1
| #define HAVE_NETINET_IP_H 1
| #define HAVE_PWD_H 1
| #define HAVE_STDDEF_H 1
| #define HAVE_STDINT_H 1
| #define HAVE_STDLIB_H 1
| #define HAVE_STRING_H 1
| #define HAVE_SYS_SOCKET_H 1
| #define HAVE_SYS_TIME_H 1
| #define HAVE_SYSLOG_H 1
| #define HAVE_UNISTD_H 1
| #define HAVE_PTRDIFF_T 1
| #define HAVE_STRUCT_TM_TM_GMTOFF 1
| #define HAVE_CHOWN 1
| /* end confdefs.h.  */
| #include <error.h>
| int
| main (void)
| {
| error_at_line (0, 0, "", 0, "an error occurred");
|   ;
|   return 0;
| }
configure:25674: result: no
configure:25690: checking for fork
configure:25690: x86_64-linux-musl-gcc -o conftest -fPIC   conftest.c  >&5
conftest.c:80:6: warning: conflicting types for built-in function 'fork'; expected 'int(void)' [-Wbuiltin-declaration-mismatch]
   80 | char fork ();
      |      ^~~~
configure:25690: $? = 0
configure:25690: result: yes
configure:25690: checking for vfork
configure:25690: x86_64-linux-musl-gcc -o conftest -fPIC   conftest.c  >&5
configure:25690: $? = 0
configure:25690: result: yes
configure:25703: checking for working fork
configure:25727: x86_64-linux-musl-gcc -o conftest -fPIC   conftest.c  >&5
configure:25727: $? = 0
configure:25727: ./conftest
configure:25727: $? = 0
configure:25738: result: yes
configure:25759: checking for working vfork
configure:25888: result: yes
configure:25915: checking for x86_64-linux-musl-gcc options needed to detect all undeclared functions
configure:25937: x86_64-linux-musl-gcc -c -fPIC   conftest.c >&5
conftest.c: In function 'main':
conftest.c:72:8: error: 'strchr' undeclared (first use in this function)
   72 | (void) strchr;
      |        ^~~~~~
conftest.c:1:1: note: 'strchr' is defined in header '<string.h>'; did you forget to '#include <string.h>'?
    1 | /* confdefs.h */
conftest.c:72:8: note: each undeclared identifier is reported only once for each function it appears in
   72 | (void) strchr;
      |        ^~~~~~
configure:25937: $? = 1
configure: failed program was:
| /* confdefs.h */
| #define PACKAGE_NAME "nghttp2"
| #define PACKAGE_TARNAME "nghttp2"
| #define PACKAGE_VERSION "1.67.1"
| #define PACKAGE_STRING "nghttp2 1.67.1"
| #define PACKAGE_BUGREPORT "t-tujikawa@users.sourceforge.net"
| #define PACKAGE_URL ""
| #define HAVE_STDIO_H 1
| #define HAVE_STDLIB_H 1
| #define HAVE_STRING_H 1
| #define HAVE_INTTYPES_H 1
| #define HAVE_STDINT_H 1
| #define HAVE_STRINGS_H 1
| #define HAVE_SYS_STAT_H 1
| #define HAVE_SYS_TYPES_H 1
| #define HAVE_UNISTD_H 1
| #define HAVE_WCHAR_H 1
| #define STDC_HEADERS 1
| #define _ALL_SOURCE 1
| #define _DARWIN_C_SOURCE 1
| #define _GNU_SOURCE 1
| #define _HPUX_ALT_XOPEN_SOCKET_API 1
| #define _NETBSD_SOURCE 1
| #define _OPENBSD_SOURCE 1
| #define _POSIX_PTHREAD_SEMANTICS 1
| #define __STDC_WANT_IEC_60559_ATTRIBS_EXT__ 1
| #define __STDC_WANT_IEC_60559_BFP_EXT__ 1
| #define __STDC_WANT_IEC_60559_DFP_EXT__ 1
| #define __STDC_WANT_IEC_60559_FUNCS_EXT__ 1
| #define __STDC_WANT_IEC_60559_TYPES_EXT__ 1
| #define __STDC_WANT_LIB_EXT2__ 1
| #define __STDC_WANT_MATH_SPEC_FUNCS__ 1
| #define _TANDEM_SOURCE 1
| #define __EXTENSIONS__ 1
| #define HAVE_DLFCN_H 1
| #define LT_OBJDIR ".libs/"
| #define PACKAGE "nghttp2"
| #define VERSION "1.67.1"
| #define NGHTTP2_NORETURN __attribute__((noreturn))
| #define HAVE_CXX20 1
| #define HAVE_STD_FUTURE 1
| #define HAVE_ATOMIC_STD_SHARED_PTR 1
| #define HAVE_STD_CHRONO_TIME_ZONE 1
| #define HAVE_ARPA_INET_H 1
| #define HAVE_FCNTL_H 1
| #define HAVE_INTTYPES_H 1
| #define HAVE_LIMITS_H 1
| #define HAVE_NETDB_H 1
| #define HAVE_NETINET_IN_H 1
| #define HAVE_NETINET_IP_H 1
| #define HAVE_PWD_H 1
| #define HAVE_STDDEF_H 1
| #define HAVE_STDINT_H 1
| #define HAVE_STDLIB_H 1
| #define HAVE_STRING_H 1
| #define HAVE_SYS_SOCKET_H 1
| #define HAVE_SYS_TIME_H 1
| #define HAVE_SYSLOG_H 1
| #define HAVE_UNISTD_H 1
| #define HAVE_PTRDIFF_T 1
| #define HAVE_STRUCT_TM_TM_GMTOFF 1
| #define HAVE_CHOWN 1
| #define HAVE_FORK 1
| #define HAVE_VFORK 1
| #define HAVE_WORKING_VFORK 1
| #define HAVE_WORKING_FORK 1
| /* end confdefs.h.  */
| 
| int
| main (void)
| {
| (void) strchr;
|   ;
|   return 0;
| }
configure:25964: x86_64-linux-musl-gcc -c -fPIC   conftest.c >&5
configure:25964: $? = 0
configure:25981: result: none needed
configure:25995: checking whether strerror_r is declared
configure:25995: x86_64-linux-musl-gcc -c -fPIC   conftest.c >&5
configure:25995: $? = 0
configure:25995: result: yes
configure:26014: checking whether strerror_r returns char *
configure:26039: x86_64-linux-musl-gcc -c -fPIC  conftest.c >&5
conftest.c: In function 'main':
conftest.c:76:20: error: invalid type argument of unary '*' (have 'int')
   76 |           char x = *strerror_r (0, buf, sizeof buf);
      |                    ^~~~~~~~~~~~~~~~~~~~~~~~~~~~~~~~
conftest.c:77:21: warning: initialization of 'char *' from 'int' makes pointer from integer without a cast [-Wint-conversion]
   77 |           char *p = strerror_r (0, buf, sizeof buf);
      |                     ^~~~~~~~~~
configure:26039: $? = 1
configure: failed program was:
| /* confdefs.h */
| #define PACKAGE_NAME "nghttp2"
| #define PACKAGE_TARNAME "nghttp2"
| #define PACKAGE_VERSION "1.67.1"
| #define PACKAGE_STRING "nghttp2 1.67.1"
| #define PACKAGE_BUGREPORT "t-tujikawa@users.sourceforge.net"
| #define PACKAGE_URL ""
| #define HAVE_STDIO_H 1
| #define HAVE_STDLIB_H 1
| #define HAVE_STRING_H 1
| #define HAVE_INTTYPES_H 1
| #define HAVE_STDINT_H 1
| #define HAVE_STRINGS_H 1
| #define HAVE_SYS_STAT_H 1
| #define HAVE_SYS_TYPES_H 1
| #define HAVE_UNISTD_H 1
| #define HAVE_WCHAR_H 1
| #define STDC_HEADERS 1
| #define _ALL_SOURCE 1
| #define _DARWIN_C_SOURCE 1
| #define _GNU_SOURCE 1
| #define _HPUX_ALT_XOPEN_SOCKET_API 1
| #define _NETBSD_SOURCE 1
| #define _OPENBSD_SOURCE 1
| #define _POSIX_PTHREAD_SEMANTICS 1
| #define __STDC_WANT_IEC_60559_ATTRIBS_EXT__ 1
| #define __STDC_WANT_IEC_60559_BFP_EXT__ 1
| #define __STDC_WANT_IEC_60559_DFP_EXT__ 1
| #define __STDC_WANT_IEC_60559_FUNCS_EXT__ 1
| #define __STDC_WANT_IEC_60559_TYPES_EXT__ 1
| #define __STDC_WANT_LIB_EXT2__ 1
| #define __STDC_WANT_MATH_SPEC_FUNCS__ 1
| #define _TANDEM_SOURCE 1
| #define __EXTENSIONS__ 1
| #define HAVE_DLFCN_H 1
| #define LT_OBJDIR ".libs/"
| #define PACKAGE "nghttp2"
| #define VERSION "1.67.1"
| #define NGHTTP2_NORETURN __attribute__((noreturn))
| #define HAVE_CXX20 1
| #define HAVE_STD_FUTURE 1
| #define HAVE_ATOMIC_STD_SHARED_PTR 1
| #define HAVE_STD_CHRONO_TIME_ZONE 1
| #define HAVE_ARPA_INET_H 1
| #define HAVE_FCNTL_H 1
| #define HAVE_INTTYPES_H 1
| #define HAVE_LIMITS_H 1
| #define HAVE_NETDB_H 1
| #define HAVE_NETINET_IN_H 1
| #define HAVE_NETINET_IP_H 1
| #define HAVE_PWD_H 1
| #define HAVE_STDDEF_H 1
| #define HAVE_STDINT_H 1
| #define HAVE_STDLIB_H 1
| #define HAVE_STRING_H 1
| #define HAVE_SYS_SOCKET_H 1
| #define HAVE_SYS_TIME_H 1
| #define HAVE_SYSLOG_H 1
| #define HAVE_UNISTD_H 1
| #define HAVE_PTRDIFF_T 1
| #define HAVE_STRUCT_TM_TM_GMTOFF 1
| #define HAVE_CHOWN 1
| #define HAVE_FORK 1
| #define HAVE_VFORK 1
| #define HAVE_WORKING_VFORK 1
| #define HAVE_WORKING_FORK 1
| #define HAVE_DECL_STRERROR_R 1
| #define HAVE_STRERROR_R 1
| /* end confdefs.h.  */
| #include <string.h>
| int
| main (void)
| {
| 
| 	  char buf[100];
| 	  char x = *strerror_r (0, buf, sizeof buf);
| 	  char *p = strerror_r (0, buf, sizeof buf);
| 	  return !p || x;
| 
|   ;
|   return 0;
| }
configure:26048: result: no
configure:26056: checking for working strnlen
configure:26096: x86_64-linux-musl-gcc -o conftest -fPIC   conftest.c  >&5
configure:26096: $? = 0
configure:26096: ./conftest
configure:26096: $? = 0
configure:26107: result: yes
configure:26117: checking for _Exit
configure:26117: x86_64-linux-musl-gcc -o conftest -fPIC   conftest.c  >&5
conftest.c:86:6: warning: conflicting types for built-in function '_Exit'; expected 'void(int)' [-Wbuiltin-declaration-mismatch]
   86 | char _Exit ();
      |      ^~~~~
conftest.c:78:1: note: '_Exit' is declared in header '<stdlib.h>'
   77 | #include <limits.h>
   78 | #undef _Exit
configure:26117: $? = 0
configure:26117: result: yes
configure:26123: checking for accept4
configure:26123: x86_64-linux-musl-gcc -o conftest -fPIC   conftest.c  >&5
configure:26123: $? = 0
configure:26123: result: yes
configure:26129: checking for clock_gettime
configure:26129: x86_64-linux-musl-gcc -o conftest -fPIC   conftest.c  >&5
configure:26129: $? = 0
configure:26129: result: yes
configure:26135: checking for dup2
configure:26135: x86_64-linux-musl-gcc -o conftest -fPIC   conftest.c  >&5
configure:26135: $? = 0
configure:26135: result: yes
configure:26141: checking for getcwd
configure:26141: x86_64-linux-musl-gcc -o conftest -fPIC   conftest.c  >&5
configure:26141: $? = 0
configure:26141: result: yes
configure:26147: checking for getpwnam
configure:26147: x86_64-linux-musl-gcc -o conftest -fPIC   conftest.c  >&5
configure:26147: $? = 0
configure:26147: result: yes
configure:26153: checking for localtime_r
configure:26153: x86_64-linux-musl-gcc -o conftest -fPIC   conftest.c  >&5
configure:26153: $? = 0
configure:26153: result: yes
configure:26159: checking for memchr
configure:26159: x86_64-linux-musl-gcc -o conftest -fPIC   conftest.c  >&5
conftest.c:93:6: warning: conflicting types for built-in function 'memchr'; expected 'void *(const void *, int,  long unsigned int)' [-Wbuiltin-declaration-mismatch]
   93 | char memchr ();
      |      ^~~~~~
conftest.c:85:1: note: 'memchr' is declared in header '<string.h>'
   84 | #include <limits.h>
   85 | #undef memchr
configure:26159: $? = 0
configure:26159: result: yes
configure:26165: checking for memmove
configure:26165: x86_64-linux-musl-gcc -o conftest -fPIC   conftest.c  >&5
conftest.c:94:6: warning: conflicting types for built-in function 'memmove'; expected 'void *(void *, const void *, long unsigned int)' [-Wbuiltin-declaration-mismatch]
   94 | char memmove ();
      |      ^~~~~~~
conftest.c:86:1: note: 'memmove' is declared in header '<string.h>'
   85 | #include <limits.h>
   86 | #undef memmove
configure:26165: $? = 0
configure:26165: result: yes
configure:26171: checking for memset
configure:26171: x86_64-linux-musl-gcc -o conftest -fPIC   conftest.c  >&5
conftest.c:95:6: warning: conflicting types for built-in function 'memset'; expected 'void *(void *, int,  long unsigned int)' [-Wbuiltin-declaration-mismatch]
   95 | char memset ();
      |      ^~~~~~
conftest.c:87:1: note: 'memset' is declared in header '<string.h>'
   86 | #include <limits.h>
   87 | #undef memset
configure:26171: $? = 0
configure:26171: result: yes
configure:26177: checking for mkostemp
configure:26177: x86_64-linux-musl-gcc -o conftest -fPIC   conftest.c  >&5
configure:26177: $? = 0
configure:26177: result: yes
configure:26183: checking for pipe2
configure:26183: x86_64-linux-musl-gcc -o conftest -fPIC   conftest.c  >&5
configure:26183: $? = 0
configure:26183: result: yes
configure:26189: checking for socket
configure:26189: x86_64-linux-musl-gcc -o conftest -fPIC   conftest.c  >&5
configure:26189: $? = 0
configure:26189: result: yes
configure:26195: checking for sqrt
configure:26195: x86_64-linux-musl-gcc -o conftest -fPIC   conftest.c  >&5
conftest.c:99:6: warning: conflicting types for built-in function 'sqrt'; expected 'double(double)' [-Wbuiltin-declaration-mismatch]
   99 | char sqrt ();
      |      ^~~~
conftest.c:91:1: note: 'sqrt' is declared in header '<math.h>'
   90 | #include <limits.h>
   91 | #undef sqrt
configure:26195: $? = 0
configure:26195: result: yes
configure:26201: checking for strchr
configure:26201: x86_64-linux-musl-gcc -o conftest -fPIC   conftest.c  >&5
conftest.c:100:6: warning: conflicting types for built-in function 'strchr'; expected 'char *(const char *, int)' [-Wbuiltin-declaration-mismatch]
  100 | char strchr ();
      |      ^~~~~~
conftest.c:92:1: note: 'strchr' is declared in header '<string.h>'
   91 | #include <limits.h>
   92 | #undef strchr
configure:26201: $? = 0
configure:26201: result: yes
configure:26207: checking for strdup
configure:26207: x86_64-linux-musl-gcc -o conftest -fPIC   conftest.c  >&5
conftest.c:101:6: warning: conflicting types for built-in function 'strdup'; expected 'char *(const char *)' [-Wbuiltin-declaration-mismatch]
  101 | char strdup ();
      |      ^~~~~~
configure:26207: $? = 0
configure:26207: result: yes
configure:26213: checking for strerror
configure:26213: x86_64-linux-musl-gcc -o conftest -fPIC   conftest.c  >&5
configure:26213: $? = 0
configure:26213: result: yes
configure:26219: checking for strndup
configure:26219: x86_64-linux-musl-gcc -o conftest -fPIC   conftest.c  >&5
conftest.c:103:6: warning: conflicting types for built-in function 'strndup'; expected 'char *(const char *, long unsigned int)' [-Wbuiltin-declaration-mismatch]
  103 | char strndup ();
      |      ^~~~~~~
configure:26219: $? = 0
configure:26219: result: yes
configure:26225: checking for strstr
configure:26225: x86_64-linux-musl-gcc -o conftest -fPIC   conftest.c  >&5
conftest.c:104:6: warning: conflicting types for built-in function 'strstr'; expected 'char *(const char *, const char *)' [-Wbuiltin-declaration-mismatch]
  104 | char strstr ();
      |      ^~~~~~
conftest.c:96:1: note: 'strstr' is declared in header '<string.h>'
   95 | #include <limits.h>
   96 | #undef strstr
configure:26225: $? = 0
configure:26225: result: yes
configure:26231: checking for strtol
configure:26231: x86_64-linux-musl-gcc -o conftest -fPIC   conftest.c  >&5
configure:26231: $? = 0
configure:26231: result: yes
configure:26237: checking for strtoul
configure:26237: x86_64-linux-musl-gcc -o conftest -fPIC   conftest.c  >&5
configure:26237: $? = 0
configure:26237: result: yes
configure:26243: checking for timegm
configure:26243: x86_64-linux-musl-gcc -o conftest -fPIC   conftest.c  >&5
configure:26243: $? = 0
configure:26243: result: yes
configure:26253: checking for timerfd_create
configure:26253: x86_64-linux-musl-gcc -o conftest -fPIC   conftest.c  >&5
configure:26253: $? = 0
configure:26253: result: yes
configure:26262: checking checking for GetTickCount64
configure:26279: x86_64-linux-musl-gcc -o conftest -fPIC   conftest.c  >&5
conftest.c:93:10: fatal error: windows.h: No such file or directory
   93 | #include <windows.h>
      |          ^~~~~~~~~~~
compilation terminated.
configure:26279: $? = 1
configure: failed program was:
| /* confdefs.h */
| #define PACKAGE_NAME "nghttp2"
| #define PACKAGE_TARNAME "nghttp2"
| #define PACKAGE_VERSION "1.67.1"
| #define PACKAGE_STRING "nghttp2 1.67.1"
| #define PACKAGE_BUGREPORT "t-tujikawa@users.sourceforge.net"
| #define PACKAGE_URL ""
| #define HAVE_STDIO_H 1
| #define HAVE_STDLIB_H 1
| #define HAVE_STRING_H 1
| #define HAVE_INTTYPES_H 1
| #define HAVE_STDINT_H 1
| #define HAVE_STRINGS_H 1
| #define HAVE_SYS_STAT_H 1
| #define HAVE_SYS_TYPES_H 1
| #define HAVE_UNISTD_H 1
| #define HAVE_WCHAR_H 1
| #define STDC_HEADERS 1
| #define _ALL_SOURCE 1
| #define _DARWIN_C_SOURCE 1
| #define _GNU_SOURCE 1
| #define _HPUX_ALT_XOPEN_SOCKET_API 1
| #define _NETBSD_SOURCE 1
| #define _OPENBSD_SOURCE 1
| #define _POSIX_PTHREAD_SEMANTICS 1
| #define __STDC_WANT_IEC_60559_ATTRIBS_EXT__ 1
| #define __STDC_WANT_IEC_60559_BFP_EXT__ 1
| #define __STDC_WANT_IEC_60559_DFP_EXT__ 1
| #define __STDC_WANT_IEC_60559_FUNCS_EXT__ 1
| #define __STDC_WANT_IEC_60559_TYPES_EXT__ 1
| #define __STDC_WANT_LIB_EXT2__ 1
| #define __STDC_WANT_MATH_SPEC_FUNCS__ 1
| #define _TANDEM_SOURCE 1
| #define __EXTENSIONS__ 1
| #define HAVE_DLFCN_H 1
| #define LT_OBJDIR ".libs/"
| #define PACKAGE "nghttp2"
| #define VERSION "1.67.1"
| #define NGHTTP2_NORETURN __attribute__((noreturn))
| #define HAVE_CXX20 1
| #define HAVE_STD_FUTURE 1
| #define HAVE_ATOMIC_STD_SHARED_PTR 1
| #define HAVE_STD_CHRONO_TIME_ZONE 1
| #define HAVE_ARPA_INET_H 1
| #define HAVE_FCNTL_H 1
| #define HAVE_INTTYPES_H 1
| #define HAVE_LIMITS_H 1
| #define HAVE_NETDB_H 1
| #define HAVE_NETINET_IN_H 1
| #define HAVE_NETINET_IP_H 1
| #define HAVE_PWD_H 1
| #define HAVE_STDDEF_H 1
| #define HAVE_STDINT_H 1
| #define HAVE_STDLIB_H 1
| #define HAVE_STRING_H 1
| #define HAVE_SYS_SOCKET_H 1
| #define HAVE_SYS_TIME_H 1
| #define HAVE_SYSLOG_H 1
| #define HAVE_UNISTD_H 1
| #define HAVE_PTRDIFF_T 1
| #define HAVE_STRUCT_TM_TM_GMTOFF 1
| #define HAVE_CHOWN 1
| #define HAVE_FORK 1
| #define HAVE_VFORK 1
| #define HAVE_WORKING_VFORK 1
| #define HAVE_WORKING_FORK 1
| #define HAVE_DECL_STRERROR_R 1
| #define HAVE_STRERROR_R 1
| #define HAVE__EXIT 1
| #define HAVE_ACCEPT4 1
| #define HAVE_CLOCK_GETTIME 1
| #define HAVE_DUP2 1
| #define HAVE_GETCWD 1
| #define HAVE_GETPWNAM 1
| #define HAVE_LOCALTIME_R 1
| #define HAVE_MEMCHR 1
| #define HAVE_MEMMOVE 1
| #define HAVE_MEMSET 1
| #define HAVE_MKOSTEMP 1
| #define HAVE_PIPE2 1
| #define HAVE_SOCKET 1
| #define HAVE_SQRT 1
| #define HAVE_STRCHR 1
| #define HAVE_STRDUP 1
| #define HAVE_STRERROR 1
| #define HAVE_STRNDUP 1
| #define HAVE_STRSTR 1
| #define HAVE_STRTOL 1
| #define HAVE_STRTOUL 1
| #define HAVE_TIMEGM 1
| /* end confdefs.h.  */
| 
| #include <windows.h>
| 
| int
| main (void)
| {
| 
| GetTickCount64();
| 
|   ;
|   return 0;
| }
configure:26295: result: no
configure:26302: checking whether initgroups is declared
configure:26302: x86_64-linux-musl-gcc -c -fPIC   conftest.c >&5
configure:26302: $? = 0
configure:26302: result: yes
configure:26318: checking whether CLOCK_MONOTONIC is declared
configure:26318: x86_64-linux-musl-gcc -c -fPIC   conftest.c >&5
configure:26318: $? = 0
configure:26318: result: yes
configure:28276: checking whether C compiler accepts -fvisibility=hidden
configure:28296: x86_64-linux-musl-gcc -c -fPIC  -fvisibility=hidden  conftest.c >&5
configure:28296: $? = 0
configure:28305: result: yes
configure:28450: checking that generated files are newer than configure
configure:28456: result: done
configure:28528: creating ./config.status

## ---------------------- ##
## Running config.status. ##
## ---------------------- ##

This file was extended by nghttp2 config.status 1.67.1, which was
generated by GNU Autoconf 2.71.  Invocation command line was

  CONFIG_FILES    = 
  CONFIG_HEADERS  = 
  CONFIG_LINKS    = 
  CONFIG_COMMANDS = 
  $ ./config.status 

on lotus-MS-7B89

config.status:1341: creating Makefile
config.status:1341: creating lib/Makefile
config.status:1341: creating lib/libnghttp2.pc
config.status:1341: creating lib/includes/Makefile
config.status:1341: creating lib/includes/nghttp2/nghttp2ver.h
config.status:1341: creating tests/Makefile
config.status:1341: creating tests/testdata/Makefile
config.status:1341: creating third-party/Makefile
config.status:1341: creating src/Makefile
config.status:1341: creating src/testdata/Makefile
config.status:1341: creating bpf/Makefile
config.status:1341: creating examples/Makefile
config.status:1341: creating integration-tests/Makefile
config.status:1341: creating integration-tests/config.go
config.status:1341: creating integration-tests/setenv
config.status:1341: creating doc/Makefile
config.status:1341: creating doc/conf.py
config.status:1341: creating doc/index.rst
config.status:1341: creating doc/package_README.rst
config.status:1341: creating doc/tutorial-client.rst
config.status:1341: creating doc/tutorial-server.rst
config.status:1341: creating doc/tutorial-hpack.rst
config.status:1341: creating doc/nghttpx-howto.rst
config.status:1341: creating doc/h2load-howto.rst
config.status:1341: creating doc/building-android-binary.rst
config.status:1341: creating doc/nghttp2.h.rst
config.status:1341: creating doc/nghttp2ver.h.rst
config.status:1341: creating doc/contribute.rst
config.status:1341: creating contrib/Makefile
config.status:1341: creating config.h
config.status:1570: executing libtool commands
config.status:1570: executing depfiles commands
config.status:2363: cd lib       && sed -e '/# am--include-marker/d' Makefile         | make -f - am--depfiles
config.status:2368: $? = 0
config.status:2363: cd tests       && sed -e '/# am--include-marker/d' Makefile         | make -f - am--depfiles
config.status:2368: $? = 0
config.status:2363: cd third-party       && sed -e '/# am--include-marker/d' Makefile         | make -f - am--depfiles
config.status:2368: $? = 0
config.status:2363: cd src       && sed -e '/# am--include-marker/d' Makefile         | make -f - am--depfiles
config.status:2368: $? = 0
config.status:2363: cd examples       && sed -e '/# am--include-marker/d' Makefile         | make -f - am--depfiles
config.status:2368: $? = 0
configure:30966: WARNING: unrecognized options: --with-boost, --with-cunit
configure:30971: summary of build options:

    Package version: 1.67.1
    Library version: 43:1:29
    Install prefix:  
    System types:
      Build:         x86_64-pc-linux-musl
      Host:          x86_64-pc-linux-musl
      Target:        x86_64-pc-linux-musl
    Compiler:
      C compiler:     x86_64-linux-musl-gcc
      CFLAGS:         -fPIC
      LDFLAGS:        
      C++ compiler:   x86_64-linux-musl-g++ -std=gnu++20
      CXXFLAGS:       -g -O2
      CXXCPP:         x86_64-linux-musl-g++ -E -std=gnu++20
      C preprocessor: x86_64-linux-musl-gcc -E
      CPPFLAGS:       
      WARNCFLAGS:     
      WARNCXXFLAGS:   
      CXX1XCXXFLAGS:  
      EXTRACFLAG:     -fvisibility=hidden
      BPFCFLAGS:      
      EXTRABPFCFLAGS: 
      LIBS:           
      DEFS:           -DHAVE_CONFIG_H
      EXTRA_DEFS:     
    Library:
      Shared:         no
      Static:         yes
    Libtool:
      LIBTOOL_LDFLAGS: 
    Python:
      Python:         /usr/bin/python3
      PYTHON_VERSION: 3.12
    Test:
      Failmalloc:     yes
    Libs:
      wolfSSL:        no (CFLAGS='' LIBS='')
      OpenSSL:        no (CFLAGS='-I/home/lotus/PROJETOS/pcg729/buildroot/include' LIBS='/home/lotus/PROJETOS/pcg729/buildroot/lib/libssl.a /home/lotus/PROJETOS/pcg729/buildroot/lib/libcrypto.a /home/lotus/PROJETOS/pcg729/buildroot/lib/libz.a')
      Libxml2:        no (CFLAGS='' LIBS='')
      Libev:          no (CFLAGS='' LIBS='')
      Libc-ares:      no (CFLAGS='-I/home/lotus/PROJETOS/pcg729/buildroot/include' LIBS='/home/lotus/PROJETOS/pcg729/buildroot/lib/libcares.a')
      libngtcp2:      no (CFLAGS='' LIBS='')
      libngtcp2_crypto_quictls: no (CFLAGS='' LIBS='')
      libngtcp2_crypto_libressl: no (CFLAGS='' LIBS='')
      libngtcp2_crypto_boringssl: no (CFLAGS='' LIBS='')
      libngtcp2_crypto_ossl: no (CFLAGS='' LIBS='')
      libnghttp3:     no (CFLAGS='' LIBS='')
      libbpf:         no (CFLAGS='' LIBS='')
      Libevent(SSL):  no (CFLAGS='' LIBS='')
      Jansson:        no (CFLAGS='' LIBS='')
      Jemalloc:       no (CFLAGS='' LIBS='')
      Zlib:           no (CFLAGS='-I/home/lotus/PROJETOS/pcg729/buildroot/include' LIBS='/home/lotus/PROJETOS/pcg729/buildroot/lib/libz.a')
      Systemd:        no (CFLAGS='' LIBS='')
      Libbrotlienc:   no (CFLAGS="' LIBS='')
      Libbrotlidec:   no (CFLAGS="' LIBS='')
    Third-party:
      http-parser:    no
      MRuby:          no (CFLAGS='' LIBS='')
      Neverbleed:     no
    Features:
      Applications:   no
      HPACK tools:    no
      Examples:       no
      Threading:      yes
      HTTP/3 (EXPERIMENTAL): no


## ---------------- ##
## Cache variables. ##
## ---------------- ##

ac_cv_build=x86_64-pc-linux-musl
ac_cv_c_bigendian=no
ac_cv_c_compiler_gnu=yes
ac_cv_c_inline=inline
ac_cv_c_int16_t=yes
ac_cv_c_int32_t=yes
ac_cv_c_int64_t=yes
ac_cv_c_int8_t=yes
ac_cv_c_uint16_t=yes
ac_cv_c_uint32_t=yes
ac_cv_c_uint64_t=yes
ac_cv_c_uint8_t=yes
ac_cv_c_undeclared_builtin_options='none needed'
ac_cv_cxx_compiler_gnu=yes
ac_cv_env_BPFCFLAGS_set=
ac_cv_env_BPFCFLAGS_value=
ac_cv_env_CCC_set=
ac_cv_env_CCC_value=
ac_cv_env_CC_set=set
ac_cv_env_CC_value=x86_64-linux-musl-gcc
ac_cv_env_CFLAGS_set=set
ac_cv_env_CFLAGS_value=-fPIC
ac_cv_env_CPPFLAGS_set=
ac_cv_env_CPPFLAGS_value=
ac_cv_env_CPP_set=
ac_cv_env_CPP_value=
ac_cv_env_CXXCPP_set=
ac_cv_env_CXXCPP_value=
ac_cv_env_CXXFLAGS_set=
ac_cv_env_CXXFLAGS_value=
ac_cv_env_CXX_set=set
ac_cv_env_CXX_value=x86_64-linux-musl-g++
ac_cv_env_JANSSON_CFLAGS_set=
ac_cv_env_JANSSON_CFLAGS_value=
ac_cv_env_JANSSON_LIBS_set=
ac_cv_env_JANSSON_LIBS_value=
ac_cv_env_JEMALLOC_CFLAGS_set=
ac_cv_env_JEMALLOC_CFLAGS_value=
ac_cv_env_JEMALLOC_LIBS_set=
ac_cv_env_JEMALLOC_LIBS_value=
ac_cv_env_LDFLAGS_set=
ac_cv_env_LDFLAGS_value=
ac_cv_env_LIBBPF_CFLAGS_set=
ac_cv_env_LIBBPF_CFLAGS_value=
ac_cv_env_LIBBPF_LIBS_set=
ac_cv_env_LIBBPF_LIBS_value=
ac_cv_env_LIBBROTLIDEC_CFLAGS_set=
ac_cv_env_LIBBROTLIDEC_CFLAGS_value=
ac_cv_env_LIBBROTLIDEC_LIBS_set=
ac_cv_env_LIBBROTLIDEC_LIBS_value=
ac_cv_env_LIBBROTLIENC_CFLAGS_set=
ac_cv_env_LIBBROTLIENC_CFLAGS_value=
ac_cv_env_LIBBROTLIENC_LIBS_set=
ac_cv_env_LIBBROTLIENC_LIBS_value=
ac_cv_env_LIBCARES_CFLAGS_set=set
ac_cv_env_LIBCARES_CFLAGS_value=-I/home/lotus/PROJETOS/pcg729/buildroot/include
ac_cv_env_LIBCARES_LIBS_set=set
ac_cv_env_LIBCARES_LIBS_value=/home/lotus/PROJETOS/pcg729/buildroot/lib/libcares.a
ac_cv_env_LIBEVENT_OPENSSL_CFLAGS_set=
ac_cv_env_LIBEVENT_OPENSSL_CFLAGS_value=
ac_cv_env_LIBEVENT_OPENSSL_LIBS_set=
ac_cv_env_LIBEVENT_OPENSSL_LIBS_value=
ac_cv_env_LIBEV_CFLAGS_set=
ac_cv_env_LIBEV_CFLAGS_value=
ac_cv_env_LIBEV_LIBS_set=
ac_cv_env_LIBEV_LIBS_value=
ac_cv_env_LIBNGHTTP3_CFLAGS_set=
ac_cv_env_LIBNGHTTP3_CFLAGS_value=
ac_cv_env_LIBNGHTTP3_LIBS_set=
ac_cv_env_LIBNGHTTP3_LIBS_value=
ac_cv_env_LIBNGTCP2_CFLAGS_set=
ac_cv_env_LIBNGTCP2_CFLAGS_value=
ac_cv_env_LIBNGTCP2_CRYPTO_BORINGSSL_CFLAGS_set=
ac_cv_env_LIBNGTCP2_CRYPTO_BORINGSSL_CFLAGS_value=
ac_cv_env_LIBNGTCP2_CRYPTO_BORINGSSL_LIBS_set=
ac_cv_env_LIBNGTCP2_CRYPTO_BORINGSSL_LIBS_value=
ac_cv_env_LIBNGTCP2_CRYPTO_LIBRESSL_CFLAGS_set=
ac_cv_env_LIBNGTCP2_CRYPTO_LIBRESSL_CFLAGS_value=
ac_cv_env_LIBNGTCP2_CRYPTO_LIBRESSL_LIBS_set=
ac_cv_env_LIBNGTCP2_CRYPTO_LIBRESSL_LIBS_value=
ac_cv_env_LIBNGTCP2_CRYPTO_OSSL_CFLAGS_set=
ac_cv_env_LIBNGTCP2_CRYPTO_OSSL_CFLAGS_value=
ac_cv_env_LIBNGTCP2_CRYPTO_OSSL_LIBS_set=
ac_cv_env_LIBNGTCP2_CRYPTO_OSSL_LIBS_value=
ac_cv_env_LIBNGTCP2_CRYPTO_QUICTLS_CFLAGS_set=
ac_cv_env_LIBNGTCP2_CRYPTO_QUICTLS_CFLAGS_value=
ac_cv_env_LIBNGTCP2_CRYPTO_QUICTLS_LIBS_set=
ac_cv_env_LIBNGTCP2_CRYPTO_QUICTLS_LIBS_value=
ac_cv_env_LIBNGTCP2_CRYPTO_WOLFSSL_CFLAGS_set=
ac_cv_env_LIBNGTCP2_CRYPTO_WOLFSSL_CFLAGS_value=
ac_cv_env_LIBNGTCP2_CRYPTO_WOLFSSL_LIBS_set=
ac_cv_env_LIBNGTCP2_CRYPTO_WOLFSSL_LIBS_value=
ac_cv_env_LIBNGTCP2_LIBS_set=
ac_cv_env_LIBNGTCP2_LIBS_value=
ac_cv_env_LIBS_set=
ac_cv_env_LIBS_value=
ac_cv_env_LIBTOOL_LDFLAGS_set=
ac_cv_env_LIBTOOL_LDFLAGS_value=
ac_cv_env_LIBXML2_CFLAGS_set=
ac_cv_env_LIBXML2_CFLAGS_value=
ac_cv_env_LIBXML2_LIBS_set=
ac_cv_env_LIBXML2_LIBS_value=
ac_cv_env_LT_SYS_LIBRARY_PATH_set=
ac_cv_env_LT_SYS_LIBRARY_PATH_value=
ac_cv_env_OPENSSL_CFLAGS_set=set
ac_cv_env_OPENSSL_CFLAGS_value=-I/home/lotus/PROJETOS/pcg729/buildroot/include
ac_cv_env_OPENSSL_LIBS_set=set
ac_cv_env_OPENSSL_LIBS_value='/home/lotus/PROJETOS/pcg729/buildroot/lib/libssl.a /home/lotus/PROJETOS/pcg729/buildroot/lib/libcrypto.a /home/lotus/PROJETOS/pcg729/buildroot/lib/libz.a'
ac_cv_env_PKG_CONFIG_LIBDIR_set=
ac_cv_env_PKG_CONFIG_LIBDIR_value=
ac_cv_env_PKG_CONFIG_PATH_set=set
ac_cv_env_PKG_CONFIG_PATH_value=/home/lotus/PROJETOS/pcg729/buildroot/lib/pkgconfig
ac_cv_env_PKG_CONFIG_set=set
ac_cv_env_PKG_CONFIG_value=/home/lotus/PROJETOS/pcg729/buildroot/bin/pkg-config
ac_cv_env_PYTHON_set=
ac_cv_env_PYTHON_value=
ac_cv_env_SYSTEMD_CFLAGS_set=
ac_cv_env_SYSTEMD_CFLAGS_value=
ac_cv_env_SYSTEMD_LIBS_set=
ac_cv_env_SYSTEMD_LIBS_value=
ac_cv_env_WOLFSSL_CFLAGS_set=
ac_cv_env_WOLFSSL_CFLAGS_value=
ac_cv_env_WOLFSSL_LIBS_set=
ac_cv_env_WOLFSSL_LIBS_value=
ac_cv_env_ZLIB_CFLAGS_set=set
ac_cv_env_ZLIB_CFLAGS_value=-I/home/lotus/PROJETOS/pcg729/buildroot/include
ac_cv_env_ZLIB_LIBS_set=set
ac_cv_env_ZLIB_LIBS_value=/home/lotus/PROJETOS/pcg729/buildroot/lib/libz.a
ac_cv_env_build_alias_set=
ac_cv_env_build_alias_value=
ac_cv_env_host_alias_set=
ac_cv_env_host_alias_value=
ac_cv_env_target_alias_set=
ac_cv_env_target_alias_value=
ac_cv_func__Exit=yes
ac_cv_func_accept4=yes
ac_cv_func_chown_works=yes
ac_cv_func_clock_gettime=yes
ac_cv_func_dup2=yes
ac_cv_func_fork=yes
ac_cv_func_fork_works=yes
ac_cv_func_getcwd=yes
ac_cv_func_getpwnam=yes
ac_cv_func_localtime_r=yes
ac_cv_func_memchr=yes
ac_cv_func_memmove=yes
ac_cv_func_memset=yes
ac_cv_func_mkostemp=yes
ac_cv_func_pipe2=yes
ac_cv_func_socket=yes
ac_cv_func_sqrt=yes
ac_cv_func_strchr=yes
ac_cv_func_strdup=yes
ac_cv_func_strerror=yes
ac_cv_func_strerror_r_char_p=no
ac_cv_func_strndup=yes
ac_cv_func_strnlen_working=yes
ac_cv_func_strstr=yes
ac_cv_func_strtol=yes
ac_cv_func_strtoul=yes
ac_cv_func_timegm=yes
ac_cv_func_timerfd_create=yes
ac_cv_func_vfork=yes
ac_cv_func_vfork_works=yes
ac_cv_have_decl_CLOCK_MONOTONIC=yes
ac_cv_have_decl_initgroups=yes
ac_cv_have_decl_strerror_r=yes
ac_cv_header_arpa_inet_h=yes
ac_cv_header_dlfcn_h=yes
ac_cv_header_fcntl_h=yes
ac_cv_header_inttypes_h=yes
ac_cv_header_limits_h=yes
ac_cv_header_minix_config_h=no
ac_cv_header_netdb_h=yes
ac_cv_header_netinet_in_h=yes
ac_cv_header_netinet_ip_h=yes
ac_cv_header_pwd_h=yes
ac_cv_header_stddef_h=yes
ac_cv_header_stdint_h=yes
ac_cv_header_stdio_h=yes
ac_cv_header_stdlib_h=yes
ac_cv_header_string_h=yes
ac_cv_header_strings_h=yes
ac_cv_header_sys_socket_h=yes
ac_cv_header_sys_stat_h=yes
ac_cv_header_sys_time_h=yes
ac_cv_header_sys_types_h=yes
ac_cv_header_syslog_h=yes
ac_cv_header_unistd_h=yes
ac_cv_header_vfork_h=no
ac_cv_header_wchar_h=yes
ac_cv_header_windows_h=no
ac_cv_host=x86_64-pc-linux-musl
ac_cv_lib_error_at_line=no
ac_cv_member_struct_sockaddr_in6_sin6_len=no
ac_cv_member_struct_sockaddr_in_sin_len=no
ac_cv_member_struct_tm_tm_gmtoff=yes
ac_cv_objext=o
ac_cv_path_EGREP='/usr/bin/grep -E'
ac_cv_path_FGREP='/usr/bin/grep -F'
ac_cv_path_GREP=/usr/bin/grep
ac_cv_path_PYTHON=/usr/bin/python3
ac_cv_path_SED=/usr/bin/sed
ac_cv_path_install='/usr/bin/install -c'
ac_cv_path_lt_DD=/usr/bin/dd
ac_cv_path_mkdir=/usr/bin/mkdir
ac_cv_prog_AWK=mawk
ac_cv_prog_CPP='x86_64-linux-musl-gcc -E'
ac_cv_prog_CXXCPP='x86_64-linux-musl-g++ -E'
ac_cv_prog_ac_ct_CC=x86_64-linux-musl-gcc
ac_cv_prog_ac_ct_FILECMD=file
ac_cv_prog_ac_ct_MANIFEST_TOOL=mt
ac_cv_prog_ac_ct_OBJDUMP=objdump
ac_cv_prog_ac_ct_RANLIB=ranlib
ac_cv_prog_ac_ct_STRIP=strip
ac_cv_prog_cc_c11=
ac_cv_prog_cc_g=yes
ac_cv_prog_cc_stdc=
ac_cv_prog_cxx_cxx11=
ac_cv_prog_cxx_g=yes
ac_cv_prog_cxx_stdcxx=
ac_cv_prog_make_make_set=yes
ac_cv_safe_to_define___extensions__=yes
ac_cv_search_dlopen='none required'
ac_cv_should_define__xopen_source=no
ac_cv_sys_file_offset_bits=no
ac_cv_sys_largefile_CC=no
ac_cv_target=x86_64-pc-linux-musl
ac_cv_type_off_t=yes
ac_cv_type_pid_t=yes
ac_cv_type_ptrdiff_t=yes
ac_cv_type_size_t=yes
ac_cv_type_ssize_t=yes
ac_cv_type_uid_t=yes
am_cv_CC_dependencies_compiler_type=gcc3
am_cv_CXX_dependencies_compiler_type=gcc3
am_cv_make_support_nested_variables=yes
am_cv_pathless_PYTHON=python3
am_cv_prog_cc_c_o=yes
am_cv_prog_tar_pax=gnutar
am_cv_python_platform=linux
am_cv_python_pyexecdir='${PYTHON_EXEC_PREFIX}/lib/python3.12/site-packages'
am_cv_python_pythondir='${PYTHON_PREFIX}/lib/python3.12/site-packages'
am_cv_python_version=3.12
ax_cv_check_cflags___fvisibility_hidden=yes
ax_cv_cxx_compile_cxx20=no
ax_cv_cxx_compile_cxx20__std_gnupp20=yes
lt_cv_ar_at_file=@
lt_cv_deplibs_check_method=pass_all
lt_cv_file_magic_cmd='$MAGIC_CMD'
lt_cv_file_magic_test_file=
lt_cv_ld_reload_flag=-r
lt_cv_nm_interface='BSD nm'
lt_cv_objdir=.libs
lt_cv_path_LD=ld.gold
lt_cv_path_LDCXX='ld.gold -m elf_x86_64'
lt_cv_path_NM='/usr/local/musl/x86_64-linux-musl/bin/nm -B'
lt_cv_path_mainfest_tool=no
lt_cv_prog_compiler_c_o=yes
lt_cv_prog_compiler_c_o_CXX=yes
lt_cv_prog_compiler_pic='-fPIC -DPIC'
lt_cv_prog_compiler_pic_CXX='-fPIC -DPIC'
lt_cv_prog_compiler_pic_works=yes
lt_cv_prog_compiler_pic_works_CXX=yes
lt_cv_prog_compiler_rtti_exceptions=no
lt_cv_prog_compiler_static_works=yes
lt_cv_prog_compiler_static_works_CXX=yes
lt_cv_prog_gnu_ld=yes
lt_cv_prog_gnu_ldcxx=yes
lt_cv_sharedlib_from_linklib_cmd='printf %s\n'
lt_cv_shlibpath_overrides_runpath=no
lt_cv_sys_global_symbol_pipe='/usr/bin/sed -n -e '\''s/^.*[	 ]\([ABCDGIRSTW][ABCDGIRSTW]*\)[	 ][	 ]*\([_A-Za-z][_A-Za-z0-9]*\)$/\1 \2 \2/p'\'' | /usr/bin/sed '\''/ __gnu_lto/d'\'''
lt_cv_sys_global_symbol_to_c_name_address='/usr/bin/sed -n -e '\''s/^: \(.*\) .*$/  {"\1", (void *) 0},/p'\'' -e '\''s/^[ABCDGIRSTW][ABCDGIRSTW]* .* \(.*\)$/  {"\1", (void *) \&\1},/p'\'''
lt_cv_sys_global_symbol_to_c_name_address_lib_prefix='/usr/bin/sed -n -e '\''s/^: \(.*\) .*$/  {"\1", (void *) 0},/p'\'' -e '\''s/^[ABCDGIRSTW][ABCDGIRSTW]* .* \(lib.*\)$/  {"\1", (void *) \&\1},/p'\'' -e '\''s/^[ABCDGIRSTW][ABCDGIRSTW]* .* \(.*\)$/  {"lib\1", (void *) \&\1},/p'\'''
lt_cv_sys_global_symbol_to_cdecl='/usr/bin/sed -n -e '\''s/^T .* \(.*\)$/extern int \1();/p'\'' -e '\''s/^[ABCDGIRSTW][ABCDGIRSTW]* .* \(.*\)$/extern char \1;/p'\'''
lt_cv_sys_global_symbol_to_import=
lt_cv_sys_max_cmd_len=1572864
lt_cv_to_host_file_cmd=func_convert_file_noop
lt_cv_to_tool_file_cmd=func_convert_file_noop
lt_cv_truncate_bin='/usr/bin/dd bs=4096 count=1'

## ----------------- ##
## Output variables. ##
## ----------------- ##

ACLOCAL='${SHELL} '\''/home/lotus/PROJETOS/pcg729/source/nghttp2/missing'\'' aclocal-1.16'
AMDEPBACKSLASH='\'
AMDEP_FALSE='#'
AMDEP_TRUE=''
AMTAR='$${TAR-tar}'
AM_BACKSLASH='\'
AM_DEFAULT_V='$(AM_DEFAULT_VERBOSITY)'
AM_DEFAULT_VERBOSITY='0'
AM_V='$(V)'
APPLDFLAGS='-ldl  -pthread'
AR='x86_64-linux-musl-ar'
AUTOCONF='${SHELL} '\''/home/lotus/PROJETOS/pcg729/source/nghttp2/missing'\'' autoconf'
AUTOHEADER='${SHELL} '\''/home/lotus/PROJETOS/pcg729/source/nghttp2/missing'\'' autoheader'
AUTOMAKE='${SHELL} '\''/home/lotus/PROJETOS/pcg729/source/nghttp2/missing'\'' automake-1.16'
AWK='mawk'
BPFCFLAGS=''
CC='x86_64-linux-musl-gcc'
CCDEPMODE='depmode=gcc3'
CFLAGS='-fPIC'
CPP='x86_64-linux-musl-gcc -E'
CPPFLAGS=''
CSCOPE='cscope'
CTAGS='ctags'
CXX1XCXXFLAGS=''
CXX='x86_64-linux-musl-g++ -std=gnu++20'
CXXCPP='x86_64-linux-musl-g++ -E -std=gnu++20'
CXXDEPMODE='depmode=gcc3'
CXXFLAGS='-g -O2'
CYGPATH_W='echo'
DEFS='-DHAVE_CONFIG_H'
DEPDIR='.deps'
DLLTOOL='false'
DSYMUTIL=''
DUMPBIN=''
ECHO_C=''
ECHO_N='-n'
ECHO_T=''
EGREP='/usr/bin/grep -E'
ENABLE_APP_FALSE=''
ENABLE_APP_TRUE='#'
ENABLE_EXAMPLES_FALSE=''
ENABLE_EXAMPLES_TRUE='#'
ENABLE_FAILMALLOC_FALSE='#'
ENABLE_FAILMALLOC_TRUE=''
ENABLE_HPACK_TOOLS_FALSE=''
ENABLE_HPACK_TOOLS_TRUE='#'
ENABLE_HTTP3_FALSE=''
ENABLE_HTTP3_TRUE='#'
ENABLE_STATIC_FALSE='#'
ENABLE_STATIC_TRUE=''
ENABLE_THIRD_PARTY_FALSE=''
ENABLE_THIRD_PARTY_TRUE='#'
ETAGS='etags'
EXEEXT=''
EXTRABPFCFLAGS=''
EXTRACFLAG='-fvisibility=hidden'
EXTRA_DEFS=''
FGREP='/usr/bin/grep -F'
FILECMD='file'
GREP='/usr/bin/grep'
HAVE_CXX20='1'
HAVE_LIBBPF_FALSE=''
HAVE_LIBBPF_TRUE='#'
HAVE_LIBXML2_FALSE=''
HAVE_LIBXML2_TRUE='#'
HAVE_MRUBY_FALSE=''
HAVE_MRUBY_TRUE='#'
HAVE_NEVERBLEED_FALSE=''
HAVE_NEVERBLEED_TRUE='#'
INSTALL_DATA='${INSTALL} -m 644'
INSTALL_PROGRAM='${INSTALL}'
INSTALL_SCRIPT='${INSTALL}'
INSTALL_STRIP_PROGRAM='$(install_sh) -c -s'
JANSSON_CFLAGS=''
JANSSON_LIBS=''
JEMALLOC_CFLAGS=''
JEMALLOC_LIBS=''
LD='ld.gold -m elf_x86_64'
LDFLAGS=''
LIBBPF_CFLAGS=''
LIBBPF_LIBS=''
LIBBROTLIDEC_CFLAGS=''
LIBBROTLIDEC_LIBS=''
LIBBROTLIENC_CFLAGS=''
LIBBROTLIENC_LIBS=''
LIBCARES_CFLAGS='-I/home/lotus/PROJETOS/pcg729/buildroot/include'
LIBCARES_LIBS='/home/lotus/PROJETOS/pcg729/buildroot/lib/libcares.a'
LIBEVENT_OPENSSL_CFLAGS=''
LIBEVENT_OPENSSL_LIBS=''
LIBEV_CFLAGS=''
LIBEV_LIBS=''
LIBMRUBY_CFLAGS=''
LIBMRUBY_LIBS=''
LIBNGHTTP3_CFLAGS=''
LIBNGHTTP3_LIBS=''
LIBNGTCP2_CFLAGS=''
LIBNGTCP2_CRYPTO_BORINGSSL_CFLAGS=''
LIBNGTCP2_CRYPTO_BORINGSSL_LIBS=''
LIBNGTCP2_CRYPTO_LIBRESSL_CFLAGS=''
LIBNGTCP2_CRYPTO_LIBRESSL_LIBS=''
LIBNGTCP2_CRYPTO_OSSL_CFLAGS=''
LIBNGTCP2_CRYPTO_OSSL_LIBS=''
LIBNGTCP2_CRYPTO_QUICTLS_CFLAGS=''
LIBNGTCP2_CRYPTO_QUICTLS_LIBS=''
LIBNGTCP2_CRYPTO_WOLFSSL_CFLAGS=''
LIBNGTCP2_CRYPTO_WOLFSSL_LIBS=''
LIBNGTCP2_LIBS=''
LIBOBJS=' ${LIBOBJDIR}error$U.o'
LIBS=''
LIBTOOL='$(SHELL) $(top_builddir)/libtool'
LIBTOOL_LDFLAGS=''
LIBXML2_CFLAGS=''
LIBXML2_LIBS=''
LIPO=''
LN_S='ln -s'
LTLIBOBJS=' ${LIBOBJDIR}error$U.lo'
LT_AGE='29'
LT_CURRENT='43'
LT_REVISION='1'
LT_SYS_LIBRARY_PATH=''
MAKEINFO='${SHELL} '\''/home/lotus/PROJETOS/pcg729/source/nghttp2/missing'\'' makeinfo'
MANIFEST_TOOL=':'
MKDIR_P='/usr/bin/mkdir -p'
NM='/usr/local/musl/x86_64-linux-musl/bin/nm -B'
NMEDIT=''
OBJDUMP='objdump'
OBJEXT='o'
OPENSSL_CFLAGS='-I/home/lotus/PROJETOS/pcg729/buildroot/include'
OPENSSL_LIBS='/home/lotus/PROJETOS/pcg729/buildroot/lib/libssl.a /home/lotus/PROJETOS/pcg729/buildroot/lib/libcrypto.a /home/lotus/PROJETOS/pcg729/buildroot/lib/libz.a'
OTOOL64=''
OTOOL=''
PACKAGE='nghttp2'
PACKAGE_BUGREPORT='t-tujikawa@users.sourceforge.net'
PACKAGE_NAME='nghttp2'
PACKAGE_STRING='nghttp2 1.67.1'
PACKAGE_TARNAME='nghttp2'
PACKAGE_URL=''
PACKAGE_VERSION='1.67.1'
PACKAGE_VERSION_NUM='0x014301'
PATH_SEPARATOR=':'
PKG_CONFIG='/home/lotus/PROJETOS/pcg729/buildroot/bin/pkg-config'
PKG_CONFIG_LIBDIR=''
PKG_CONFIG_PATH='/home/lotus/PROJETOS/pcg729/buildroot/lib/pkgconfig'
PYTHON='/usr/bin/python3'
PYTHON_EXEC_PREFIX='${exec_prefix}'
PYTHON_PLATFORM='linux'
PYTHON_PREFIX='${prefix}'
PYTHON_VERSION='3.12'
RANLIB='ranlib'
SED='/usr/bin/sed'
SET_MAKE=''
SHELL='/bin/bash'
STRIP='strip'
SYSTEMD_CFLAGS=''
SYSTEMD_LIBS=''
TESTLDADD=''
VERSION='1.67.1'
WARNCFLAGS=''
WARNCXXFLAGS=''
WOLFSSL_CFLAGS=''
WOLFSSL_LIBS=''
ZLIB_CFLAGS='-I/home/lotus/PROJETOS/pcg729/buildroot/include'
ZLIB_LIBS='/home/lotus/PROJETOS/pcg729/buildroot/lib/libz.a'
ac_ct_AR=''
ac_ct_CC='x86_64-linux-musl-gcc'
ac_ct_CXX=''
ac_ct_DUMPBIN=''
am__EXEEXT_FALSE=''
am__EXEEXT_TRUE='#'
am__fastdepCC_FALSE='#'
am__fastdepCC_TRUE=''
am__fastdepCXX_FALSE='#'
am__fastdepCXX_TRUE=''
am__include='include'
am__isrc=''
am__leading_dot='.'
am__nodep='_no'
am__quote=''
am__tar='tar --format=posix -chf - "$$tardir"'
am__untar='tar -xf -'
bindir='${exec_prefix}/bin'
build='x86_64-pc-linux-musl'
build_alias=''
build_cpu='x86_64'
build_os='linux-musl'
build_vendor='pc'
datadir='${datarootdir}'
datarootdir='${prefix}/share'
docdir='${datarootdir}/doc/${PACKAGE_TARNAME}'
dvidir='${docdir}'
exec_prefix='${prefix}'
host='x86_64-pc-linux-musl'
host_alias=''
host_cpu='x86_64'
host_os='linux-musl'
host_vendor='pc'
htmldir='${docdir}'
includedir='${prefix}/include'
infodir='${datarootdir}/info'
install_sh='${SHELL} /home/lotus/PROJETOS/pcg729/source/nghttp2/install-sh'
libdir='${exec_prefix}/lib'
libexecdir='${exec_prefix}/libexec'
localedir='${datarootdir}/locale'
localstatedir='${prefix}/var'
mandir='${datarootdir}/man'
mkdir_p='$(MKDIR_P)'
oldincludedir='/usr/include'
pdfdir='${docdir}'
pkgpyexecdir='${pyexecdir}/nghttp2'
pkgpythondir='${pythondir}/nghttp2'
prefix=''
program_transform_name='s,x,x,'
psdir='${docdir}'
pyexecdir='${PYTHON_EXEC_PREFIX}/lib/python3.12/site-packages'
pythondir='${PYTHON_PREFIX}/lib/python3.12/site-packages'
runstatedir='${localstatedir}/run'
sbindir='${exec_prefix}/sbin'
sharedstatedir='${prefix}/com'
sysconfdir='${prefix}/etc'
target='x86_64-pc-linux-musl'
target_alias=''
target_cpu='x86_64'
target_os='linux-musl'
target_vendor='pc'

## ----------- ##
## confdefs.h. ##
## ----------- ##

/* confdefs.h */
#define PACKAGE_NAME "nghttp2"
#define PACKAGE_TARNAME "nghttp2"
#define PACKAGE_VERSION "1.67.1"
#define PACKAGE_STRING "nghttp2 1.67.1"
#define PACKAGE_BUGREPORT "t-tujikawa@users.sourceforge.net"
#define PACKAGE_URL ""
#define HAVE_STDIO_H 1
#define HAVE_STDLIB_H 1
#define HAVE_STRING_H 1
#define HAVE_INTTYPES_H 1
#define HAVE_STDINT_H 1
#define HAVE_STRINGS_H 1
#define HAVE_SYS_STAT_H 1
#define HAVE_SYS_TYPES_H 1
#define HAVE_UNISTD_H 1
#define HAVE_WCHAR_H 1
#define STDC_HEADERS 1
#define _ALL_SOURCE 1
#define _DARWIN_C_SOURCE 1
#define _GNU_SOURCE 1
#define _HPUX_ALT_XOPEN_SOCKET_API 1
#define _NETBSD_SOURCE 1
#define _OPENBSD_SOURCE 1
#define _POSIX_PTHREAD_SEMANTICS 1
#define __STDC_WANT_IEC_60559_ATTRIBS_EXT__ 1
#define __STDC_WANT_IEC_60559_BFP_EXT__ 1
#define __STDC_WANT_IEC_60559_DFP_EXT__ 1
#define __STDC_WANT_IEC_60559_FUNCS_EXT__ 1
#define __STDC_WANT_IEC_60559_TYPES_EXT__ 1
#define __STDC_WANT_LIB_EXT2__ 1
#define __STDC_WANT_MATH_SPEC_FUNCS__ 1
#define _TANDEM_SOURCE 1
#define __EXTENSIONS__ 1
#define HAVE_DLFCN_H 1
#define LT_OBJDIR ".libs/"
#define PACKAGE "nghttp2"
#define VERSION "1.67.1"
#define NGHTTP2_NORETURN __attribute__((noreturn))
#define HAVE_CXX20 1
#define HAVE_STD_FUTURE 1
#define HAVE_ATOMIC_STD_SHARED_PTR 1
#define HAVE_STD_CHRONO_TIME_ZONE 1
#define HAVE_ARPA_INET_H 1
#define HAVE_FCNTL_H 1
#define HAVE_INTTYPES_H 1
#define HAVE_LIMITS_H 1
#define HAVE_NETDB_H 1
#define HAVE_NETINET_IN_H 1
#define HAVE_NETINET_IP_H 1
#define HAVE_PWD_H 1
#define HAVE_STDDEF_H 1
#define HAVE_STDINT_H 1
#define HAVE_STDLIB_H 1
#define HAVE_STRING_H 1
#define HAVE_SYS_SOCKET_H 1
#define HAVE_SYS_TIME_H 1
#define HAVE_SYSLOG_H 1
#define HAVE_UNISTD_H 1
#define HAVE_PTRDIFF_T 1
#define HAVE_STRUCT_TM_TM_GMTOFF 1
#define HAVE_CHOWN 1
#define HAVE_FORK 1
#define HAVE_VFORK 1
#define HAVE_WORKING_VFORK 1
#define HAVE_WORKING_FORK 1
#define HAVE_DECL_STRERROR_R 1
#define HAVE_STRERROR_R 1
#define HAVE__EXIT 1
#define HAVE_ACCEPT4 1
#define HAVE_CLOCK_GETTIME 1
#define HAVE_DUP2 1
#define HAVE_GETCWD 1
#define HAVE_GETPWNAM 1
#define HAVE_LOCALTIME_R 1
#define HAVE_MEMCHR 1
#define HAVE_MEMMOVE 1
#define HAVE_MEMSET 1
#define HAVE_MKOSTEMP 1
#define HAVE_PIPE2 1
#define HAVE_SOCKET 1
#define HAVE_SQRT 1
#define HAVE_STRCHR 1
#define HAVE_STRDUP 1
#define HAVE_STRERROR 1
#define HAVE_STRNDUP 1
#define HAVE_STRSTR 1
#define HAVE_STRTOL 1
#define HAVE_STRTOUL 1
#define HAVE_TIMEGM 1
#define HAVE_DECL_INITGROUPS 1
#define HAVE_DECL_CLOCK_MONOTONIC 1

configure: exit 0
