This file contains any messages produced by compilers while
running configure, to aid debugging if configure makes a mistake.

It was created by opus configure 1.5.2, which was
generated by GNU Autoconf 2.71.  Invocation command line was

  $ ./configure --prefix= --enable-static --disable-shared --with-pic

## --------- ##
## Platform. ##
## --------- ##

hostname = lotus-MS-7B89
uname -m = x86_64
uname -r = 6.14.0-36-generic
uname -s = Linux
uname -v = #36~24.04.1-Ubuntu SMP PREEMPT_DYNAMIC Wed Oct 15 15:45:17 UTC 2

/usr/bin/uname -p = x86_64
/bin/uname -X     = unknown

/bin/arch              = x86_64
/usr/bin/arch -k       = unknown
/usr/convex/getsysinfo = unknown
/usr/bin/hostinfo      = unknown
/bin/machine           = unknown
/usr/bin/oslevel       = unknown
/bin/universe          = unknown

PATH: /usr/local/musl/bin/
PATH: /usr/local/musl/x86_64-linux-musl/bin/
PATH: /home/lotus/PROJETOS/pcg729/buildroot/bin/
PATH: /usr/local/sbin/
PATH: /usr/local/bin/
PATH: /usr/sbin/
PATH: /usr/bin/
PATH: /sbin/
PATH: /bin/
PATH: /usr/games/
PATH: /usr/local/games/
PATH: /snap/bin/


## ----------- ##
## Core tests. ##
## ----------- ##

configure:2570: looking for aux files: compile ltmain.sh config.guess config.sub missing install-sh
configure:2583:  trying ./
configure:2612:   ./compile found
configure:2612:   ./ltmain.sh found
configure:2612:   ./config.guess found
configure:2612:   ./config.sub found
configure:2612:   ./missing found
configure:2594:   ./install-sh found
configure:2739: checking whether make supports nested variables
configure:2757: result: yes
configure:2796: checking for a BSD-compatible install
configure:2869: result: /usr/bin/install -c
configure:2880: checking whether build environment is sane
configure:2935: result: yes
configure:3094: checking for a race-free mkdir -p
configure:3138: result: /usr/bin/mkdir -p
configure:3145: checking for gawk
configure:3180: result: no
configure:3145: checking for mawk
configure:3166: found /usr/bin/mawk
configure:3177: result: mawk
configure:3188: checking whether make sets $(MAKE)
configure:3211: result: yes
configure:3350: checking whether to enable maintainer-specific portions of Makefiles
configure:3360: result: yes
configure:3380: checking build system type
configure:3395: result: x86_64-pc-linux-musl
configure:3415: checking host system type
configure:3429: result: x86_64-pc-linux-musl
configure:3502: checking how to print strings
configure:3529: result: printf
configure:3563: checking whether make supports the include directive
configure:3578: make -f confmf.GNU && cat confinc.out
this is the am__doit target
configure:3581: $? = 0
configure:3600: result: yes (GNU style)
configure:3676: checking for gcc
configure:3708: result: x86_64-linux-musl-gcc
configure:4061: checking for C compiler version
configure:4070: x86_64-linux-musl-gcc --version >&5
x86_64-linux-musl-gcc (GCC) 13.2.0
Copyright (C) 2023 Free Software Foundation, Inc.
This is free software; see the source for copying conditions.  There is NO
warranty; not even for MERCHANTABILITY or FITNESS FOR A PARTICULAR PURPOSE.

configure:4081: $? = 0
configure:4070: x86_64-linux-musl-gcc -v >&5
Using built-in specs.
COLLECT_GCC=x86_64-linux-musl-gcc
COLLECT_LTO_WRAPPER=/usr/local/musl/bin/../libexec/gcc/x86_64-linux-musl/13.2.0/lto-wrapper
Target: x86_64-linux-musl
Configured with: ../src_gcc/configure --enable-languages=c,c++,fortran CC='gcc -static --static' CXX='g++ -static --static' CFLAGS='-g0 -Os -Wno-error' CXXFLAGS='-g0 -Os -Wno-error' LDFLAGS='-static --static' --enable-static-pie --disable-cet --enable-default-pie --disable-bootstrap --disable-assembly --disable-werror --target=x86_64-linux-musl --prefix= --libdir=/lib --disable-multilib --with-sysroot=/x86_64-linux-musl --enable-tls --disable-libmudflap --disable-libsanitizer --disable-gnu-indirect-function --disable-libmpx --enable-initfini-array --enable-libstdcxx-time=rt --enable-deterministic-archives --enable-libstdcxx-time --enable-libquadmath --enable-libquadmath-support --disable-decimal-float --with-build-sysroot=/root/spc-musl/musl-cross-make/build/local/x86_64-linux-musl/obj_sysroot AR_FOR_TARGET=/root/spc-musl/musl-cross-make/build/local/x86_64-linux-musl/obj_binutils/binutils/ar AS_FOR_TARGET=/root/spc-musl/musl-cross-make/build/local/x86_64-linux-musl/obj_binutils/gas/as-new LD_FOR_TARGET=/root/spc-musl/musl-cross-make/build/local/x86_64-linux-musl/obj_binutils/ld/ld-new NM_FOR_TARGET=/root/spc-musl/musl-cross-make/build/local/x86_64-linux-musl/obj_binutils/binutils/nm-new OBJCOPY_FOR_TARGET=/root/spc-musl/musl-cross-make/build/local/x86_64-linux-musl/obj_binutils/binutils/objcopy OBJDUMP_FOR_TARGET=/root/spc-musl/musl-cross-make/build/local/x86_64-linux-musl/obj_binutils/binutils/objdump RANLIB_FOR_TARGET=/root/spc-musl/musl-cross-make/build/local/x86_64-linux-musl/obj_binutils/binutils/ranlib READELF_FOR_TARGET=/root/spc-musl/musl-cross-make/build/local/x86_64-linux-musl/obj_binutils/binutils/readelf STRIP_FOR_TARGET=/root/spc-musl/musl-cross-make/build/local/x86_64-linux-musl/obj_binutils/binutils/strip-new --build=x86_64-pc-linux-muslxx --host=x86_64-pc-linux-muslxx
Thread model: posix
Supported LTO compression algorithms: zlib
gcc version 13.2.0 (GCC) 
configure:4081: $? = 0
configure:4070: x86_64-linux-musl-gcc -V >&5
x86_64-linux-musl-gcc: error: unrecognized command-line option '-V'
x86_64-linux-musl-gcc: fatal error: no input files
compilation terminated.
configure:4081: $? = 1
configure:4070: x86_64-linux-musl-gcc -qversion >&5
x86_64-linux-musl-gcc: error: unrecognized command-line option '-qversion'; did you mean '--version'?
x86_64-linux-musl-gcc: fatal error: no input files
compilation terminated.
configure:4081: $? = 1
configure:4070: x86_64-linux-musl-gcc -version >&5
x86_64-linux-musl-gcc: error: unrecognized command-line option '-version'
x86_64-linux-musl-gcc: fatal error: no input files
compilation terminated.
configure:4081: $? = 1
configure:4101: checking whether the C compiler works
configure:4123: x86_64-linux-musl-gcc -I/home/lotus/PROJETOS/pcg729/buildroot/include -I/home/lotus/PROJETOS/pcg729/source/libopus/include -fPIC  -L/home/lotus/PROJETOS/pcg729/buildroot/lib conftest.c  >&5
configure:4127: $? = 0
configure:4177: result: yes
configure:4180: checking for C compiler default output file name
configure:4182: result: a.out
configure:4188: checking for suffix of executables
configure:4195: x86_64-linux-musl-gcc -o conftest -I/home/lotus/PROJETOS/pcg729/buildroot/include -I/home/lotus/PROJETOS/pcg729/source/libopus/include -fPIC  -L/home/lotus/PROJETOS/pcg729/buildroot/lib conftest.c  >&5
configure:4199: $? = 0
configure:4222: result: 
configure:4244: checking whether we are cross compiling
configure:4252: x86_64-linux-musl-gcc -o conftest -I/home/lotus/PROJETOS/pcg729/buildroot/include -I/home/lotus/PROJETOS/pcg729/source/libopus/include -fPIC  -L/home/lotus/PROJETOS/pcg729/buildroot/lib conftest.c  >&5
configure:4256: $? = 0
configure:4263: ./conftest
configure:4267: $? = 0
configure:4282: result: no
configure:4287: checking for suffix of object files
configure:4310: x86_64-linux-musl-gcc -c -I/home/lotus/PROJETOS/pcg729/buildroot/include -I/home/lotus/PROJETOS/pcg729/source/libopus/include -fPIC  conftest.c >&5
configure:4314: $? = 0
configure:4336: result: o
configure:4340: checking whether the compiler supports GNU C
configure:4360: x86_64-linux-musl-gcc -c -I/home/lotus/PROJETOS/pcg729/buildroot/include -I/home/lotus/PROJETOS/pcg729/source/libopus/include -fPIC  conftest.c >&5
configure:4360: $? = 0
configure:4370: result: yes
configure:4381: checking whether x86_64-linux-musl-gcc accepts -g
configure:4402: x86_64-linux-musl-gcc -c -g  conftest.c >&5
configure:4402: $? = 0
configure:4446: result: yes
configure:4466: checking for x86_64-linux-musl-gcc option to enable C11 features
configure:4481: x86_64-linux-musl-gcc  -c -I/home/lotus/PROJETOS/pcg729/buildroot/include -I/home/lotus/PROJETOS/pcg729/source/libopus/include -fPIC  conftest.c >&5
configure:4481: $? = 0
configure:4499: result: none needed
configure:4615: checking whether x86_64-linux-musl-gcc understands -c and -o together
configure:4638: x86_64-linux-musl-gcc -c conftest.c -o conftest2.o
configure:4641: $? = 0
configure:4638: x86_64-linux-musl-gcc -c conftest.c -o conftest2.o
configure:4641: $? = 0
configure:4653: result: yes
configure:4672: checking dependency style of x86_64-linux-musl-gcc
configure:4784: result: gcc3
configure:4799: checking for a sed that does not truncate output
configure:4869: result: /usr/bin/sed
configure:4887: checking for grep that handles long lines and -e
configure:4951: result: /usr/bin/grep
configure:4956: checking for egrep
configure:5024: result: /usr/bin/grep -E
configure:5029: checking for fgrep
configure:5097: result: /usr/bin/grep -F
configure:5133: checking for ld used by x86_64-linux-musl-gcc
configure:5201: result: ld.gold
configure:5208: checking if the linker (ld.gold) is GNU ld
configure:5224: result: yes
configure:5236: checking for BSD- or MS-compatible name lister (nm)
configure:5291: result: /usr/local/musl/x86_64-linux-musl/bin/nm -B
configure:5431: checking the name lister (/usr/local/musl/x86_64-linux-musl/bin/nm -B) interface
configure:5439: x86_64-linux-musl-gcc -c -I/home/lotus/PROJETOS/pcg729/buildroot/include -I/home/lotus/PROJETOS/pcg729/source/libopus/include -fPIC  conftest.c >&5
configure:5442: /usr/local/musl/x86_64-linux-musl/bin/nm -B "conftest.o"
configure:5445: output
0000000000000000 B some_variable
configure:5452: result: BSD nm
configure:5455: checking whether ln -s works
configure:5459: result: yes
configure:5467: checking the maximum length of command line arguments
configure:5599: result: 1572864
configure:5647: checking how to convert x86_64-pc-linux-musl file names to x86_64-pc-linux-musl format
configure:5688: result: func_convert_file_noop
configure:5695: checking how to convert x86_64-pc-linux-musl file names to toolchain format
configure:5716: result: func_convert_file_noop
configure:5723: checking for ld.gold option to reload object files
configure:5731: result: -r
configure:5810: checking for file
configure:5831: found /usr/bin/file
configure:5842: result: file
configure:5918: checking for objdump
configure:5939: found /usr/local/musl/x86_64-linux-musl/bin/objdump
configure:5950: result: objdump
configure:5982: checking how to recognize dependent libraries
configure:6183: result: pass_all
configure:6273: checking for dlltool
configure:6308: result: no
configure:6338: checking how to associate runtime and link libraries
configure:6366: result: printf %s\n
configure:6517: checking for archiver @FILE support
configure:6535: x86_64-linux-musl-gcc -c -I/home/lotus/PROJETOS/pcg729/buildroot/include -I/home/lotus/PROJETOS/pcg729/source/libopus/include -fPIC  conftest.c >&5
configure:6535: $? = 0
configure:6539: x86_64-linux-musl-ar cr libconftest.a @conftest.lst >&5
configure:6542: $? = 0
configure:6547: x86_64-linux-musl-ar cr libconftest.a @conftest.lst >&5
x86_64-linux-musl-ar: conftest.o: No such file or directory
configure:6550: $? = 1
configure:6562: result: @
configure:6625: checking for strip
configure:6646: found /usr/local/musl/x86_64-linux-musl/bin/strip
configure:6657: result: strip
configure:6734: checking for ranlib
configure:6755: found /usr/local/musl/x86_64-linux-musl/bin/ranlib
configure:6766: result: ranlib
configure:6868: checking command to parse /usr/local/musl/x86_64-linux-musl/bin/nm -B output from x86_64-linux-musl-gcc object
configure:7022: x86_64-linux-musl-gcc -c -I/home/lotus/PROJETOS/pcg729/buildroot/include -I/home/lotus/PROJETOS/pcg729/source/libopus/include -fPIC  conftest.c >&5
configure:7025: $? = 0
configure:7029: /usr/local/musl/x86_64-linux-musl/bin/nm -B conftest.o | /usr/bin/sed -n -e 's/^.*[	 ]\([ABCDGIRSTW][ABCDGIRSTW]*\)[	 ][	 ]*\([_A-Za-z][_A-Za-z0-9]*\)$/\1 \2 \2/p' | /usr/bin/sed '/ __gnu_lto/d' > conftest.nm
configure:7095: x86_64-linux-musl-gcc -o conftest -I/home/lotus/PROJETOS/pcg729/buildroot/include -I/home/lotus/PROJETOS/pcg729/source/libopus/include -fPIC  -L/home/lotus/PROJETOS/pcg729/buildroot/lib conftest.c conftstm.o >&5
configure:7098: $? = 0
configure:7136: result: ok
configure:7183: checking for sysroot
configure:7214: result: no
configure:7221: checking for a working dd
configure:7265: result: /usr/bin/dd
configure:7269: checking how to truncate binary pipes
configure:7285: result: /usr/bin/dd bs=4096 count=1
configure:7422: x86_64-linux-musl-gcc -c -I/home/lotus/PROJETOS/pcg729/buildroot/include -I/home/lotus/PROJETOS/pcg729/source/libopus/include -fPIC  conftest.c >&5
configure:7425: $? = 0
configure:7622: checking for mt
configure:7643: found /usr/bin/mt
configure:7654: result: mt
configure:7677: checking if mt is a manifest tool
configure:7684: mt '-?'
configure:7692: result: no
configure:8417: checking for stdio.h
configure:8417: x86_64-linux-musl-gcc -c -I/home/lotus/PROJETOS/pcg729/buildroot/include -I/home/lotus/PROJETOS/pcg729/source/libopus/include -fPIC  conftest.c >&5
configure:8417: $? = 0
configure:8417: result: yes
configure:8417: checking for stdlib.h
configure:8417: x86_64-linux-musl-gcc -c -I/home/lotus/PROJETOS/pcg729/buildroot/include -I/home/lotus/PROJETOS/pcg729/source/libopus/include -fPIC  conftest.c >&5
configure:8417: $? = 0
configure:8417: result: yes
configure:8417: checking for string.h
configure:8417: x86_64-linux-musl-gcc -c -I/home/lotus/PROJETOS/pcg729/buildroot/include -I/home/lotus/PROJETOS/pcg729/source/libopus/include -fPIC  conftest.c >&5
configure:8417: $? = 0
configure:8417: result: yes
configure:8417: checking for inttypes.h
configure:8417: x86_64-linux-musl-gcc -c -I/home/lotus/PROJETOS/pcg729/buildroot/include -I/home/lotus/PROJETOS/pcg729/source/libopus/include -fPIC  conftest.c >&5
configure:8417: $? = 0
configure:8417: result: yes
configure:8417: checking for stdint.h
configure:8417: x86_64-linux-musl-gcc -c -I/home/lotus/PROJETOS/pcg729/buildroot/include -I/home/lotus/PROJETOS/pcg729/source/libopus/include -fPIC  conftest.c >&5
configure:8417: $? = 0
configure:8417: result: yes
configure:8417: checking for strings.h
configure:8417: x86_64-linux-musl-gcc -c -I/home/lotus/PROJETOS/pcg729/buildroot/include -I/home/lotus/PROJETOS/pcg729/source/libopus/include -fPIC  conftest.c >&5
configure:8417: $? = 0
configure:8417: result: yes
configure:8417: checking for sys/stat.h
configure:8417: x86_64-linux-musl-gcc -c -I/home/lotus/PROJETOS/pcg729/buildroot/include -I/home/lotus/PROJETOS/pcg729/source/libopus/include -fPIC  conftest.c >&5
configure:8417: $? = 0
configure:8417: result: yes
configure:8417: checking for sys/types.h
configure:8417: x86_64-linux-musl-gcc -c -I/home/lotus/PROJETOS/pcg729/buildroot/include -I/home/lotus/PROJETOS/pcg729/source/libopus/include -fPIC  conftest.c >&5
configure:8417: $? = 0
configure:8417: result: yes
configure:8417: checking for unistd.h
configure:8417: x86_64-linux-musl-gcc -c -I/home/lotus/PROJETOS/pcg729/buildroot/include -I/home/lotus/PROJETOS/pcg729/source/libopus/include -fPIC  conftest.c >&5
configure:8417: $? = 0
configure:8417: result: yes
configure:8442: checking for dlfcn.h
configure:8442: x86_64-linux-musl-gcc -c -I/home/lotus/PROJETOS/pcg729/buildroot/include -I/home/lotus/PROJETOS/pcg729/source/libopus/include -fPIC  conftest.c >&5
configure:8442: $? = 0
configure:8442: result: yes
configure:8701: checking for objdir
configure:8717: result: .libs
configure:8981: checking if x86_64-linux-musl-gcc supports -fno-rtti -fno-exceptions
configure:9000: x86_64-linux-musl-gcc -c -I/home/lotus/PROJETOS/pcg729/buildroot/include -I/home/lotus/PROJETOS/pcg729/source/libopus/include -fPIC  -fno-rtti -fno-exceptions conftest.c >&5
cc1: warning: command-line option '-fno-rtti' is valid for C++/D/ObjC++ but not for C
configure:9004: $? = 0
configure:9017: result: no
configure:9381: checking for x86_64-linux-musl-gcc option to produce PIC
configure:9389: result: -fPIC -DPIC
configure:9397: checking if x86_64-linux-musl-gcc PIC flag -fPIC -DPIC works
configure:9416: x86_64-linux-musl-gcc -c -I/home/lotus/PROJETOS/pcg729/buildroot/include -I/home/lotus/PROJETOS/pcg729/source/libopus/include -fPIC  -fPIC -DPIC -DPIC conftest.c >&5
configure:9420: $? = 0
configure:9433: result: yes
configure:9462: checking if x86_64-linux-musl-gcc static flag -static works
configure:9491: result: yes
configure:9506: checking if x86_64-linux-musl-gcc supports -c -o file.o
configure:9528: x86_64-linux-musl-gcc -c -I/home/lotus/PROJETOS/pcg729/buildroot/include -I/home/lotus/PROJETOS/pcg729/source/libopus/include -fPIC  -o out/conftest2.o conftest.c >&5
configure:9532: $? = 0
configure:9554: result: yes
configure:9562: checking if x86_64-linux-musl-gcc supports -c -o file.o
configure:9610: result: yes
configure:9643: checking whether the x86_64-linux-musl-gcc linker (ld.gold -m elf_x86_64) supports shared libraries
configure:10917: result: yes
configure:11158: checking dynamic linker characteristics
configure:11740: x86_64-linux-musl-gcc -o conftest -I/home/lotus/PROJETOS/pcg729/buildroot/include -I/home/lotus/PROJETOS/pcg729/source/libopus/include -fPIC  -L/home/lotus/PROJETOS/pcg729/buildroot/lib -Wl,-rpath -Wl,/foo conftest.c  >&5
configure:11740: $? = 0
configure:11991: result: GNU/Linux ld.so
configure:12113: checking how to hardcode library paths into programs
configure:12138: result: immediate
configure:12690: checking whether stripping libraries is possible
configure:12699: result: yes
configure:12741: checking if libtool supports shared libraries
configure:12743: result: yes
configure:12746: checking whether to build shared libraries
configure:12771: result: no
configure:12774: checking whether to build static libraries
configure:12778: result: yes
configure:12818: checking for an ANSI C-conforming const
configure:12885: x86_64-linux-musl-gcc -c -I/home/lotus/PROJETOS/pcg729/buildroot/include -I/home/lotus/PROJETOS/pcg729/source/libopus/include -fPIC  conftest.c >&5
configure:12885: $? = 0
configure:12893: result: yes
configure:12901: checking for inline
configure:12918: x86_64-linux-musl-gcc -c -I/home/lotus/PROJETOS/pcg729/buildroot/include -I/home/lotus/PROJETOS/pcg729/source/libopus/include -fPIC  conftest.c >&5
configure:12918: $? = 0
configure:12927: result: inline
configure:12955: checking dependency style of x86_64-linux-musl-gcc
configure:13065: result: gcc3
configure:13089: checking for C/C++ restrict keyword
configure:13115: x86_64-linux-musl-gcc -c -I/home/lotus/PROJETOS/pcg729/buildroot/include -I/home/lotus/PROJETOS/pcg729/source/libopus/include -fPIC  conftest.c >&5
configure:13115: $? = 0
configure:13124: result: __restrict
configure:13137: checking for C99 variable-size arrays
configure:13150: x86_64-linux-musl-gcc -c -I/home/lotus/PROJETOS/pcg729/buildroot/include -I/home/lotus/PROJETOS/pcg729/source/libopus/include -fPIC  conftest.c >&5
configure:13150: $? = 0
configure:13164: result: yes
configure:13296: checking for cos in -lm
configure:13319: x86_64-linux-musl-gcc -o conftest -I/home/lotus/PROJETOS/pcg729/buildroot/include -I/home/lotus/PROJETOS/pcg729/source/libopus/include -fPIC  -L/home/lotus/PROJETOS/pcg729/buildroot/lib conftest.c -lm   >&5
conftest.c:28:6: warning: conflicting types for built-in function 'cos'; expected 'double(double)' [-Wbuiltin-declaration-mismatch]
   28 | char cos ();
      |      ^~~
conftest.c:1:1: note: 'cos' is declared in header '<math.h>'
    1 | /* confdefs.h */
configure:13319: $? = 0
configure:13329: result: yes
configure:13591: checking how to run the C preprocessor
configure:13617: x86_64-linux-musl-gcc -E  conftest.c
configure:13617: $? = 0
configure:13632: x86_64-linux-musl-gcc -E  conftest.c
conftest.c:25:10: fatal error: ac_nonexistent.h: No such file or directory
   25 | #include <ac_nonexistent.h>
      |          ^~~~~~~~~~~~~~~~~~
compilation terminated.
configure:13632: $? = 1
configure: failed program was:
| /* confdefs.h */
| #define PACKAGE_NAME "opus"
| #define PACKAGE_TARNAME "opus"
| #define PACKAGE_VERSION "1.5.2"
| #define PACKAGE_STRING "opus 1.5.2"
| #define PACKAGE_BUGREPORT "opus@xiph.org"
| #define PACKAGE_URL ""
| #define HAVE_STDIO_H 1
| #define HAVE_STDLIB_H 1
| #define HAVE_STRING_H 1
| #define HAVE_INTTYPES_H 1
| #define HAVE_STDINT_H 1
| #define HAVE_STRINGS_H 1
| #define HAVE_SYS_STAT_H 1
| #define HAVE_SYS_TYPES_H 1
| #define HAVE_UNISTD_H 1
| #define STDC_HEADERS 1
| #define HAVE_DLFCN_H 1
| #define LT_OBJDIR ".libs/"
| #define OPUS_BUILD /**/
| #define restrict __restrict
| #define VAR_ARRAYS 1
| #define FLOAT_APPROX 1
| /* end confdefs.h.  */
| #include <ac_nonexistent.h>
configure:13659: result: x86_64-linux-musl-gcc -E
configure:13673: x86_64-linux-musl-gcc -E  conftest.c
configure:13673: $? = 0
configure:13688: x86_64-linux-musl-gcc -E  conftest.c
conftest.c:25:10: fatal error: ac_nonexistent.h: No such file or directory
   25 | #include <ac_nonexistent.h>
      |          ^~~~~~~~~~~~~~~~~~
compilation terminated.
configure:13688: $? = 1
configure: failed program was:
| /* confdefs.h */
| #define PACKAGE_NAME "opus"
| #define PACKAGE_TARNAME "opus"
| #define PACKAGE_VERSION "1.5.2"
| #define PACKAGE_STRING "opus 1.5.2"
| #define PACKAGE_BUGREPORT "opus@xiph.org"
| #define PACKAGE_URL ""
| #define HAVE_STDIO_H 1
| #define HAVE_STDLIB_H 1
| #define HAVE_STRING_H 1
| #define HAVE_INTTYPES_H 1
| #define HAVE_STDINT_H 1
| #define HAVE_STRINGS_H 1
| #define HAVE_SYS_STAT_H 1
| #define HAVE_SYS_TYPES_H 1
| #define HAVE_UNISTD_H 1
| #define STDC_HEADERS 1
| #define HAVE_DLFCN_H 1
| #define LT_OBJDIR ".libs/"
| #define OPUS_BUILD /**/
| #define restrict __restrict
| #define VAR_ARRAYS 1
| #define FLOAT_APPROX 1
| /* end confdefs.h.  */
| #include <ac_nonexistent.h>
configure:14808: checking if compiler supports SSE intrinsics
configure:14829: x86_64-linux-musl-gcc -o conftest -I/home/lotus/PROJETOS/pcg729/buildroot/include -I/home/lotus/PROJETOS/pcg729/source/libopus/include -fPIC  -L/home/lotus/PROJETOS/pcg729/buildroot/lib conftest.c  >&5
configure:14829: $? = 0
configure:14834: result: yes
configure:14895: checking if compiler supports SSE2 intrinsics
configure:14916: x86_64-linux-musl-gcc -o conftest -I/home/lotus/PROJETOS/pcg729/buildroot/include -I/home/lotus/PROJETOS/pcg729/source/libopus/include -fPIC  -L/home/lotus/PROJETOS/pcg729/buildroot/lib conftest.c  >&5
configure:14916: $? = 0
configure:14921: result: yes
configure:14982: checking if compiler supports SSE4.1 intrinsics
configure:15003: x86_64-linux-musl-gcc -o conftest -I/home/lotus/PROJETOS/pcg729/buildroot/include -I/home/lotus/PROJETOS/pcg729/source/libopus/include -fPIC  -L/home/lotus/PROJETOS/pcg729/buildroot/lib conftest.c  >&5
In file included from conftest.c:25:
/usr/local/musl/lib/gcc/x86_64-linux-musl/13.2.0/include/smmintrin.h: In function 'main':
/usr/local/musl/lib/gcc/x86_64-linux-musl/13.2.0/include/smmintrin.h:334:1: error: inlining failed in call to 'always_inline' '_mm_mul_epi32': target specific option mismatch
  334 | _mm_mul_epi32 (__m128i __X, __m128i __Y)
      | ^~~~~~~~~~~~~
conftest.c:34:21: note: called from here
   34 |             mtest = _mm_mul_epi32(mtest, mtest);
      |                     ^~~~~~~~~~~~~~~~~~~~~~~~~~~
/usr/local/musl/lib/gcc/x86_64-linux-musl/13.2.0/include/smmintrin.h:334:1: error: inlining failed in call to 'always_inline' '_mm_mul_epi32': target specific option mismatch
  334 | _mm_mul_epi32 (__m128i __X, __m128i __Y)
      | ^~~~~~~~~~~~~
conftest.c:34:21: note: called from here
   34 |             mtest = _mm_mul_epi32(mtest, mtest);
      |                     ^~~~~~~~~~~~~~~~~~~~~~~~~~~
configure:15003: $? = 1
configure: failed program was:
| /* confdefs.h */
| #define PACKAGE_NAME "opus"
| #define PACKAGE_TARNAME "opus"
| #define PACKAGE_VERSION "1.5.2"
| #define PACKAGE_STRING "opus 1.5.2"
| #define PACKAGE_BUGREPORT "opus@xiph.org"
| #define PACKAGE_URL ""
| #define HAVE_STDIO_H 1
| #define HAVE_STDLIB_H 1
| #define HAVE_STRING_H 1
| #define HAVE_INTTYPES_H 1
| #define HAVE_STDINT_H 1
| #define HAVE_STRINGS_H 1
| #define HAVE_SYS_STAT_H 1
| #define HAVE_SYS_TYPES_H 1
| #define HAVE_UNISTD_H 1
| #define STDC_HEADERS 1
| #define HAVE_DLFCN_H 1
| #define LT_OBJDIR ".libs/"
| #define OPUS_BUILD /**/
| #define restrict __restrict
| #define VAR_ARRAYS 1
| #define FLOAT_APPROX 1
| /* end confdefs.h.  */
| #include <smmintrin.h>
|            #include <time.h>
| 
| int
| main (void)
| {
| 
|             __m128i mtest;
|             mtest = _mm_set1_epi32((int)time(NULL));
|             mtest = _mm_mul_epi32(mtest, mtest);
|             return _mm_cvtsi128_si32(mtest);
| 
| 
|   ;
|   return 0;
| }
configure:15014: result: no
configure:15016: checking if compiler supports SSE4.1 intrinsics with -msse4.1
configure:15038: x86_64-linux-musl-gcc -o conftest -I/home/lotus/PROJETOS/pcg729/buildroot/include -I/home/lotus/PROJETOS/pcg729/source/libopus/include -fPIC -msse4.1  -L/home/lotus/PROJETOS/pcg729/buildroot/lib conftest.c  >&5
configure:15038: $? = 0
configure:15041: result: yes
configure:15069: checking if compiler supports AVX2 intrinsics
configure:15097: x86_64-linux-musl-gcc -o conftest -I/home/lotus/PROJETOS/pcg729/buildroot/include -I/home/lotus/PROJETOS/pcg729/source/libopus/include -fPIC  -L/home/lotus/PROJETOS/pcg729/buildroot/lib conftest.c  >&5
conftest.c: In function 'main':
conftest.c:40:53: warning: passing argument 1 of '_mm_loadu_si128' from incompatible pointer type [-Wincompatible-pointer-types]
   40 |               _mm256_cvtepi16_epi32(_mm_loadu_si128(utest));
      |                                                     ^~~~~
      |                                                     |
      |                                                     unsigned char *
In file included from /usr/local/musl/lib/gcc/x86_64-linux-musl/13.2.0/include/xmmintrin.h:1322,
                 from /usr/local/musl/lib/gcc/x86_64-linux-musl/13.2.0/include/immintrin.h:31,
                 from conftest.c:25:
/usr/local/musl/lib/gcc/x86_64-linux-musl/13.2.0/include/emmintrin.h:704:35: note: expected 'const __m128i_u *' but argument is of type 'unsigned char *'
  704 | _mm_loadu_si128 (__m128i_u const *__P)
      |                  ~~~~~~~~~~~~~~~~~^~~
conftest.c:36:20: warning: AVX vector return without AVX enabled changes the ABI [-Wpsabi]
   36 |              mtest = _mm256_set1_ps((float)time(NULL));
      |              ~~~~~~^~~~~~~~~~~~~~~~~~~~~~~~~~~~~~~~~~~
In file included from /usr/local/musl/lib/gcc/x86_64-linux-musl/13.2.0/include/immintrin.h:51:
/usr/local/musl/lib/gcc/x86_64-linux-musl/13.2.0/include/avx2intrin.h:913:1: error: inlining failed in call to 'always_inline' '_mm256_xor_si256': target specific option mismatch
  913 | _mm256_xor_si256 (__m256i __A, __m256i __B)
      | ^~~~~~~~~~~~~~~~
In file included from /usr/local/musl/lib/gcc/x86_64-linux-musl/13.2.0/include/immintrin.h:43:
conftest.c:41:42: note: called from here
   41 |              return _mm256_extract_epi16(_mm256_xor_si256(
      |                                          ^
/usr/local/musl/lib/gcc/x86_64-linux-musl/13.2.0/include/avx2intrin.h:913:1: error: inlining failed in call to 'always_inline' '_mm256_xor_si256': target specific option mismatch
  913 | _mm256_xor_si256 (__m256i __A, __m256i __B)
      | ^~~~~~~~~~~~~~~~
conftest.c:41:42: note: called from here
   41 |              return _mm256_extract_epi16(_mm256_xor_si256(
      |                                          ^
/usr/local/musl/lib/gcc/x86_64-linux-musl/13.2.0/include/avxintrin.h:497:1: error: inlining failed in call to 'always_inline' '_mm256_cvttps_epi32': target specific option mismatch
  497 | _mm256_cvttps_epi32 (__m256 __A)
      | ^~~~~~~~~~~~~~~~~~~
conftest.c:41:42: note: called from here
   41 |              return _mm256_extract_epi16(_mm256_xor_si256(
      |                                          ^
/usr/local/musl/lib/gcc/x86_64-linux-musl/13.2.0/include/avx2intrin.h:461:1: error: inlining failed in call to 'always_inline' '_mm256_cvtepi16_epi32': target specific option mismatch
  461 | _mm256_cvtepi16_epi32 (__m128i __X)
      | ^~~~~~~~~~~~~~~~~~~~~
conftest.c:40:15: note: called from here
   40 |               _mm256_cvtepi16_epi32(_mm_loadu_si128(utest));
      |               ^~~~~~~~~~~~~~~~~~~~~~~~~~~~~~~~~~~~~~~~~~~~~
/usr/local/musl/lib/gcc/x86_64-linux-musl/13.2.0/include/avxintrin.h:1537:1: error: inlining failed in call to 'always_inline' '_mm256_set_m128i': target specific option mismatch
 1537 | _mm256_set_m128i (__m128i __H, __m128i __L)
      | ^~~~~~~~~~~~~~~~
conftest.c:38:23: note: called from here
   38 |              mtest1 = _mm256_set_m128i(_mm_loadu_si64(utest), _mm_loadu_si64(utest));
      |                       ^~~~~~~~~~~~~~~~~~~~~~~~~~~~~~~~~~~~~~~~~~~~~~~~~~~~~~~~~~~~~~
In file included from /usr/local/musl/lib/gcc/x86_64-linux-musl/13.2.0/include/immintrin.h:109:
/usr/local/musl/lib/gcc/x86_64-linux-musl/13.2.0/include/fmaintrin.h:63:1: error: inlining failed in call to 'always_inline' '_mm256_fmadd_ps': target specific option mismatch
   63 | _mm256_fmadd_ps (__m256 __A, __m256 __B, __m256 __C)
      | ^~~~~~~~~~~~~~~
conftest.c:37:22: note: called from here
   37 |              mtest = _mm256_fmadd_ps(mtest, mtest, mtest);
      |                      ^~~~~~~~~~~~~~~~~~~~~~~~~~~~~~~~~~~~
/usr/local/musl/lib/gcc/x86_64-linux-musl/13.2.0/include/avxintrin.h:1327:1: error: inlining failed in call to 'always_inline' '_mm256_set1_ps': target specific option mismatch
 1327 | _mm256_set1_ps (float __A)
      | ^~~~~~~~~~~~~~
conftest.c:36:22: note: called from here
   36 |              mtest = _mm256_set1_ps((float)time(NULL));
      |                      ^~~~~~~~~~~~~~~~~~~~~~~~~~~~~~~~~
/usr/local/musl/lib/gcc/x86_64-linux-musl/13.2.0/include/avxintrin.h:1537:1: error: inlining failed in call to 'always_inline' '_mm256_set_m128i': target specific option mismatch
 1537 | _mm256_set_m128i (__m128i __H, __m128i __L)
      | ^~~~~~~~~~~~~~~~
conftest.c:38:23: note: called from here
   38 |              mtest1 = _mm256_set_m128i(_mm_loadu_si64(utest), _mm_loadu_si64(utest));
      |                       ^~~~~~~~~~~~~~~~~~~~~~~~~~~~~~~~~~~~~~~~~~~~~~~~~~~~~~~~~~~~~~
/usr/local/musl/lib/gcc/x86_64-linux-musl/13.2.0/include/avx2intrin.h:913:1: error: inlining failed in call to 'always_inline' '_mm256_xor_si256': target specific option mismatch
  913 | _mm256_xor_si256 (__m256i __A, __m256i __B)
      | ^~~~~~~~~~~~~~~~
conftest.c:41:42: note: called from here
   41 |              return _mm256_extract_epi16(_mm256_xor_si256(
      |                                          ^
/usr/local/musl/lib/gcc/x86_64-linux-musl/13.2.0/include/avx2intrin.h:913:1: error: inlining failed in call to 'always_inline' '_mm256_xor_si256': target specific option mismatch
  913 | _mm256_xor_si256 (__m256i __A, __m256i __B)
      | ^~~~~~~~~~~~~~~~
conftest.c:41:42: note: called from here
   41 |              return _mm256_extract_epi16(_mm256_xor_si256(
      |                                          ^
/usr/local/musl/lib/gcc/x86_64-linux-musl/13.2.0/include/avxintrin.h:497:1: error: inlining failed in call to 'always_inline' '_mm256_cvttps_epi32': target specific option mismatch
  497 | _mm256_cvttps_epi32 (__m256 __A)
      | ^~~~~~~~~~~~~~~~~~~
conftest.c:41:42: note: called from here
   41 |              return _mm256_extract_epi16(_mm256_xor_si256(
      |                                          ^
/usr/local/musl/lib/gcc/x86_64-linux-musl/13.2.0/include/avx2intrin.h:461:1: error: inlining failed in call to 'always_inline' '_mm256_cvtepi16_epi32': target specific option mismatch
  461 | _mm256_cvtepi16_epi32 (__m128i __X)
      | ^~~~~~~~~~~~~~~~~~~~~
conftest.c:40:15: note: called from here
   40 |               _mm256_cvtepi16_epi32(_mm_loadu_si128(utest));
      |               ^~~~~~~~~~~~~~~~~~~~~~~~~~~~~~~~~~~~~~~~~~~~~
configure:15097: $? = 1
configure: failed program was:
| /* confdefs.h */
| #define PACKAGE_NAME "opus"
| #define PACKAGE_TARNAME "opus"
| #define PACKAGE_VERSION "1.5.2"
| #define PACKAGE_STRING "opus 1.5.2"
| #define PACKAGE_BUGREPORT "opus@xiph.org"
| #define PACKAGE_URL ""
| #define HAVE_STDIO_H 1
| #define HAVE_STDLIB_H 1
| #define HAVE_STRING_H 1
| #define HAVE_INTTYPES_H 1
| #define HAVE_STDINT_H 1
| #define HAVE_STRINGS_H 1
| #define HAVE_SYS_STAT_H 1
| #define HAVE_SYS_TYPES_H 1
| #define HAVE_UNISTD_H 1
| #define STDC_HEADERS 1
| #define HAVE_DLFCN_H 1
| #define LT_OBJDIR ".libs/"
| #define OPUS_BUILD /**/
| #define restrict __restrict
| #define VAR_ARRAYS 1
| #define FLOAT_APPROX 1
| /* end confdefs.h.  */
| #include <immintrin.h>
|            #include <time.h>
| 
| int
| main (void)
| {
| 
|              unsigned char utest[16] = {1};
|              __m256 mtest;
|              __m256i mtest1;
|              __m256i mtest2;
|              mtest = _mm256_set1_ps((float)time(NULL));
|              mtest = _mm256_fmadd_ps(mtest, mtest, mtest);
|              mtest1 = _mm256_set_m128i(_mm_loadu_si64(utest), _mm_loadu_si64(utest));
|              mtest2 =
|               _mm256_cvtepi16_epi32(_mm_loadu_si128(utest));
|              return _mm256_extract_epi16(_mm256_xor_si256(
|               _mm256_xor_si256(mtest1, mtest2), _mm256_cvttps_epi32(mtest)), 0);
| 
| 
|   ;
|   return 0;
| }
configure:15108: result: no
configure:15110: checking if compiler supports AVX2 intrinsics with -mavx -mfma -mavx2
configure:15139: x86_64-linux-musl-gcc -o conftest -I/home/lotus/PROJETOS/pcg729/buildroot/include -I/home/lotus/PROJETOS/pcg729/source/libopus/include -fPIC -mavx -mfma -mavx2  -L/home/lotus/PROJETOS/pcg729/buildroot/lib conftest.c  >&5
conftest.c: In function 'main':
conftest.c:40:53: warning: passing argument 1 of '_mm_loadu_si128' from incompatible pointer type [-Wincompatible-pointer-types]
   40 |               _mm256_cvtepi16_epi32(_mm_loadu_si128(utest));
      |                                                     ^~~~~
      |                                                     |
      |                                                     unsigned char *
In file included from /usr/local/musl/lib/gcc/x86_64-linux-musl/13.2.0/include/xmmintrin.h:1322,
                 from /usr/local/musl/lib/gcc/x86_64-linux-musl/13.2.0/include/immintrin.h:31,
                 from conftest.c:25:
/usr/local/musl/lib/gcc/x86_64-linux-musl/13.2.0/include/emmintrin.h:704:35: note: expected 'const __m128i_u *' but argument is of type 'unsigned char *'
  704 | _mm_loadu_si128 (__m128i_u const *__P)
      |                  ~~~~~~~~~~~~~~~~~^~~
configure:15139: $? = 0
configure:15142: result: yes
configure:15287: checking How to get X86 CPU Info
configure:15329: x86_64-linux-musl-gcc -o conftest -I/home/lotus/PROJETOS/pcg729/buildroot/include -I/home/lotus/PROJETOS/pcg729/source/libopus/include -fPIC  -L/home/lotus/PROJETOS/pcg729/buildroot/lib conftest.c  >&5
configure:15329: $? = 0
configure:15332: result: Inline Assembly
configure:15576: checking for doxygen
configure:15609: result: no
configure:15619: checking for dot
configure:15652: result: no
configure:15722: checking argument osce training data
configure:15731: result: no
configure:15812: checking if x86_64-linux-musl-gcc supports -fvisibility=hidden
configure:15818: x86_64-linux-musl-gcc -c -I/home/lotus/PROJETOS/pcg729/buildroot/include -I/home/lotus/PROJETOS/pcg729/source/libopus/include -fPIC -fvisibility=hidden  conftest.c >&5
configure:15818: $? = 0
configure:15820: result: yes
configure:15865: checking if x86_64-linux-musl-gcc supports -fstack-protector-strong
configure:15878: x86_64-linux-musl-gcc -o conftest -I/home/lotus/PROJETOS/pcg729/buildroot/include -I/home/lotus/PROJETOS/pcg729/source/libopus/include -fPIC -fvisibility=hidden -fstack-protector-strong  -L/home/lotus/PROJETOS/pcg729/buildroot/lib conftest.c  >&5
configure:15878: $? = 0
configure:15880: result: yes
configure:15898: checking whether to add -D_FORTIFY_SOURCE=2 to CFLAGS
configure:15914: x86_64-linux-musl-gcc -o conftest -I/home/lotus/PROJETOS/pcg729/buildroot/include -I/home/lotus/PROJETOS/pcg729/source/libopus/include -fPIC -fvisibility=hidden -fstack-protector-strong  -L/home/lotus/PROJETOS/pcg729/buildroot/lib conftest.c  >&5
configure:15914: $? = 0
configure:15917: result: yes
configure:15938: checking if x86_64-linux-musl-gcc supports -Wall -Wextra -Wcast-align -Wnested-externs -Wshadow -Wstrict-prototypes
configure:15944: x86_64-linux-musl-gcc -c -I/home/lotus/PROJETOS/pcg729/buildroot/include -I/home/lotus/PROJETOS/pcg729/source/libopus/include -fPIC -fvisibility=hidden -fstack-protector-strong -D_FORTIFY_SOURCE=2 -W -Wall -Wextra -Wcast-align -Wnested-externs -Wshadow -Wstrict-prototypes  conftest.c >&5
configure:15944: $? = 0
configure:15946: result: yes
configure:15958: checking for lrintf
configure:15958: x86_64-linux-musl-gcc -o conftest -I/home/lotus/PROJETOS/pcg729/buildroot/include -I/home/lotus/PROJETOS/pcg729/source/libopus/include -fPIC -fvisibility=hidden -fstack-protector-strong -D_FORTIFY_SOURCE=2 -W -Wall -Wextra -Wcast-align -Wnested-externs -Wshadow -Wstrict-prototypes  -L/home/lotus/PROJETOS/pcg729/buildroot/lib conftest.c  -lm >&5
conftest.c:51:1: warning: function declaration isn't a prototype [-Wstrict-prototypes]
   51 | char lrintf ();
      | ^~~~
conftest.c:51:6: warning: conflicting types for built-in function 'lrintf'; expected 'long int(float)' [-Wbuiltin-declaration-mismatch]
   51 | char lrintf ();
      |      ^~~~~~
conftest.c:43:1: note: 'lrintf' is declared in header '<math.h>'
   42 | #include <limits.h>
   43 | #undef lrintf
configure:15958: $? = 0
configure:15958: result: yes
configure:15965: checking for lrint
configure:15965: x86_64-linux-musl-gcc -o conftest -I/home/lotus/PROJETOS/pcg729/buildroot/include -I/home/lotus/PROJETOS/pcg729/source/libopus/include -fPIC -fvisibility=hidden -fstack-protector-strong -D_FORTIFY_SOURCE=2 -W -Wall -Wextra -Wcast-align -Wnested-externs -Wshadow -Wstrict-prototypes  -L/home/lotus/PROJETOS/pcg729/buildroot/lib conftest.c  -lm >&5
conftest.c:52:1: warning: function declaration isn't a prototype [-Wstrict-prototypes]
   52 | char lrint ();
      | ^~~~
conftest.c:52:6: warning: conflicting types for built-in function 'lrint'; expected 'long int(double)' [-Wbuiltin-declaration-mismatch]
   52 | char lrint ();
      |      ^~~~~
conftest.c:44:1: note: 'lrint' is declared in header '<math.h>'
   43 | #include <limits.h>
   44 | #undef lrint
configure:15965: $? = 0
configure:15965: result: yes
configure:15974: checking for __malloc_hook
configure:15974: x86_64-linux-musl-gcc -o conftest -I/home/lotus/PROJETOS/pcg729/buildroot/include -I/home/lotus/PROJETOS/pcg729/source/libopus/include -fPIC -fvisibility=hidden -fstack-protector-strong -D_FORTIFY_SOURCE=2 -W -Wall -Wextra -Wcast-align -Wnested-externs -Wshadow -Wstrict-prototypes  -L/home/lotus/PROJETOS/pcg729/buildroot/lib conftest.c  >&5
conftest.c:53:1: warning: function declaration isn't a prototype [-Wstrict-prototypes]
   53 | char __malloc_hook ();
      | ^~~~
/usr/local/musl/bin/../lib/gcc/x86_64-linux-musl/13.2.0/../../../../x86_64-linux-musl/bin/ld: /tmp/ccglPEFo.o: in function `main':
conftest.c:(.text+0xa): undefined reference to `__malloc_hook'
collect2: error: ld returned 1 exit status
configure:15974: $? = 1
configure: failed program was:
| /* confdefs.h */
| #define PACKAGE_NAME "opus"
| #define PACKAGE_TARNAME "opus"
| #define PACKAGE_VERSION "1.5.2"
| #define PACKAGE_STRING "opus 1.5.2"
| #define PACKAGE_BUGREPORT "opus@xiph.org"
| #define PACKAGE_URL ""
| #define HAVE_STDIO_H 1
| #define HAVE_STDLIB_H 1
| #define HAVE_STRING_H 1
| #define HAVE_INTTYPES_H 1
| #define HAVE_STDINT_H 1
| #define HAVE_STRINGS_H 1
| #define HAVE_SYS_STAT_H 1
| #define HAVE_SYS_TYPES_H 1
| #define HAVE_UNISTD_H 1
| #define STDC_HEADERS 1
| #define HAVE_DLFCN_H 1
| #define LT_OBJDIR ".libs/"
| #define OPUS_BUILD /**/
| #define restrict __restrict
| #define VAR_ARRAYS 1
| #define FLOAT_APPROX 1
| #define OPUS_X86_MAY_HAVE_SSE 1
| #define OPUS_X86_PRESUME_SSE 1
| #define OPUS_X86_MAY_HAVE_SSE2 1
| #define OPUS_X86_PRESUME_SSE2 1
| #define OPUS_X86_MAY_HAVE_SSE4_1 1
| #define OPUS_X86_MAY_HAVE_AVX2 1
| #define CPU_INFO_BY_ASM 1
| #define OPUS_HAVE_RTCD 1
| #define ENABLE_HARDENING 1
| #define DISABLE_DEBUG_FLOAT 1
| #define HAVE_LRINTF 1
| #define HAVE_LRINT 1
| /* end confdefs.h.  */
| /* Define __malloc_hook to an innocuous variant, in case <limits.h> declares __malloc_hook.
|    For example, HP-UX 11i <limits.h> declares gettimeofday.  */
| #define __malloc_hook innocuous___malloc_hook
| 
| /* System header to define __stub macros and hopefully few prototypes,
|    which can conflict with char __malloc_hook (); below.  */
| 
| #include <limits.h>
| #undef __malloc_hook
| 
| /* Override any GCC internal prototype to avoid an error.
|    Use char because int might match the return type of a GCC
|    builtin and then its argument prototype would still apply.  */
| #ifdef __cplusplus
| extern "C"
| #endif
| char __malloc_hook ();
| /* The GNU C library defines this for functions which it implements
|     to always fail with ENOSYS.  Some functions are actually named
|     something starting with __ and the normal name is an alias.  */
| #if defined __stub___malloc_hook || defined __stub_____malloc_hook
| choke me
| #endif
| 
| int
| main (void)
| {
| return __malloc_hook ();
|   ;
|   return 0;
| }
configure:15974: result: no
configure:16090: checking that generated files are newer than configure
configure:16096: result: done
configure:16235: creating ./config.status

## ---------------------- ##
## Running config.status. ##
## ---------------------- ##

This file was extended by opus config.status 1.5.2, which was
generated by GNU Autoconf 2.71.  Invocation command line was

  CONFIG_FILES    = 
  CONFIG_HEADERS  = 
  CONFIG_LINKS    = 
  CONFIG_COMMANDS = 
  $ ./config.status 

on lotus-MS-7B89

config.status:1182: creating Makefile
config.status:1182: creating opus.pc
config.status:1182: creating opus-uninstalled.pc
config.status:1182: creating celt/arm/armopts.s
config.status:1182: creating doc/Makefile
config.status:1182: creating doc/Doxyfile
config.status:1182: creating config.h
config.status:1363: config.h is unchanged
config.status:1411: executing depfiles commands
config.status:1488: cd .       && sed -e '/# am--include-marker/d' Makefile         | make -f - am--depfiles
make: Nothing to be done for 'am--depfiles'.
config.status:1493: $? = 0
config.status:1411: executing libtool commands
configure:18390:
------------------------------------------------------------------------
  opus 1.5.2:  Automatic configuration OK.

    Compiler support:

      C99 var arrays: ................ yes
      C99 lrintf: .................... yes
      Use alloca: .................... no (using var arrays)

    General configuration:

      Floating point support: ........ yes
      Fast float approximations: ..... yes
      Fixed point debugging: ......... no
      Inline Assembly Optimizations: . No inline ASM for your platform, please send patches
      External Assembly Optimizations: 
      Intrinsics Optimizations: ...... x86 SSE SSE2 SSE4.1 AVX2
      Run-time CPU detection: ........ x86 SSE4.1 AVX2
      Custom modes: .................. no
      Assertion checking: ............ no
      Hardening: ..................... yes
      Fuzzing: ....................... no
      Check ASM: ..................... no

      API documentation: ............. yes
      Extra programs: ................ yes
------------------------------------------------------------------------

 Type "make; make install" to compile and install
 Type "make check" to run the test suite


## ---------------- ##
## Cache variables. ##
## ---------------- ##

ac_cv_build=x86_64-pc-linux-musl
ac_cv_c_compiler_gnu=yes
ac_cv_c_const=yes
ac_cv_c_inline=inline
ac_cv_c_restrict=__restrict
ac_cv_env_ARM_DOTPROD_INTR_CFLAGS_set=
ac_cv_env_ARM_DOTPROD_INTR_CFLAGS_value=
ac_cv_env_ARM_NEON_INTR_CFLAGS_set=
ac_cv_env_ARM_NEON_INTR_CFLAGS_value=
ac_cv_env_CCASFLAGS_set=
ac_cv_env_CCASFLAGS_value=
ac_cv_env_CCAS_set=
ac_cv_env_CCAS_value=
ac_cv_env_CC_set=set
ac_cv_env_CC_value=x86_64-linux-musl-gcc
ac_cv_env_CFLAGS_set=set
ac_cv_env_CFLAGS_value='-I/home/lotus/PROJETOS/pcg729/buildroot/include -I/home/lotus/PROJETOS/pcg729/source/libopus/include -fPIC'
ac_cv_env_CPPFLAGS_set=
ac_cv_env_CPPFLAGS_value=
ac_cv_env_CPP_set=
ac_cv_env_CPP_value=
ac_cv_env_LDFLAGS_set=set
ac_cv_env_LDFLAGS_value=-L/home/lotus/PROJETOS/pcg729/buildroot/lib
ac_cv_env_LIBS_set=
ac_cv_env_LIBS_value=
ac_cv_env_LT_SYS_LIBRARY_PATH_set=
ac_cv_env_LT_SYS_LIBRARY_PATH_value=
ac_cv_env_X86_AVX2_CFLAGS_set=
ac_cv_env_X86_AVX2_CFLAGS_value=
ac_cv_env_X86_SSE2_CFLAGS_set=
ac_cv_env_X86_SSE2_CFLAGS_value=
ac_cv_env_X86_SSE4_1_CFLAGS_set=
ac_cv_env_X86_SSE4_1_CFLAGS_value=
ac_cv_env_X86_SSE_CFLAGS_set=
ac_cv_env_X86_SSE_CFLAGS_value=
ac_cv_env_build_alias_set=
ac_cv_env_build_alias_value=
ac_cv_env_host_alias_set=
ac_cv_env_host_alias_value=
ac_cv_env_target_alias_set=
ac_cv_env_target_alias_value=
ac_cv_func___malloc_hook=no
ac_cv_func_lrint=yes
ac_cv_func_lrintf=yes
ac_cv_header_dlfcn_h=yes
ac_cv_header_inttypes_h=yes
ac_cv_header_stdint_h=yes
ac_cv_header_stdio_h=yes
ac_cv_header_stdlib_h=yes
ac_cv_header_string_h=yes
ac_cv_header_strings_h=yes
ac_cv_header_sys_stat_h=yes
ac_cv_header_sys_types_h=yes
ac_cv_header_unistd_h=yes
ac_cv_host=x86_64-pc-linux-musl
ac_cv_lib_m_cos=yes
ac_cv_objext=o
ac_cv_path_EGREP='/usr/bin/grep -E'
ac_cv_path_FGREP='/usr/bin/grep -F'
ac_cv_path_GREP=/usr/bin/grep
ac_cv_path_SED=/usr/bin/sed
ac_cv_path_install='/usr/bin/install -c'
ac_cv_path_lt_DD=/usr/bin/dd
ac_cv_path_mkdir=/usr/bin/mkdir
ac_cv_prog_AWK=mawk
ac_cv_prog_CPP='x86_64-linux-musl-gcc -E'
ac_cv_prog_HAVE_DOT=no
ac_cv_prog_HAVE_DOXYGEN=no
ac_cv_prog_ac_ct_CC=x86_64-linux-musl-gcc
ac_cv_prog_ac_ct_FILECMD=file
ac_cv_prog_ac_ct_MANIFEST_TOOL=mt
ac_cv_prog_ac_ct_OBJDUMP=objdump
ac_cv_prog_ac_ct_RANLIB=ranlib
ac_cv_prog_ac_ct_STRIP=strip
ac_cv_prog_cc_c11=
ac_cv_prog_cc_g=yes
ac_cv_prog_cc_stdc=
ac_cv_prog_make_make_set=yes
am_cv_CCAS_dependencies_compiler_type=gcc3
am_cv_CC_dependencies_compiler_type=gcc3
am_cv_make_support_nested_variables=yes
am_cv_prog_cc_c_o=yes
lt_cv_ar_at_file=@
lt_cv_deplibs_check_method=pass_all
lt_cv_file_magic_cmd='$MAGIC_CMD'
lt_cv_file_magic_test_file=
lt_cv_ld_reload_flag=-r
lt_cv_nm_interface='BSD nm'
lt_cv_objdir=.libs
lt_cv_path_LD=ld.gold
lt_cv_path_NM='/usr/local/musl/x86_64-linux-musl/bin/nm -B'
lt_cv_path_mainfest_tool=no
lt_cv_prog_compiler_c_o=yes
lt_cv_prog_compiler_pic='-fPIC -DPIC'
lt_cv_prog_compiler_pic_works=yes
lt_cv_prog_compiler_rtti_exceptions=no
lt_cv_prog_compiler_static_works=yes
lt_cv_prog_gnu_ld=yes
lt_cv_sharedlib_from_linklib_cmd='printf %s\n'
lt_cv_shlibpath_overrides_runpath=no
lt_cv_sys_global_symbol_pipe='/usr/bin/sed -n -e '\''s/^.*[	 ]\([ABCDGIRSTW][ABCDGIRSTW]*\)[	 ][	 ]*\([_A-Za-z][_A-Za-z0-9]*\)$/\1 \2 \2/p'\'' | /usr/bin/sed '\''/ __gnu_lto/d'\'''
lt_cv_sys_global_symbol_to_c_name_address='/usr/bin/sed -n -e '\''s/^: \(.*\) .*$/  {"\1", (void *) 0},/p'\'' -e '\''s/^[ABCDGIRSTW][ABCDGIRSTW]* .* \(.*\)$/  {"\1", (void *) \&\1},/p'\'''
lt_cv_sys_global_symbol_to_c_name_address_lib_prefix='/usr/bin/sed -n -e '\''s/^: \(.*\) .*$/  {"\1", (void *) 0},/p'\'' -e '\''s/^[ABCDGIRSTW][ABCDGIRSTW]* .* \(lib.*\)$/  {"\1", (void *) \&\1},/p'\'' -e '\''s/^[ABCDGIRSTW][ABCDGIRSTW]* .* \(.*\)$/  {"lib\1", (void *) \&\1},/p'\'''
lt_cv_sys_global_symbol_to_cdecl='/usr/bin/sed -n -e '\''s/^T .* \(.*\)$/extern int \1();/p'\'' -e '\''s/^[ABCDGIRSTW][ABCDGIRSTW]* .* \(.*\)$/extern char \1;/p'\'''
lt_cv_sys_global_symbol_to_import=
lt_cv_sys_max_cmd_len=1572864
lt_cv_to_host_file_cmd=func_convert_file_noop
lt_cv_to_tool_file_cmd=func_convert_file_noop
lt_cv_truncate_bin='/usr/bin/dd bs=4096 count=1'

## ----------------- ##
## Output variables. ##
## ----------------- ##

ACLOCAL='${SHELL} '\''/home/lotus/PROJETOS/pcg729/source/libopus/missing'\'' aclocal-1.16'
AMDEPBACKSLASH='\'
AMDEP_FALSE='#'
AMDEP_TRUE=''
AMTAR='$${TAR-tar}'
AM_BACKSLASH='\'
AM_DEFAULT_V='$(AM_DEFAULT_VERBOSITY)'
AM_DEFAULT_VERBOSITY='0'
AM_V='$(V)'
AR='x86_64-linux-musl-ar'
ARM2GNU_PARAMS=''
ARM_DOTPROD_INTR_CFLAGS='-march=armv8.2-a+dotprod'
ARM_NEON_INTR_CFLAGS='-mfpu=neon'
AUTOCONF='${SHELL} '\''/home/lotus/PROJETOS/pcg729/source/libopus/missing'\'' autoconf'
AUTOHEADER='${SHELL} '\''/home/lotus/PROJETOS/pcg729/source/libopus/missing'\'' autoheader'
AUTOMAKE='${SHELL} '\''/home/lotus/PROJETOS/pcg729/source/libopus/missing'\'' automake-1.16'
AWK='mawk'
CC='x86_64-linux-musl-gcc'
CCAS='x86_64-linux-musl-gcc'
CCASDEPMODE='depmode=gcc3'
CCASFLAGS='-I/home/lotus/PROJETOS/pcg729/buildroot/include -I/home/lotus/PROJETOS/pcg729/source/libopus/include -fPIC'
CCDEPMODE='depmode=gcc3'
CFLAGS='-I/home/lotus/PROJETOS/pcg729/buildroot/include -I/home/lotus/PROJETOS/pcg729/source/libopus/include -fPIC -fvisibility=hidden -fstack-protector-strong -D_FORTIFY_SOURCE=2 -W -Wall -Wextra -Wcast-align -Wnested-externs -Wshadow -Wstrict-prototypes'
CPP='x86_64-linux-musl-gcc -E'
CPPFLAGS=''
CPU_ARM_FALSE=''
CPU_ARM_TRUE='#'
CPU_X86_FALSE='#'
CPU_X86_TRUE=''
CSCOPE='cscope'
CTAGS='ctags'
CUSTOM_MODES_FALSE=''
CUSTOM_MODES_TRUE='#'
CYGPATH_W='echo'
DEFS='-DHAVE_CONFIG_H'
DEPDIR='.deps'
DISABLE_FLOAT_API_FALSE=''
DISABLE_FLOAT_API_TRUE='#'
DLLTOOL='false'
DSYMUTIL=''
DUMPBIN=''
ECHO_C=''
ECHO_N='-n'
ECHO_T=''
EGREP='/usr/bin/grep -E'
ENABLE_DEEP_PLC_FALSE=''
ENABLE_DEEP_PLC_TRUE='#'
ENABLE_DRED_FALSE=''
ENABLE_DRED_TRUE='#'
ENABLE_LOSSGEN_FALSE=''
ENABLE_LOSSGEN_TRUE='#'
ENABLE_OSCE_FALSE=''
ENABLE_OSCE_TRUE='#'
ETAGS='etags'
EXEEXT=''
EXTRA_PROGRAMS_FALSE='#'
EXTRA_PROGRAMS_TRUE=''
FGREP='/usr/bin/grep -F'
FILECMD='file'
FIXED_POINT_FALSE=''
FIXED_POINT_TRUE='#'
GREP='/usr/bin/grep'
HAVE_ARM_DOTPROD_FALSE=''
HAVE_ARM_DOTPROD_TRUE='#'
HAVE_ARM_NE10=''
HAVE_ARM_NE10_FALSE=''
HAVE_ARM_NE10_TRUE='#'
HAVE_ARM_NEON_INTR_FALSE=''
HAVE_ARM_NEON_INTR_TRUE='#'
HAVE_AVX2_FALSE='#'
HAVE_AVX2_TRUE=''
HAVE_DOT='no'
HAVE_DOXYGEN='no'
HAVE_DOXYGEN_FALSE=''
HAVE_DOXYGEN_TRUE='#'
HAVE_PERL=''
HAVE_RTCD_FALSE='#'
HAVE_RTCD_TRUE=''
HAVE_SSE2_FALSE='#'
HAVE_SSE2_TRUE=''
HAVE_SSE4_1_FALSE='#'
HAVE_SSE4_1_TRUE=''
HAVE_SSE_FALSE='#'
HAVE_SSE_TRUE=''
INSTALL_DATA='${INSTALL} -m 644'
INSTALL_PROGRAM='${INSTALL}'
INSTALL_SCRIPT='${INSTALL}'
INSTALL_STRIP_PROGRAM='$(install_sh) -c -s'
LD='ld.gold -m elf_x86_64'
LDFLAGS='-L/home/lotus/PROJETOS/pcg729/buildroot/lib'
LIBM='-lm'
LIBOBJS=''
LIBS=''
LIBTOOL='$(SHELL) $(top_builddir)/libtool'
LIPO=''
LN_S='ln -s'
LTLIBOBJS=''
LT_SYS_LIBRARY_PATH=''
MAINT=''
MAINTAINER_MODE_FALSE='#'
MAINTAINER_MODE_TRUE=''
MAKEINFO='${SHELL} '\''/home/lotus/PROJETOS/pcg729/source/libopus/missing'\'' makeinfo'
MANIFEST_TOOL=':'
MKDIR_P='/usr/bin/mkdir -p'
NE10_CFLAGS=''
NE10_LIBS=''
NM='/usr/local/musl/x86_64-linux-musl/bin/nm -B'
NMEDIT=''
OBJDUMP='objdump'
OBJEXT='o'
OPUS_ARM_DOTPROD_INTR_CFLAGS=''
OPUS_ARM_EXTERNAL_ASM_FALSE=''
OPUS_ARM_EXTERNAL_ASM_TRUE='#'
OPUS_ARM_INLINE_ASM_FALSE=''
OPUS_ARM_INLINE_ASM_TRUE='#'
OPUS_ARM_MAY_HAVE_DOTPROD=''
OPUS_ARM_MAY_HAVE_EDSP=''
OPUS_ARM_MAY_HAVE_MEDIA=''
OPUS_ARM_MAY_HAVE_NEON=''
OPUS_ARM_NEON_INTR_CFLAGS=''
OPUS_HAVE_RTCD='1'
OPUS_LT_AGE='10'
OPUS_LT_CURRENT='10'
OPUS_LT_REVISION='1'
OPUS_X86_AVX2_CFLAGS='-mavx -mfma -mavx2'
OPUS_X86_SSE2_CFLAGS=''
OPUS_X86_SSE4_1_CFLAGS='-msse4.1'
OPUS_X86_SSE_CFLAGS=''
OTOOL64=''
OTOOL=''
PACKAGE='opus'
PACKAGE_BUGREPORT='opus@xiph.org'
PACKAGE_NAME='opus'
PACKAGE_STRING='opus 1.5.2'
PACKAGE_TARNAME='opus'
PACKAGE_URL=''
PACKAGE_VERSION='1.5.2'
PATH_SEPARATOR=':'
PC_BUILD='floating-point'
RANLIB='ranlib'
SED='/usr/bin/sed'
SET_MAKE=''
SHELL='/bin/bash'
STRIP='strip'
VERSION='1.5.2'
X86_AVX2_CFLAGS='-mavx -mfma -mavx2'
X86_SSE2_CFLAGS='-msse2'
X86_SSE4_1_CFLAGS='-msse4.1'
X86_SSE_CFLAGS='-msse'
ac_ct_AR=''
ac_ct_CC='x86_64-linux-musl-gcc'
ac_ct_DUMPBIN=''
am__EXEEXT_FALSE=''
am__EXEEXT_TRUE='#'
am__fastdepCCAS_FALSE='#'
am__fastdepCCAS_TRUE=''
am__fastdepCC_FALSE='#'
am__fastdepCC_TRUE=''
am__include='include'
am__isrc=''
am__leading_dot='.'
am__nodep='_no'
am__quote=''
am__tar='$${TAR-tar} chof - "$$tardir"'
am__untar='$${TAR-tar} xf -'
bindir='${exec_prefix}/bin'
build='x86_64-pc-linux-musl'
build_alias=''
build_cpu='x86_64'
build_os='linux-musl'
build_vendor='pc'
datadir='${datarootdir}'
datarootdir='${prefix}/share'
docdir='${datarootdir}/doc/${PACKAGE_TARNAME}'
dvidir='${docdir}'
exec_prefix='${prefix}'
host='x86_64-pc-linux-musl'
host_alias=''
host_cpu='x86_64'
host_os='linux-musl'
host_vendor='pc'
htmldir='${docdir}'
includedir='${prefix}/include'
infodir='${datarootdir}/info'
install_sh='${SHELL} /home/lotus/PROJETOS/pcg729/source/libopus/install-sh'
libdir='${exec_prefix}/lib'
libexecdir='${exec_prefix}/libexec'
localedir='${datarootdir}/locale'
localstatedir='${prefix}/var'
mandir='${datarootdir}/man'
mkdir_p='$(MKDIR_P)'
oldincludedir='/usr/include'
pdfdir='${docdir}'
prefix=''
program_transform_name='s,x,x,'
psdir='${docdir}'
runstatedir='${localstatedir}/run'
sbindir='${exec_prefix}/sbin'
sharedstatedir='${prefix}/com'
sysconfdir='${prefix}/etc'
target_alias=''

## ----------- ##
## confdefs.h. ##
## ----------- ##

/* confdefs.h */
#define PACKAGE_NAME "opus"
#define PACKAGE_TARNAME "opus"
#define PACKAGE_VERSION "1.5.2"
#define PACKAGE_STRING "opus 1.5.2"
#define PACKAGE_BUGREPORT "opus@xiph.org"
#define PACKAGE_URL ""
#define HAVE_STDIO_H 1
#define HAVE_STDLIB_H 1
#define HAVE_STRING_H 1
#define HAVE_INTTYPES_H 1
#define HAVE_STDINT_H 1
#define HAVE_STRINGS_H 1
#define HAVE_SYS_STAT_H 1
#define HAVE_SYS_TYPES_H 1
#define HAVE_UNISTD_H 1
#define STDC_HEADERS 1
#define HAVE_DLFCN_H 1
#define LT_OBJDIR ".libs/"
#define OPUS_BUILD /**/
#define restrict __restrict
#define VAR_ARRAYS 1
#define FLOAT_APPROX 1
#define OPUS_X86_MAY_HAVE_SSE 1
#define OPUS_X86_PRESUME_SSE 1
#define OPUS_X86_MAY_HAVE_SSE2 1
#define OPUS_X86_PRESUME_SSE2 1
#define OPUS_X86_MAY_HAVE_SSE4_1 1
#define OPUS_X86_MAY_HAVE_AVX2 1
#define CPU_INFO_BY_ASM 1
#define OPUS_HAVE_RTCD 1
#define ENABLE_HARDENING 1
#define DISABLE_DEBUG_FLOAT 1
#define HAVE_LRINTF 1
#define HAVE_LRINT 1

configure: exit 0
